[ 2017-01-18T04:17:27+08:00 ] 127.0.0.1 /
INFO: [ app_init ] --START--
INFO: Run Behavior\BuildLiteBehavior [ RunTime:0.000021s ]
INFO: [ app_init ] --END-- [ RunTime:0.016809s ]
INFO: [ app_begin ] --START--
INFO: Run Behavior\ReadHtmlCacheBehavior [ RunTime:0.005227s ]
INFO: [ app_begin ] --END-- [ RunTime:0.005332s ]
SQL: SHOW COLUMNS FROM `e2_goods` [ RunTime:0.0752s ]
SQL: SELECT `id`,`goods_name`,`goods_thumb`,`shop_price` FROM `e2_goods` WHERE ( is_new=1 and
            is_sale=1 and is_delete=0 ) ORDER BY id desc LIMIT 3   [ RunTime:0.0181s ]
SQL: SELECT `id`,`goods_name`,`goods_thumb`,`shop_price` FROM `e2_goods` WHERE ( is_hot=1 and
            is_sale=1 and is_delete=0 ) ORDER BY id desc LIMIT 3   [ RunTime:0.0005s ]
SQL: SELECT `id`,`goods_name`,`goods_thumb`,`shop_price` FROM `e2_goods` WHERE ( is_best=1 and
            is_sale=1 and is_delete=0 ) ORDER BY id desc LIMIT 3   [ RunTime:0.0005s ]
SQL: SHOW COLUMNS FROM `e2_category` [ RunTime:0.0730s ]
SQL: SELECT * FROM `e2_category`  [ RunTime:0.0010s ]
INFO: [ view_parse ] --START--
INFO: [ template_filter ] --START--
INFO: Run Behavior\ContentReplaceBehavior [ RunTime:0.000409s ]
INFO: [ template_filter ] --END-- [ RunTime:0.000532s ]
INFO: Run Behavior\ParseTemplateBehavior [ RunTime:0.099583s ]
INFO: [ view_parse ] --END-- [ RunTime:0.099686s ]
INFO: [ view_filter ] --START--
INFO: Run Behavior\WriteHtmlCacheBehavior [ RunTime:0.017423s ]
INFO: [ view_filter ] --END-- [ RunTime:0.017509s ]
INFO: [ app_end ] --START--
INFO: Run Behavior\ShowPageTraceBehavior [ RunTime:0.005767s ]
INFO: [ app_end ] --END-- [ RunTime:0.005867s ]

[ 2017-01-18T04:17:32+08:00 ] 127.0.0.1 /Home-Index-detail-id-13.html
INFO: [ app_init ] --START--
INFO: Run Behavior\BuildLiteBehavior [ RunTime:0.000032s ]
INFO: [ app_init ] --END-- [ RunTime:0.000436s ]
INFO: [ app_begin ] --START--
INFO: Run Behavior\ReadHtmlCacheBehavior [ RunTime:0.000603s ]
INFO: [ app_begin ] --END-- [ RunTime:0.000696s ]
SQL: SHOW COLUMNS FROM `e2_goods` [ RunTime:0.0029s ]
SQL: SELECT `id`,`goods_name`,`goods_img`,`goods_sn`,`shop_price`,`add_time`,`goods_ori` FROM `e2_goods` WHERE `id` = 13 LIMIT 1   [ RunTime:0.0151s ]
SQL: SHOW COLUMNS FROM `e2_goods_attr` [ RunTime:0.0420s ]
SQL: SELECT a.*,b.attr_name,b.attr_type FROM `e2_goods_attr` a left join e2_attribute b on
        a.goods_attr_id=b.id  WHERE ( a.goods_id=13 )  [ RunTime:0.0408s ]
INFO: [ view_parse ] --START--
INFO: [ template_filter ] --START--
INFO: Run Behavior\ContentReplaceBehavior [ RunTime:0.000264s ]
INFO: [ template_filter ] --END-- [ RunTime:0.000352s ]
NOTIC: [8] Undefined variable: catedata C:\Program Files\Git-2.11.0-64-bit\e2\App\Runtime\Cache\Home\56563fb70bfd45c5e738bfc14042f337.php 第 175 行.
NOTIC: [2] Invalid argument supplied for foreach() C:\Program Files\Git-2.11.0-64-bit\e2\App\Runtime\Cache\Home\56563fb70bfd45c5e738bfc14042f337.php 第 175 行.
NOTIC: [8] Undefined variable: uniquedata C:\Program Files\Git-2.11.0-64-bit\e2\App\Runtime\Cache\Home\56563fb70bfd45c5e738bfc14042f337.php 第 551 行.
NOTIC: [2] Invalid argument supplied for foreach() C:\Program Files\Git-2.11.0-64-bit\e2\App\Runtime\Cache\Home\56563fb70bfd45c5e738bfc14042f337.php 第 551 行.
INFO: Run Behavior\ParseTemplateBehavior [ RunTime:0.022041s ]
INFO: [ view_parse ] --END-- [ RunTime:0.022114s ]
INFO: [ view_filter ] --START--
INFO: Run Behavior\WriteHtmlCacheBehavior [ RunTime:0.000405s ]
INFO: [ view_filter ] --END-- [ RunTime:0.000480s ]
INFO: [ app_end ] --START--
INFO: Run Behavior\ShowPageTraceBehavior [ RunTime:0.000847s ]
INFO: [ app_end ] --END-- [ RunTime:0.000942s ]

[ 2017-01-18T04:17:35+08:00 ] 127.0.0.1 /Home-Cart-addCart.html
INFO: [ app_init ] --START--
INFO: Run Behavior\BuildLiteBehavior [ RunTime:0.000021s ]
INFO: [ app_init ] --END-- [ RunTime:0.000460s ]
INFO: [ app_begin ] --START--
INFO: Run Behavior\ReadHtmlCacheBehavior [ RunTime:0.000695s ]
INFO: [ app_begin ] --END-- [ RunTime:0.000796s ]
INFO: [ app_end ] --START--
INFO: Run Behavior\ShowPageTraceBehavior [ RunTime:0.000689s ]
INFO: [ app_end ] --END-- [ RunTime:0.000784s ]

[ 2017-01-18T04:19:06+08:00 ] 127.0.0.1 /Home-Cart-addCart.html
INFO: [ app_init ] --START--
INFO: Run Behavior\BuildLiteBehavior [ RunTime:0.000019s ]
INFO: [ app_init ] --END-- [ RunTime:0.000401s ]
INFO: [ app_begin ] --START--
INFO: Run Behavior\ReadHtmlCacheBehavior [ RunTime:0.000589s ]
INFO: [ app_begin ] --END-- [ RunTime:0.000680s ]

[ 2017-01-18T04:21:36+08:00 ] 127.0.0.1 /Home-Cart-addCart.html
INFO: [ app_init ] --START--
INFO: Run Behavior\BuildLiteBehavior [ RunTime:0.000023s ]
INFO: [ app_init ] --END-- [ RunTime:0.000519s ]
INFO: [ app_begin ] --START--
INFO: Run Behavior\ReadHtmlCacheBehavior [ RunTime:0.000720s ]
INFO: [ app_begin ] --END-- [ RunTime:0.000823s ]

[ 2017-01-18T18:05:12+08:00 ] 127.0.0.1 /
INFO: [ app_init ] --START--
INFO: Run Behavior\BuildLiteBehavior [ RunTime:0.000023s ]
INFO: [ app_init ] --END-- [ RunTime:0.007684s ]
INFO: [ app_begin ] --START--
INFO: Run Behavior\ReadHtmlCacheBehavior [ RunTime:0.009463s ]
INFO: [ app_begin ] --END-- [ RunTime:0.009571s ]
SQL: SHOW COLUMNS FROM `e2_goods` [ RunTime:0.0651s ]
SQL: SELECT `id`,`goods_name`,`goods_thumb`,`shop_price` FROM `e2_goods` WHERE ( is_new=1 and
            is_sale=1 and is_delete=0 ) ORDER BY id desc LIMIT 3   [ RunTime:0.0105s ]
SQL: SELECT `id`,`goods_name`,`goods_thumb`,`shop_price` FROM `e2_goods` WHERE ( is_hot=1 and
            is_sale=1 and is_delete=0 ) ORDER BY id desc LIMIT 3   [ RunTime:0.0005s ]
SQL: SELECT `id`,`goods_name`,`goods_thumb`,`shop_price` FROM `e2_goods` WHERE ( is_best=1 and
            is_sale=1 and is_delete=0 ) ORDER BY id desc LIMIT 3   [ RunTime:0.0005s ]
SQL: SHOW COLUMNS FROM `e2_category` [ RunTime:0.0479s ]
SQL: SELECT * FROM `e2_category`  [ RunTime:0.0012s ]
INFO: [ view_parse ] --START--
INFO: [ template_filter ] --START--
INFO: Run Behavior\ContentReplaceBehavior [ RunTime:0.000260s ]
INFO: [ template_filter ] --END-- [ RunTime:0.000371s ]
INFO: Run Behavior\ParseTemplateBehavior [ RunTime:0.108205s ]
INFO: [ view_parse ] --END-- [ RunTime:0.108314s ]
INFO: [ view_filter ] --START--
INFO: Run Behavior\WriteHtmlCacheBehavior [ RunTime:0.017194s ]
INFO: [ view_filter ] --END-- [ RunTime:0.017285s ]
INFO: [ app_end ] --START--
INFO: Run Behavior\ShowPageTraceBehavior [ RunTime:0.036160s ]
INFO: [ app_end ] --END-- [ RunTime:0.036296s ]

[ 2017-01-18T18:05:18+08:00 ] 127.0.0.1 /
INFO: [ app_init ] --START--
INFO: Run Behavior\BuildLiteBehavior [ RunTime:0.000023s ]
INFO: [ app_init ] --END-- [ RunTime:0.000458s ]
INFO: [ app_begin ] --START--
INFO: Run Behavior\ReadHtmlCacheBehavior [ RunTime:0.000683s ]
INFO: [ app_begin ] --END-- [ RunTime:0.000803s ]
SQL: SHOW COLUMNS FROM `e2_goods` [ RunTime:0.0029s ]
SQL: SELECT `id`,`goods_name`,`goods_thumb`,`shop_price` FROM `e2_goods` WHERE ( is_new=1 and
            is_sale=1 and is_delete=0 ) ORDER BY id desc LIMIT 3   [ RunTime:0.0005s ]
SQL: SELECT `id`,`goods_name`,`goods_thumb`,`shop_price` FROM `e2_goods` WHERE ( is_hot=1 and
            is_sale=1 and is_delete=0 ) ORDER BY id desc LIMIT 3   [ RunTime:0.0005s ]
SQL: SELECT `id`,`goods_name`,`goods_thumb`,`shop_price` FROM `e2_goods` WHERE ( is_best=1 and
            is_sale=1 and is_delete=0 ) ORDER BY id desc LIMIT 3   [ RunTime:0.0005s ]
SQL: SHOW COLUMNS FROM `e2_category` [ RunTime:0.0026s ]
SQL: SELECT * FROM `e2_category`  [ RunTime:0.0004s ]
INFO: [ view_parse ] --START--
INFO: [ template_filter ] --START--
INFO: Run Behavior\ContentReplaceBehavior [ RunTime:0.000218s ]
INFO: [ template_filter ] --END-- [ RunTime:0.000313s ]
INFO: Run Behavior\ParseTemplateBehavior [ RunTime:0.024967s ]
INFO: [ view_parse ] --END-- [ RunTime:0.025077s ]
INFO: [ view_filter ] --START--
INFO: Run Behavior\WriteHtmlCacheBehavior [ RunTime:0.000353s ]
INFO: [ view_filter ] --END-- [ RunTime:0.000423s ]
INFO: [ app_end ] --START--
INFO: Run Behavior\ShowPageTraceBehavior [ RunTime:0.000826s ]
INFO: [ app_end ] --END-- [ RunTime:0.000996s ]

[ 2017-01-18T18:05:22+08:00 ] 127.0.0.1 /Home-Index-detail-id-12.html
INFO: [ app_init ] --START--
INFO: Run Behavior\BuildLiteBehavior [ RunTime:0.000023s ]
INFO: [ app_init ] --END-- [ RunTime:0.000479s ]
INFO: [ app_begin ] --START--
INFO: Run Behavior\ReadHtmlCacheBehavior [ RunTime:0.000653s ]
INFO: [ app_begin ] --END-- [ RunTime:0.000756s ]
SQL: SHOW COLUMNS FROM `e2_goods` [ RunTime:0.0028s ]
SQL: SELECT `id`,`goods_name`,`goods_img`,`goods_sn`,`shop_price`,`add_time`,`goods_ori` FROM `e2_goods` WHERE `id` = 12 LIMIT 1   [ RunTime:0.1121s ]
SQL: SHOW COLUMNS FROM `e2_goods_attr` [ RunTime:0.0336s ]
SQL: SELECT a.*,b.attr_name,b.attr_type FROM `e2_goods_attr` a left join e2_attribute b on
        a.goods_attr_id=b.id  WHERE ( a.goods_id=12 )  [ RunTime:0.0322s ]
INFO: [ view_parse ] --START--
INFO: [ template_filter ] --START--
INFO: Run Behavior\ContentReplaceBehavior [ RunTime:0.000264s ]
INFO: [ template_filter ] --END-- [ RunTime:0.000354s ]
NOTIC: [8] Undefined variable: catedata C:\Program Files\Git-2.11.0-64-bit\e2\App\Runtime\Cache\Home\56563fb70bfd45c5e738bfc14042f337.php 第 175 行.
NOTIC: [2] Invalid argument supplied for foreach() C:\Program Files\Git-2.11.0-64-bit\e2\App\Runtime\Cache\Home\56563fb70bfd45c5e738bfc14042f337.php 第 175 行.
NOTIC: [8] Undefined variable: uniquedata C:\Program Files\Git-2.11.0-64-bit\e2\App\Runtime\Cache\Home\56563fb70bfd45c5e738bfc14042f337.php 第 551 行.
NOTIC: [2] Invalid argument supplied for foreach() C:\Program Files\Git-2.11.0-64-bit\e2\App\Runtime\Cache\Home\56563fb70bfd45c5e738bfc14042f337.php 第 551 行.
INFO: Run Behavior\ParseTemplateBehavior [ RunTime:0.028367s ]
INFO: [ view_parse ] --END-- [ RunTime:0.028455s ]
INFO: [ view_filter ] --START--
INFO: Run Behavior\WriteHtmlCacheBehavior [ RunTime:0.000370s ]
INFO: [ view_filter ] --END-- [ RunTime:0.000440s ]
INFO: [ app_end ] --START--
INFO: Run Behavior\ShowPageTraceBehavior [ RunTime:0.000728s ]
INFO: [ app_end ] --END-- [ RunTime:0.000817s ]

[ 2017-01-18T18:05:25+08:00 ] 127.0.0.1 /Home-Cart-addCart.html
INFO: [ app_init ] --START--
INFO: Run Behavior\BuildLiteBehavior [ RunTime:0.000020s ]
INFO: [ app_init ] --END-- [ RunTime:0.000443s ]
INFO: [ app_begin ] --START--
INFO: Run Behavior\ReadHtmlCacheBehavior [ RunTime:0.000682s ]
INFO: [ app_begin ] --END-- [ RunTime:0.000779s ]
SQL: SHOW COLUMNS FROM `e2_cart` [ RunTime:0.0141s ]
NOTIC: [8] Undefined variable: goods_id C:\Program Files\Git-2.11.0-64-bit\e2\App\Home\Controller\CartController.class.php 第 22 行.
INFO: [ view_parse ] --START--
INFO: [ template_filter ] --START--
INFO: Run Behavior\ContentReplaceBehavior [ RunTime:0.000051s ]
INFO: [ template_filter ] --END-- [ RunTime:0.000130s ]
INFO: Run Behavior\ParseTemplateBehavior [ RunTime:0.014689s ]
INFO: [ view_parse ] --END-- [ RunTime:0.014789s ]
INFO: [ view_filter ] --START--
INFO: Run Behavior\WriteHtmlCacheBehavior [ RunTime:0.000408s ]
INFO: [ view_filter ] --END-- [ RunTime:0.000478s ]
INFO: [ app_end ] --START--
INFO: Run Behavior\ShowPageTraceBehavior [ RunTime:0.000802s ]
INFO: [ app_end ] --END-- [ RunTime:0.000885s ]

[ 2017-01-18T18:05:26+08:00 ] 127.0.0.1 /Home-Cart-cartList.html
INFO: [ app_init ] --START--
INFO: Run Behavior\BuildLiteBehavior [ RunTime:0.000020s ]
INFO: [ app_init ] --END-- [ RunTime:0.000461s ]
INFO: [ app_begin ] --START--
INFO: Run Behavior\ReadHtmlCacheBehavior [ RunTime:0.000586s ]
INFO: [ app_begin ] --END-- [ RunTime:0.000675s ]
INFO: [ app_end ] --START--
INFO: Run Behavior\ShowPageTraceBehavior [ RunTime:0.000644s ]
INFO: [ app_end ] --END-- [ RunTime:0.000744s ]

[ 2017-01-18T20:48:03+08:00 ] 127.0.0.1 /
INFO: [ app_init ] --START--
INFO: Run Behavior\BuildLiteBehavior [ RunTime:0.000021s ]
INFO: [ app_init ] --END-- [ RunTime:0.000502s ]
INFO: [ app_begin ] --START--
INFO: Run Behavior\ReadHtmlCacheBehavior [ RunTime:0.000741s ]
INFO: [ app_begin ] --END-- [ RunTime:0.000842s ]
SQL: SHOW COLUMNS FROM `e2_goods` [ RunTime:0.0035s ]
SQL: SELECT `id`,`goods_name`,`goods_thumb`,`shop_price` FROM `e2_goods` WHERE ( is_new=1 and
            is_sale=1 and is_delete=0 ) ORDER BY id desc LIMIT 3   [ RunTime:0.0005s ]
SQL: SELECT `id`,`goods_name`,`goods_thumb`,`shop_price` FROM `e2_goods` WHERE ( is_hot=1 and
            is_sale=1 and is_delete=0 ) ORDER BY id desc LIMIT 3   [ RunTime:0.0005s ]
SQL: SELECT `id`,`goods_name`,`goods_thumb`,`shop_price` FROM `e2_goods` WHERE ( is_best=1 and
            is_sale=1 and is_delete=0 ) ORDER BY id desc LIMIT 3   [ RunTime:0.0005s ]
SQL: SHOW COLUMNS FROM `e2_category` [ RunTime:0.0026s ]
SQL: SELECT * FROM `e2_category`  [ RunTime:0.0004s ]
INFO: [ view_parse ] --START--
INFO: [ template_filter ] --START--
INFO: Run Behavior\ContentReplaceBehavior [ RunTime:0.000236s ]
INFO: [ template_filter ] --END-- [ RunTime:0.000351s ]
INFO: Run Behavior\ParseTemplateBehavior [ RunTime:0.025943s ]
INFO: [ view_parse ] --END-- [ RunTime:0.026040s ]
INFO: [ view_filter ] --START--
INFO: Run Behavior\WriteHtmlCacheBehavior [ RunTime:0.000433s ]
INFO: [ view_filter ] --END-- [ RunTime:0.000509s ]
INFO: [ app_end ] --START--
INFO: Run Behavior\ShowPageTraceBehavior [ RunTime:0.000843s ]
INFO: [ app_end ] --END-- [ RunTime:0.000946s ]

[ 2017-01-18T20:48:05+08:00 ] 127.0.0.1 /Home-Index-detail-id-12.html
INFO: [ app_init ] --START--
INFO: Run Behavior\BuildLiteBehavior [ RunTime:0.000018s ]
INFO: [ app_init ] --END-- [ RunTime:0.000402s ]
INFO: [ app_begin ] --START--
INFO: Run Behavior\ReadHtmlCacheBehavior [ RunTime:0.000601s ]
INFO: [ app_begin ] --END-- [ RunTime:0.000690s ]
SQL: SHOW COLUMNS FROM `e2_goods` [ RunTime:0.0030s ]
SQL: SELECT `id`,`goods_name`,`goods_img`,`goods_sn`,`shop_price`,`add_time`,`goods_ori` FROM `e2_goods` WHERE `id` = 12 LIMIT 1   [ RunTime:0.0004s ]
SQL: SHOW COLUMNS FROM `e2_goods_attr` [ RunTime:0.0027s ]
SQL: SELECT a.*,b.attr_name,b.attr_type FROM `e2_goods_attr` a left join e2_attribute b on
        a.goods_attr_id=b.id  WHERE ( a.goods_id=12 )  [ RunTime:0.0005s ]
INFO: [ view_parse ] --START--
INFO: [ template_filter ] --START--
INFO: Run Behavior\ContentReplaceBehavior [ RunTime:0.000272s ]
INFO: [ template_filter ] --END-- [ RunTime:0.000381s ]
NOTIC: [8] Undefined variable: catedata C:\Program Files\Git-2.11.0-64-bit\e2\App\Runtime\Cache\Home\56563fb70bfd45c5e738bfc14042f337.php 第 175 行.
NOTIC: [2] Invalid argument supplied for foreach() C:\Program Files\Git-2.11.0-64-bit\e2\App\Runtime\Cache\Home\56563fb70bfd45c5e738bfc14042f337.php 第 175 行.
NOTIC: [8] Undefined variable: uniquedata C:\Program Files\Git-2.11.0-64-bit\e2\App\Runtime\Cache\Home\56563fb70bfd45c5e738bfc14042f337.php 第 551 行.
NOTIC: [2] Invalid argument supplied for foreach() C:\Program Files\Git-2.11.0-64-bit\e2\App\Runtime\Cache\Home\56563fb70bfd45c5e738bfc14042f337.php 第 551 行.
INFO: Run Behavior\ParseTemplateBehavior [ RunTime:0.022380s ]
INFO: [ view_parse ] --END-- [ RunTime:0.022477s ]
INFO: [ view_filter ] --START--
INFO: Run Behavior\WriteHtmlCacheBehavior [ RunTime:0.000347s ]
INFO: [ view_filter ] --END-- [ RunTime:0.000421s ]
INFO: [ app_end ] --START--
INFO: Run Behavior\ShowPageTraceBehavior [ RunTime:0.000756s ]
INFO: [ app_end ] --END-- [ RunTime:0.000923s ]

[ 2017-01-18T20:48:10+08:00 ] 127.0.0.1 /Home-Cart-addCart.html
INFO: [ app_init ] --START--
INFO: Run Behavior\BuildLiteBehavior [ RunTime:0.000019s ]
INFO: [ app_init ] --END-- [ RunTime:0.000428s ]
INFO: [ app_begin ] --START--
INFO: Run Behavior\ReadHtmlCacheBehavior [ RunTime:0.000583s ]
INFO: [ app_begin ] --END-- [ RunTime:0.000791s ]

[ 2017-01-18T20:49:36+08:00 ] 127.0.0.1 /Home-Cart-addCart.html
INFO: [ app_init ] --START--
INFO: Run Behavior\BuildLiteBehavior [ RunTime:0.000019s ]
INFO: [ app_init ] --END-- [ RunTime:0.000484s ]
INFO: [ app_begin ] --START--
INFO: Run Behavior\ReadHtmlCacheBehavior [ RunTime:0.000690s ]
INFO: [ app_begin ] --END-- [ RunTime:0.000783s ]

[ 2017-01-18T20:50:00+08:00 ] 127.0.0.1 /Home-Cart-addCart.html
INFO: [ app_init ] --START--
INFO: Run Behavior\BuildLiteBehavior [ RunTime:0.000021s ]
INFO: [ app_init ] --END-- [ RunTime:0.000434s ]
INFO: [ app_begin ] --START--
INFO: Run Behavior\ReadHtmlCacheBehavior [ RunTime:0.000608s ]
INFO: [ app_begin ] --END-- [ RunTime:0.000706s ]

[ 2017-01-18T20:50:46+08:00 ] 127.0.0.1 /Home-Cart-addCart.html
INFO: [ app_init ] --START--
INFO: Run Behavior\BuildLiteBehavior [ RunTime:0.000019s ]
INFO: [ app_init ] --END-- [ RunTime:0.000473s ]
INFO: [ app_begin ] --START--
INFO: Run Behavior\ReadHtmlCacheBehavior [ RunTime:0.000762s ]
INFO: [ app_begin ] --END-- [ RunTime:0.000863s ]
SQL: SHOW COLUMNS FROM `e2_cart` [ RunTime:0.0042s ]
NOTIC: [8] Undefined variable: goods_id C:\Program Files\Git-2.11.0-64-bit\e2\App\Home\Controller\CartController.class.php 第 22 行.
INFO: [ view_parse ] --START--
INFO: [ template_filter ] --START--
INFO: Run Behavior\ContentReplaceBehavior [ RunTime:0.000057s ]
INFO: [ template_filter ] --END-- [ RunTime:0.000148s ]
INFO: Run Behavior\ParseTemplateBehavior [ RunTime:0.007615s ]
INFO: [ view_parse ] --END-- [ RunTime:0.007721s ]
INFO: [ view_filter ] --START--
INFO: Run Behavior\WriteHtmlCacheBehavior [ RunTime:0.000463s ]
INFO: [ view_filter ] --END-- [ RunTime:0.000714s ]
INFO: [ app_end ] --START--
INFO: Run Behavior\ShowPageTraceBehavior [ RunTime:0.000801s ]
INFO: [ app_end ] --END-- [ RunTime:0.000896s ]

[ 2017-01-18T20:50:47+08:00 ] 127.0.0.1 /Home-Cart-cartList.html
INFO: [ app_init ] --START--
INFO: Run Behavior\BuildLiteBehavior [ RunTime:0.000018s ]
INFO: [ app_init ] --END-- [ RunTime:0.000389s ]
INFO: [ app_begin ] --START--
INFO: Run Behavior\ReadHtmlCacheBehavior [ RunTime:0.000639s ]
INFO: [ app_begin ] --END-- [ RunTime:0.000729s ]
ERR: 非法操作:cartList

