[ 2017-01-10T00:18:46+08:00 ] 127.0.0.1 /
INFO: [ app_init ] --START--
INFO: Run Behavior\BuildLiteBehavior [ RunTime:0.000022s ]
INFO: [ app_init ] --END-- [ RunTime:0.038725s ]
INFO: [ app_begin ] --START--
INFO: Run Behavior\ReadHtmlCacheBehavior [ RunTime:0.034600s ]
INFO: [ app_begin ] --END-- [ RunTime:0.034706s ]
INFO: [ view_parse ] --START--
INFO: [ template_filter ] --START--
INFO: Run Behavior\ContentReplaceBehavior [ RunTime:0.000274s ]
INFO: [ template_filter ] --END-- [ RunTime:0.000361s ]
INFO: Run Behavior\ParseTemplateBehavior [ RunTime:0.336439s ]
INFO: [ view_parse ] --END-- [ RunTime:0.336565s ]
INFO: [ view_filter ] --START--
INFO: Run Behavior\WriteHtmlCacheBehavior [ RunTime:0.039541s ]
INFO: [ view_filter ] --END-- [ RunTime:0.039629s ]
INFO: [ app_end ] --START--
INFO: Run Behavior\ShowPageTraceBehavior [ RunTime:0.064241s ]
INFO: [ app_end ] --END-- [ RunTime:0.064342s ]

[ 2017-01-10T01:07:43+08:00 ] 127.0.0.1 /
INFO: [ app_init ] --START--
INFO: Run Behavior\BuildLiteBehavior [ RunTime:0.000022s ]
INFO: [ app_init ] --END-- [ RunTime:0.001184s ]
INFO: [ app_begin ] --START--
INFO: Run Behavior\ReadHtmlCacheBehavior [ RunTime:0.001395s ]
INFO: [ app_begin ] --END-- [ RunTime:0.001502s ]
SQL: SHOW COLUMNS FROM `e2_goods` [ RunTime:0.0880s ]
SQL: SELECT `id`,`goods_name`,`goods_thumb`,`shop_price` FROM `e2_goods` WHERE ( is_new=1 and
            is_sale=1 and is_delete=0 ) ORDER BY id desc LIMIT 3   [ RunTime:0.0182s ]
SQL: SELECT `id`,`goods_name`,`goods_thumb`,`shop_price` FROM `e2_goods` WHERE ( is_hot=1 and
            is_sale=1 and is_delete=0 ) ORDER BY id desc LIMIT 3   [ RunTime:0.0005s ]
SQL: SELECT `id`,`goods_name`,`goods_thumb`,`shop_price` FROM `e2_goods` WHERE ( is_best=1 and
            is_sale=1 and is_delete=0 ) ORDER BY id desc LIMIT 3   [ RunTime:0.0006s ]
INFO: [ view_parse ] --START--
INFO: [ template_filter ] --START--
INFO: Run Behavior\ContentReplaceBehavior [ RunTime:0.000263s ]
INFO: [ template_filter ] --END-- [ RunTime:0.000350s ]
INFO: Run Behavior\ParseTemplateBehavior [ RunTime:0.087681s ]
INFO: [ view_parse ] --END-- [ RunTime:0.087784s ]
INFO: [ view_filter ] --START--
INFO: Run Behavior\WriteHtmlCacheBehavior [ RunTime:0.001009s ]
INFO: [ view_filter ] --END-- [ RunTime:0.001099s ]
INFO: [ app_end ] --START--
INFO: Run Behavior\ShowPageTraceBehavior [ RunTime:0.001681s ]
INFO: [ app_end ] --END-- [ RunTime:0.001777s ]

[ 2017-01-10T01:07:51+08:00 ] 127.0.0.1 /
INFO: [ app_init ] --START--
INFO: Run Behavior\BuildLiteBehavior [ RunTime:0.000019s ]
INFO: [ app_init ] --END-- [ RunTime:0.000470s ]
INFO: [ app_begin ] --START--
INFO: Run Behavior\ReadHtmlCacheBehavior [ RunTime:0.000699s ]
INFO: [ app_begin ] --END-- [ RunTime:0.000790s ]
SQL: SHOW COLUMNS FROM `e2_goods` [ RunTime:0.0031s ]
SQL: SELECT `id`,`goods_name`,`goods_thumb`,`shop_price` FROM `e2_goods` WHERE ( is_new=1 and
            is_sale=1 and is_delete=0 ) ORDER BY id desc LIMIT 3   [ RunTime:0.0005s ]
SQL: SELECT `id`,`goods_name`,`goods_thumb`,`shop_price` FROM `e2_goods` WHERE ( is_hot=1 and
            is_sale=1 and is_delete=0 ) ORDER BY id desc LIMIT 3   [ RunTime:0.0005s ]
SQL: SELECT `id`,`goods_name`,`goods_thumb`,`shop_price` FROM `e2_goods` WHERE ( is_best=1 and
            is_sale=1 and is_delete=0 ) ORDER BY id desc LIMIT 3   [ RunTime:0.0005s ]
INFO: [ view_parse ] --START--
INFO: [ template_filter ] --START--
INFO: Run Behavior\ContentReplaceBehavior [ RunTime:0.000261s ]
INFO: [ template_filter ] --END-- [ RunTime:0.000349s ]
INFO: Run Behavior\ParseTemplateBehavior [ RunTime:0.024582s ]
INFO: [ view_parse ] --END-- [ RunTime:0.024676s ]
INFO: [ view_filter ] --START--
INFO: Run Behavior\WriteHtmlCacheBehavior [ RunTime:0.000426s ]
INFO: [ view_filter ] --END-- [ RunTime:0.000500s ]
INFO: [ app_end ] --START--
INFO: Run Behavior\ShowPageTraceBehavior [ RunTime:0.001077s ]
INFO: [ app_end ] --END-- [ RunTime:0.001193s ]

[ 2017-01-10T01:10:56+08:00 ] 127.0.0.1 /
INFO: [ app_init ] --START--
INFO: Run Behavior\BuildLiteBehavior [ RunTime:0.000021s ]
INFO: [ app_init ] --END-- [ RunTime:0.001070s ]
INFO: [ app_begin ] --START--
INFO: Run Behavior\ReadHtmlCacheBehavior [ RunTime:0.001289s ]
INFO: [ app_begin ] --END-- [ RunTime:0.001390s ]
SQL: SHOW COLUMNS FROM `e2_goods` [ RunTime:0.0029s ]
SQL: SELECT `id`,`goods_name`,`goods_thumb`,`shop_price` FROM `e2_goods` WHERE ( is_new=1 and
            is_sale=1 and is_delete=0 ) ORDER BY id desc LIMIT 3   [ RunTime:0.0005s ]
SQL: SELECT `id`,`goods_name`,`goods_thumb`,`shop_price` FROM `e2_goods` WHERE ( is_hot=1 and
            is_sale=1 and is_delete=0 ) ORDER BY id desc LIMIT 3   [ RunTime:0.0005s ]
SQL: SELECT `id`,`goods_name`,`goods_thumb`,`shop_price` FROM `e2_goods` WHERE ( is_best=1 and
            is_sale=1 and is_delete=0 ) ORDER BY id desc LIMIT 3   [ RunTime:0.0005s ]
INFO: [ view_parse ] --START--
INFO: [ template_filter ] --START--
INFO: Run Behavior\ContentReplaceBehavior [ RunTime:0.000414s ]
INFO: [ template_filter ] --END-- [ RunTime:0.000664s ]
INFO: Run Behavior\ParseTemplateBehavior [ RunTime:0.068704s ]
INFO: [ view_parse ] --END-- [ RunTime:0.068830s ]
INFO: [ view_filter ] --START--
INFO: Run Behavior\WriteHtmlCacheBehavior [ RunTime:0.001279s ]
INFO: [ view_filter ] --END-- [ RunTime:0.001374s ]
INFO: [ app_end ] --START--
INFO: Run Behavior\ShowPageTraceBehavior [ RunTime:0.001648s ]
INFO: [ app_end ] --END-- [ RunTime:0.001778s ]

[ 2017-01-10T01:10:59+08:00 ] 127.0.0.1 /Home-Index-detail-id-11.html
INFO: [ app_init ] --START--
INFO: Run Behavior\BuildLiteBehavior [ RunTime:0.000021s ]
INFO: [ app_init ] --END-- [ RunTime:0.000793s ]
INFO: [ app_begin ] --START--
INFO: Run Behavior\ReadHtmlCacheBehavior [ RunTime:0.000956s ]
INFO: [ app_begin ] --END-- [ RunTime:0.001054s ]
INFO: [ view_parse ] --START--
INFO: [ template_filter ] --START--
INFO: Run Behavior\ContentReplaceBehavior [ RunTime:0.000289s ]
INFO: [ template_filter ] --END-- [ RunTime:0.000377s ]
INFO: Run Behavior\ParseTemplateBehavior [ RunTime:0.047459s ]
INFO: [ view_parse ] --END-- [ RunTime:0.047566s ]
INFO: [ view_filter ] --START--
INFO: Run Behavior\WriteHtmlCacheBehavior [ RunTime:0.000648s ]
INFO: [ view_filter ] --END-- [ RunTime:0.000731s ]
INFO: [ app_end ] --START--
INFO: Run Behavior\ShowPageTraceBehavior [ RunTime:0.001033s ]
INFO: [ app_end ] --END-- [ RunTime:0.001127s ]

[ 2017-01-10T01:11:09+08:00 ] 127.0.0.1 /Home-Index-detail-id-12.html
INFO: [ app_init ] --START--
INFO: Run Behavior\BuildLiteBehavior [ RunTime:0.000021s ]
INFO: [ app_init ] --END-- [ RunTime:0.000468s ]
INFO: [ app_begin ] --START--
INFO: Run Behavior\ReadHtmlCacheBehavior [ RunTime:0.000763s ]
INFO: [ app_begin ] --END-- [ RunTime:0.000870s ]
INFO: [ view_parse ] --START--
INFO: [ template_filter ] --START--
INFO: Run Behavior\ContentReplaceBehavior [ RunTime:0.000283s ]
INFO: [ template_filter ] --END-- [ RunTime:0.000373s ]
INFO: Run Behavior\ParseTemplateBehavior [ RunTime:0.023490s ]
INFO: [ view_parse ] --END-- [ RunTime:0.023596s ]
INFO: [ view_filter ] --START--
INFO: Run Behavior\WriteHtmlCacheBehavior [ RunTime:0.000458s ]
INFO: [ view_filter ] --END-- [ RunTime:0.000548s ]
INFO: [ app_end ] --START--
INFO: Run Behavior\ShowPageTraceBehavior [ RunTime:0.000844s ]
INFO: [ app_end ] --END-- [ RunTime:0.000939s ]

[ 2017-01-10T01:13:17+08:00 ] 127.0.0.1 /
INFO: [ app_init ] --START--
INFO: Run Behavior\BuildLiteBehavior [ RunTime:0.000022s ]
INFO: [ app_init ] --END-- [ RunTime:0.001215s ]
INFO: [ app_begin ] --START--
INFO: Run Behavior\ReadHtmlCacheBehavior [ RunTime:0.001261s ]
INFO: [ app_begin ] --END-- [ RunTime:0.001359s ]
SQL: SHOW COLUMNS FROM `e2_goods` [ RunTime:0.0032s ]
SQL: SELECT `id`,`goods_name`,`goods_thumb`,`shop_price` FROM `e2_goods` WHERE ( is_new=1 and
            is_sale=1 and is_delete=0 ) ORDER BY id desc LIMIT 3   [ RunTime:0.0005s ]
SQL: SELECT `id`,`goods_name`,`goods_thumb`,`shop_price` FROM `e2_goods` WHERE ( is_hot=1 and
            is_sale=1 and is_delete=0 ) ORDER BY id desc LIMIT 3   [ RunTime:0.0004s ]
SQL: SELECT `id`,`goods_name`,`goods_thumb`,`shop_price` FROM `e2_goods` WHERE ( is_best=1 and
            is_sale=1 and is_delete=0 ) ORDER BY id desc LIMIT 3   [ RunTime:0.0004s ]
INFO: [ view_parse ] --START--
INFO: [ template_filter ] --START--
INFO: Run Behavior\ContentReplaceBehavior [ RunTime:0.000265s ]
INFO: [ template_filter ] --END-- [ RunTime:0.000360s ]
INFO: Run Behavior\ParseTemplateBehavior [ RunTime:0.073238s ]
INFO: [ view_parse ] --END-- [ RunTime:0.073340s ]
INFO: [ view_filter ] --START--
INFO: Run Behavior\WriteHtmlCacheBehavior [ RunTime:0.000875s ]
INFO: [ view_filter ] --END-- [ RunTime:0.000969s ]
INFO: [ app_end ] --START--
INFO: Run Behavior\ShowPageTraceBehavior [ RunTime:0.001794s ]
INFO: [ app_end ] --END-- [ RunTime:0.001931s ]

[ 2017-01-10T01:13:21+08:00 ] 127.0.0.1 /
INFO: [ app_init ] --START--
INFO: Run Behavior\BuildLiteBehavior [ RunTime:0.000022s ]
INFO: [ app_init ] --END-- [ RunTime:0.000792s ]
INFO: [ app_begin ] --START--
INFO: Run Behavior\ReadHtmlCacheBehavior [ RunTime:0.001005s ]
INFO: [ app_begin ] --END-- [ RunTime:0.001102s ]
SQL: SHOW COLUMNS FROM `e2_goods` [ RunTime:0.0031s ]
SQL: SELECT `id`,`goods_name`,`goods_thumb`,`shop_price` FROM `e2_goods` WHERE ( is_new=1 and
            is_sale=1 and is_delete=0 ) ORDER BY id desc LIMIT 3   [ RunTime:0.0005s ]
SQL: SELECT `id`,`goods_name`,`goods_thumb`,`shop_price` FROM `e2_goods` WHERE ( is_hot=1 and
            is_sale=1 and is_delete=0 ) ORDER BY id desc LIMIT 3   [ RunTime:0.0006s ]
SQL: SELECT `id`,`goods_name`,`goods_thumb`,`shop_price` FROM `e2_goods` WHERE ( is_best=1 and
            is_sale=1 and is_delete=0 ) ORDER BY id desc LIMIT 3   [ RunTime:0.0005s ]
INFO: [ view_parse ] --START--
INFO: [ template_filter ] --START--
INFO: Run Behavior\ContentReplaceBehavior [ RunTime:0.000268s ]
INFO: [ template_filter ] --END-- [ RunTime:0.000360s ]
INFO: Run Behavior\ParseTemplateBehavior [ RunTime:0.027149s ]
INFO: [ view_parse ] --END-- [ RunTime:0.027255s ]
INFO: [ view_filter ] --START--
INFO: Run Behavior\WriteHtmlCacheBehavior [ RunTime:0.000753s ]
INFO: [ view_filter ] --END-- [ RunTime:0.000847s ]
INFO: [ app_end ] --START--
INFO: Run Behavior\ShowPageTraceBehavior [ RunTime:0.001071s ]
INFO: [ app_end ] --END-- [ RunTime:0.001255s ]

[ 2017-01-10T01:13:27+08:00 ] 127.0.0.1 /Home-Index-detail-id-11.html
INFO: [ app_init ] --START--
INFO: Run Behavior\BuildLiteBehavior [ RunTime:0.000023s ]
INFO: [ app_init ] --END-- [ RunTime:0.000900s ]
INFO: [ app_begin ] --START--
INFO: Run Behavior\ReadHtmlCacheBehavior [ RunTime:0.001323s ]
INFO: [ app_begin ] --END-- [ RunTime:0.001436s ]
INFO: [ view_parse ] --START--
INFO: [ template_filter ] --START--
INFO: Run Behavior\ContentReplaceBehavior [ RunTime:0.000281s ]
INFO: [ template_filter ] --END-- [ RunTime:0.000381s ]
INFO: Run Behavior\ParseTemplateBehavior [ RunTime:0.047837s ]
INFO: [ view_parse ] --END-- [ RunTime:0.047959s ]
INFO: [ view_filter ] --START--
INFO: Run Behavior\WriteHtmlCacheBehavior [ RunTime:0.000855s ]
INFO: [ view_filter ] --END-- [ RunTime:0.000949s ]
INFO: [ app_end ] --START--
INFO: Run Behavior\ShowPageTraceBehavior [ RunTime:0.001299s ]
INFO: [ app_end ] --END-- [ RunTime:0.001517s ]

[ 2017-01-10T01:14:02+08:00 ] 127.0.0.1 /
INFO: [ app_init ] --START--
INFO: Run Behavior\BuildLiteBehavior [ RunTime:0.000023s ]
INFO: [ app_init ] --END-- [ RunTime:0.000981s ]
INFO: [ app_begin ] --START--
INFO: Run Behavior\ReadHtmlCacheBehavior [ RunTime:0.001136s ]
INFO: [ app_begin ] --END-- [ RunTime:0.001234s ]
SQL: SHOW COLUMNS FROM `e2_goods` [ RunTime:0.0029s ]
SQL: SELECT `id`,`goods_name`,`goods_thumb`,`shop_price` FROM `e2_goods` WHERE ( is_new=1 and
            is_sale=1 and is_delete=0 ) ORDER BY id desc LIMIT 3   [ RunTime:0.0005s ]
SQL: SELECT `id`,`goods_name`,`goods_thumb`,`shop_price` FROM `e2_goods` WHERE ( is_hot=1 and
            is_sale=1 and is_delete=0 ) ORDER BY id desc LIMIT 3   [ RunTime:0.0005s ]
SQL: SELECT `id`,`goods_name`,`goods_thumb`,`shop_price` FROM `e2_goods` WHERE ( is_best=1 and
            is_sale=1 and is_delete=0 ) ORDER BY id desc LIMIT 3   [ RunTime:0.0005s ]
INFO: [ view_parse ] --START--
INFO: [ template_filter ] --START--
INFO: Run Behavior\ContentReplaceBehavior [ RunTime:0.000276s ]
INFO: [ template_filter ] --END-- [ RunTime:0.000372s ]
INFO: Run Behavior\ParseTemplateBehavior [ RunTime:0.063667s ]
INFO: [ view_parse ] --END-- [ RunTime:0.063782s ]
INFO: [ view_filter ] --START--
INFO: Run Behavior\WriteHtmlCacheBehavior [ RunTime:0.000873s ]
INFO: [ view_filter ] --END-- [ RunTime:0.000959s ]
INFO: [ app_end ] --START--
INFO: Run Behavior\ShowPageTraceBehavior [ RunTime:0.001221s ]
INFO: [ app_end ] --END-- [ RunTime:0.001322s ]

[ 2017-01-10T01:16:23+08:00 ] 127.0.0.1 /
INFO: [ app_init ] --START--
INFO: Run Behavior\BuildLiteBehavior [ RunTime:0.000022s ]
INFO: [ app_init ] --END-- [ RunTime:0.001058s ]
INFO: [ app_begin ] --START--
INFO: Run Behavior\ReadHtmlCacheBehavior [ RunTime:0.001133s ]
INFO: [ app_begin ] --END-- [ RunTime:0.001231s ]
SQL: SHOW COLUMNS FROM `e2_goods` [ RunTime:0.0031s ]
SQL: SELECT `id`,`goods_name`,`goods_thumb`,`shop_price` FROM `e2_goods` WHERE ( is_new=1 and
            is_sale=1 and is_delete=0 ) ORDER BY id desc LIMIT 3   [ RunTime:0.0005s ]
SQL: SELECT `id`,`goods_name`,`goods_thumb`,`shop_price` FROM `e2_goods` WHERE ( is_hot=1 and
            is_sale=1 and is_delete=0 ) ORDER BY id desc LIMIT 3   [ RunTime:0.0005s ]
SQL: SELECT `id`,`goods_name`,`goods_thumb`,`shop_price` FROM `e2_goods` WHERE ( is_best=1 and
            is_sale=1 and is_delete=0 ) ORDER BY id desc LIMIT 3   [ RunTime:0.0006s ]
INFO: [ view_parse ] --START--
INFO: [ template_filter ] --START--
INFO: Run Behavior\ContentReplaceBehavior [ RunTime:0.000313s ]
INFO: [ template_filter ] --END-- [ RunTime:0.000482s ]
INFO: Run Behavior\ParseTemplateBehavior [ RunTime:0.058674s ]
INFO: [ view_parse ] --END-- [ RunTime:0.058779s ]
INFO: [ view_filter ] --START--
INFO: Run Behavior\WriteHtmlCacheBehavior [ RunTime:0.000876s ]
INFO: [ view_filter ] --END-- [ RunTime:0.000966s ]
INFO: [ app_end ] --START--
INFO: Run Behavior\ShowPageTraceBehavior [ RunTime:0.001163s ]
INFO: [ app_end ] --END-- [ RunTime:0.001271s ]

[ 2017-01-10T01:21:12+08:00 ] 127.0.0.1 /
INFO: [ app_init ] --START--
INFO: Run Behavior\BuildLiteBehavior [ RunTime:0.000022s ]
INFO: [ app_init ] --END-- [ RunTime:0.001069s ]
INFO: [ app_begin ] --START--
INFO: Run Behavior\ReadHtmlCacheBehavior [ RunTime:0.001250s ]
INFO: [ app_begin ] --END-- [ RunTime:0.001349s ]
SQL: SHOW COLUMNS FROM `e2_goods` [ RunTime:0.0032s ]
SQL: SELECT `id`,`goods_name`,`goods_thumb`,`shop_price` FROM `e2_goods` WHERE ( is_new=1 and
            is_sale=1 and is_delete=0 ) ORDER BY id desc LIMIT 3   [ RunTime:0.0005s ]
SQL: SELECT `id`,`goods_name`,`goods_thumb`,`shop_price` FROM `e2_goods` WHERE ( is_hot=1 and
            is_sale=1 and is_delete=0 ) ORDER BY id desc LIMIT 3   [ RunTime:0.0005s ]
SQL: SELECT `id`,`goods_name`,`goods_thumb`,`shop_price` FROM `e2_goods` WHERE ( is_best=1 and
            is_sale=1 and is_delete=0 ) ORDER BY id desc LIMIT 3   [ RunTime:0.0006s ]
SQL: SHOW COLUMNS FROM `e2_category` [ RunTime:0.0544s ]
SQL: SELECT * FROM `e2_category`  [ RunTime:0.0004s ]
INFO: [ view_parse ] --START--
INFO: [ template_filter ] --START--
INFO: Run Behavior\ContentReplaceBehavior [ RunTime:0.000267s ]
INFO: [ template_filter ] --END-- [ RunTime:0.000359s ]
INFO: Run Behavior\ParseTemplateBehavior [ RunTime:0.098555s ]
INFO: [ view_parse ] --END-- [ RunTime:0.098652s ]
INFO: [ view_filter ] --START--
INFO: Run Behavior\WriteHtmlCacheBehavior [ RunTime:0.000989s ]
INFO: [ view_filter ] --END-- [ RunTime:0.001095s ]
INFO: [ app_end ] --START--
INFO: Run Behavior\ShowPageTraceBehavior [ RunTime:0.001249s ]
INFO: [ app_end ] --END-- [ RunTime:0.001343s ]

[ 2017-01-10T01:31:23+08:00 ] 127.0.0.1 /
INFO: [ app_init ] --START--
INFO: Run Behavior\BuildLiteBehavior [ RunTime:0.000021s ]
INFO: [ app_init ] --END-- [ RunTime:0.001174s ]
INFO: [ app_begin ] --START--
INFO: Run Behavior\ReadHtmlCacheBehavior [ RunTime:0.001381s ]
INFO: [ app_begin ] --END-- [ RunTime:0.001485s ]
SQL: SHOW COLUMNS FROM `e2_goods` [ RunTime:0.0029s ]
SQL: SELECT `id`,`goods_name`,`goods_thumb`,`shop_price` FROM `e2_goods` WHERE ( is_new=1 and
            is_sale=1 and is_delete=0 ) ORDER BY id desc LIMIT 3   [ RunTime:0.0006s ]
SQL: SELECT `id`,`goods_name`,`goods_thumb`,`shop_price` FROM `e2_goods` WHERE ( is_hot=1 and
            is_sale=1 and is_delete=0 ) ORDER BY id desc LIMIT 3   [ RunTime:0.0005s ]
SQL: SELECT `id`,`goods_name`,`goods_thumb`,`shop_price` FROM `e2_goods` WHERE ( is_best=1 and
            is_sale=1 and is_delete=0 ) ORDER BY id desc LIMIT 3   [ RunTime:0.0005s ]
SQL: SHOW COLUMNS FROM `e2_category` [ RunTime:0.0025s ]
SQL: SELECT * FROM `e2_category`  [ RunTime:0.0004s ]
INFO: [ view_parse ] --START--
INFO: [ template_filter ] --START--
INFO: Run Behavior\ContentReplaceBehavior [ RunTime:0.000273s ]
INFO: [ template_filter ] --END-- [ RunTime:0.000374s ]
INFO: Run Behavior\ParseTemplateBehavior [ RunTime:0.086442s ]
INFO: [ view_parse ] --END-- [ RunTime:0.086551s ]
INFO: [ view_filter ] --START--
INFO: Run Behavior\WriteHtmlCacheBehavior [ RunTime:0.000992s ]
INFO: [ view_filter ] --END-- [ RunTime:0.001082s ]
INFO: [ app_end ] --START--
INFO: Run Behavior\ShowPageTraceBehavior [ RunTime:0.001263s ]
INFO: [ app_end ] --END-- [ RunTime:0.001360s ]

[ 2017-01-10T01:57:13+08:00 ] 127.0.0.1 /
INFO: [ app_init ] --START--
INFO: Run Behavior\BuildLiteBehavior [ RunTime:0.000022s ]
INFO: [ app_init ] --END-- [ RunTime:0.000865s ]
INFO: [ app_begin ] --START--
INFO: Run Behavior\ReadHtmlCacheBehavior [ RunTime:0.001163s ]
INFO: [ app_begin ] --END-- [ RunTime:0.001267s ]
SQL: SHOW COLUMNS FROM `e2_goods` [ RunTime:0.0030s ]
SQL: SELECT `id`,`goods_name`,`goods_thumb`,`shop_price` FROM `e2_goods` WHERE ( is_new=1 and
            is_sale=1 and is_delete=0 ) ORDER BY id desc LIMIT 3   [ RunTime:0.0006s ]
SQL: SELECT `id`,`goods_name`,`goods_thumb`,`shop_price` FROM `e2_goods` WHERE ( is_hot=1 and
            is_sale=1 and is_delete=0 ) ORDER BY id desc LIMIT 3   [ RunTime:0.0005s ]
SQL: SELECT `id`,`goods_name`,`goods_thumb`,`shop_price` FROM `e2_goods` WHERE ( is_best=1 and
            is_sale=1 and is_delete=0 ) ORDER BY id desc LIMIT 3   [ RunTime:0.0005s ]
SQL: SHOW COLUMNS FROM `e2_category` [ RunTime:0.0032s ]
SQL: SELECT * FROM `e2_category`  [ RunTime:0.0004s ]
INFO: [ view_parse ] --START--
INFO: [ template_filter ] --START--
INFO: Run Behavior\ContentReplaceBehavior [ RunTime:0.000279s ]
INFO: [ template_filter ] --END-- [ RunTime:0.000371s ]
INFO: Run Behavior\ParseTemplateBehavior [ RunTime:0.094581s ]
INFO: [ view_parse ] --END-- [ RunTime:0.094703s ]
INFO: [ view_filter ] --START--
INFO: Run Behavior\WriteHtmlCacheBehavior [ RunTime:0.001123s ]
INFO: [ view_filter ] --END-- [ RunTime:0.001218s ]
INFO: [ app_end ] --START--
INFO: Run Behavior\ShowPageTraceBehavior [ RunTime:0.001368s ]
INFO: [ app_end ] --END-- [ RunTime:0.001472s ]

[ 2017-01-10T02:03:43+08:00 ] 127.0.0.1 /
INFO: [ app_init ] --START--
INFO: Run Behavior\BuildLiteBehavior [ RunTime:0.000022s ]
INFO: [ app_init ] --END-- [ RunTime:0.001066s ]
INFO: [ app_begin ] --START--
INFO: Run Behavior\ReadHtmlCacheBehavior [ RunTime:0.001261s ]
INFO: [ app_begin ] --END-- [ RunTime:0.001362s ]
SQL: SHOW COLUMNS FROM `e2_goods` [ RunTime:0.0027s ]
SQL: SELECT `id`,`goods_name`,`goods_thumb`,`shop_price` FROM `e2_goods` WHERE ( is_new=1 and
            is_sale=1 and is_delete=0 ) ORDER BY id desc LIMIT 3   [ RunTime:0.0007s ]
SQL: SELECT `id`,`goods_name`,`goods_thumb`,`shop_price` FROM `e2_goods` WHERE ( is_hot=1 and
            is_sale=1 and is_delete=0 ) ORDER BY id desc LIMIT 3   [ RunTime:0.0005s ]
SQL: SELECT `id`,`goods_name`,`goods_thumb`,`shop_price` FROM `e2_goods` WHERE ( is_best=1 and
            is_sale=1 and is_delete=0 ) ORDER BY id desc LIMIT 3   [ RunTime:0.0005s ]
SQL: SHOW COLUMNS FROM `e2_category` [ RunTime:0.0025s ]
SQL: SELECT * FROM `e2_category`  [ RunTime:0.0004s ]
INFO: [ view_parse ] --START--
INFO: [ template_filter ] --START--
INFO: Run Behavior\ContentReplaceBehavior [ RunTime:0.000278s ]
INFO: [ template_filter ] --END-- [ RunTime:0.000365s ]
INFO: Run Behavior\ParseTemplateBehavior [ RunTime:0.151107s ]
INFO: [ view_parse ] --END-- [ RunTime:0.151222s ]
INFO: [ view_filter ] --START--
INFO: Run Behavior\WriteHtmlCacheBehavior [ RunTime:0.000903s ]
INFO: [ view_filter ] --END-- [ RunTime:0.000987s ]
INFO: [ app_end ] --START--
INFO: Run Behavior\ShowPageTraceBehavior [ RunTime:0.001298s ]
INFO: [ app_end ] --END-- [ RunTime:0.001394s ]

[ 2017-01-10T02:30:50+08:00 ] 127.0.0.1 /
INFO: [ app_init ] --START--
INFO: Run Behavior\BuildLiteBehavior [ RunTime:0.000021s ]
INFO: [ app_init ] --END-- [ RunTime:0.001160s ]
INFO: [ app_begin ] --START--
INFO: Run Behavior\ReadHtmlCacheBehavior [ RunTime:0.001898s ]
INFO: [ app_begin ] --END-- [ RunTime:0.002008s ]
SQL: SHOW COLUMNS FROM `e2_goods` [ RunTime:0.0028s ]
SQL: SELECT `id`,`goods_name`,`goods_thumb`,`shop_price` FROM `e2_goods` WHERE ( is_new=1 and
            is_sale=1 and is_delete=0 ) ORDER BY id desc LIMIT 3   [ RunTime:0.0007s ]
SQL: SELECT `id`,`goods_name`,`goods_thumb`,`shop_price` FROM `e2_goods` WHERE ( is_hot=1 and
            is_sale=1 and is_delete=0 ) ORDER BY id desc LIMIT 3   [ RunTime:0.0006s ]
SQL: SELECT `id`,`goods_name`,`goods_thumb`,`shop_price` FROM `e2_goods` WHERE ( is_best=1 and
            is_sale=1 and is_delete=0 ) ORDER BY id desc LIMIT 3   [ RunTime:0.0005s ]
SQL: SHOW COLUMNS FROM `e2_category` [ RunTime:0.0027s ]
SQL: SELECT * FROM `e2_category`  [ RunTime:0.0004s ]
INFO: [ view_parse ] --START--
INFO: [ template_filter ] --START--
INFO: Run Behavior\ContentReplaceBehavior [ RunTime:0.000232s ]
INFO: [ template_filter ] --END-- [ RunTime:0.000322s ]
INFO: Run Behavior\ParseTemplateBehavior [ RunTime:0.061151s ]
INFO: [ view_parse ] --END-- [ RunTime:0.061257s ]
INFO: [ view_filter ] --START--
INFO: Run Behavior\WriteHtmlCacheBehavior [ RunTime:0.001921s ]
INFO: [ view_filter ] --END-- [ RunTime:0.002003s ]
INFO: [ app_end ] --START--
INFO: Run Behavior\ShowPageTraceBehavior [ RunTime:0.001373s ]
INFO: [ app_end ] --END-- [ RunTime:0.001472s ]

[ 2017-01-10T02:32:26+08:00 ] 127.0.0.1 /
INFO: [ app_init ] --START--
INFO: Run Behavior\BuildLiteBehavior [ RunTime:0.000024s ]
INFO: [ app_init ] --END-- [ RunTime:0.001080s ]
INFO: [ app_begin ] --START--
INFO: Run Behavior\ReadHtmlCacheBehavior [ RunTime:0.001203s ]
INFO: [ app_begin ] --END-- [ RunTime:0.001317s ]
SQL: SHOW COLUMNS FROM `e2_goods` [ RunTime:0.0030s ]
SQL: SELECT `id`,`goods_name`,`goods_thumb`,`shop_price` FROM `e2_goods` WHERE ( is_new=1 and
            is_sale=1 and is_delete=0 ) ORDER BY id desc LIMIT 3   [ RunTime:0.0005s ]
SQL: SELECT `id`,`goods_name`,`goods_thumb`,`shop_price` FROM `e2_goods` WHERE ( is_hot=1 and
            is_sale=1 and is_delete=0 ) ORDER BY id desc LIMIT 3   [ RunTime:0.0005s ]
SQL: SELECT `id`,`goods_name`,`goods_thumb`,`shop_price` FROM `e2_goods` WHERE ( is_best=1 and
            is_sale=1 and is_delete=0 ) ORDER BY id desc LIMIT 3   [ RunTime:0.0005s ]
SQL: SHOW COLUMNS FROM `e2_category` [ RunTime:0.0032s ]
SQL: SELECT * FROM `e2_category`  [ RunTime:0.0007s ]
INFO: [ view_parse ] --START--
INFO: [ template_filter ] --START--
INFO: Run Behavior\ContentReplaceBehavior [ RunTime:0.000241s ]
INFO: [ template_filter ] --END-- [ RunTime:0.000329s ]
INFO: Run Behavior\ParseTemplateBehavior [ RunTime:0.041489s ]
INFO: [ view_parse ] --END-- [ RunTime:0.041610s ]
INFO: [ view_filter ] --START--
INFO: Run Behavior\WriteHtmlCacheBehavior [ RunTime:0.000859s ]
INFO: [ view_filter ] --END-- [ RunTime:0.000951s ]
INFO: [ app_end ] --START--
INFO: Run Behavior\ShowPageTraceBehavior [ RunTime:0.001338s ]
INFO: [ app_end ] --END-- [ RunTime:0.001483s ]

[ 2017-01-10T02:38:26+08:00 ] 127.0.0.1 /
INFO: [ app_init ] --START--
INFO: Run Behavior\BuildLiteBehavior [ RunTime:0.000022s ]
INFO: [ app_init ] --END-- [ RunTime:0.001184s ]
INFO: [ app_begin ] --START--
INFO: Run Behavior\ReadHtmlCacheBehavior [ RunTime:0.001363s ]
INFO: [ app_begin ] --END-- [ RunTime:0.001471s ]
SQL: SHOW COLUMNS FROM `e2_goods` [ RunTime:0.0034s ]
SQL: SELECT `id`,`goods_name`,`goods_thumb`,`shop_price` FROM `e2_goods` WHERE ( is_new=1 and
            is_sale=1 and is_delete=0 ) ORDER BY id desc LIMIT 3   [ RunTime:0.0006s ]
SQL: SELECT `id`,`goods_name`,`goods_thumb`,`shop_price` FROM `e2_goods` WHERE ( is_hot=1 and
            is_sale=1 and is_delete=0 ) ORDER BY id desc LIMIT 3   [ RunTime:0.0007s ]
SQL: SELECT `id`,`goods_name`,`goods_thumb`,`shop_price` FROM `e2_goods` WHERE ( is_best=1 and
            is_sale=1 and is_delete=0 ) ORDER BY id desc LIMIT 3   [ RunTime:0.0007s ]
SQL: SHOW COLUMNS FROM `e2_category` [ RunTime:0.0034s ]
SQL: SELECT * FROM `e2_category`  [ RunTime:0.0005s ]
INFO: [ view_parse ] --START--
INFO: [ template_filter ] --START--
INFO: Run Behavior\ContentReplaceBehavior [ RunTime:0.000249s ]
INFO: [ template_filter ] --END-- [ RunTime:0.000354s ]

[ 2017-01-10T02:39:31+08:00 ] 127.0.0.1 /
INFO: [ app_init ] --START--
INFO: Run Behavior\BuildLiteBehavior [ RunTime:0.000024s ]
INFO: [ app_init ] --END-- [ RunTime:0.001026s ]
INFO: [ app_begin ] --START--
INFO: Run Behavior\ReadHtmlCacheBehavior [ RunTime:0.001215s ]
INFO: [ app_begin ] --END-- [ RunTime:0.001321s ]
SQL: SHOW COLUMNS FROM `e2_goods` [ RunTime:0.0028s ]
SQL: SELECT `id`,`goods_name`,`goods_thumb`,`shop_price` FROM `e2_goods` WHERE ( is_new=1 and
            is_sale=1 and is_delete=0 ) ORDER BY id desc LIMIT 3   [ RunTime:0.0005s ]
SQL: SELECT `id`,`goods_name`,`goods_thumb`,`shop_price` FROM `e2_goods` WHERE ( is_hot=1 and
            is_sale=1 and is_delete=0 ) ORDER BY id desc LIMIT 3   [ RunTime:0.0005s ]
SQL: SELECT `id`,`goods_name`,`goods_thumb`,`shop_price` FROM `e2_goods` WHERE ( is_best=1 and
            is_sale=1 and is_delete=0 ) ORDER BY id desc LIMIT 3   [ RunTime:0.0004s ]
SQL: SHOW COLUMNS FROM `e2_category` [ RunTime:0.0026s ]
SQL: SELECT * FROM `e2_category`  [ RunTime:0.0004s ]
INFO: [ view_parse ] --START--
INFO: [ template_filter ] --START--
INFO: Run Behavior\ContentReplaceBehavior [ RunTime:0.000326s ]
INFO: [ template_filter ] --END-- [ RunTime:0.000444s ]

[ 2017-01-10T02:39:33+08:00 ] 127.0.0.1 /
INFO: [ app_init ] --START--
INFO: Run Behavior\BuildLiteBehavior [ RunTime:0.000021s ]
INFO: [ app_init ] --END-- [ RunTime:0.000826s ]
INFO: [ app_begin ] --START--
INFO: Run Behavior\ReadHtmlCacheBehavior [ RunTime:0.000963s ]
INFO: [ app_begin ] --END-- [ RunTime:0.001064s ]
SQL: SHOW COLUMNS FROM `e2_goods` [ RunTime:0.0031s ]
SQL: SELECT `id`,`goods_name`,`goods_thumb`,`shop_price` FROM `e2_goods` WHERE ( is_new=1 and
            is_sale=1 and is_delete=0 ) ORDER BY id desc LIMIT 3   [ RunTime:0.0005s ]
SQL: SELECT `id`,`goods_name`,`goods_thumb`,`shop_price` FROM `e2_goods` WHERE ( is_hot=1 and
            is_sale=1 and is_delete=0 ) ORDER BY id desc LIMIT 3   [ RunTime:0.0005s ]
SQL: SELECT `id`,`goods_name`,`goods_thumb`,`shop_price` FROM `e2_goods` WHERE ( is_best=1 and
            is_sale=1 and is_delete=0 ) ORDER BY id desc LIMIT 3   [ RunTime:0.0005s ]
SQL: SHOW COLUMNS FROM `e2_category` [ RunTime:0.0027s ]
SQL: SELECT * FROM `e2_category`  [ RunTime:0.0004s ]
INFO: [ view_parse ] --START--
INFO: [ template_filter ] --START--
INFO: Run Behavior\ContentReplaceBehavior [ RunTime:0.000241s ]
INFO: [ template_filter ] --END-- [ RunTime:0.000327s ]

[ 2017-01-10T02:39:59+08:00 ] 127.0.0.1 /
INFO: [ app_init ] --START--
INFO: Run Behavior\BuildLiteBehavior [ RunTime:0.000021s ]
INFO: [ app_init ] --END-- [ RunTime:0.000935s ]
INFO: [ app_begin ] --START--
INFO: Run Behavior\ReadHtmlCacheBehavior [ RunTime:0.001079s ]
INFO: [ app_begin ] --END-- [ RunTime:0.001173s ]
SQL: SHOW COLUMNS FROM `e2_goods` [ RunTime:0.0030s ]
SQL: SELECT `id`,`goods_name`,`goods_thumb`,`shop_price` FROM `e2_goods` WHERE ( is_new=1 and
            is_sale=1 and is_delete=0 ) ORDER BY id desc LIMIT 3   [ RunTime:0.0006s ]
SQL: SELECT `id`,`goods_name`,`goods_thumb`,`shop_price` FROM `e2_goods` WHERE ( is_hot=1 and
            is_sale=1 and is_delete=0 ) ORDER BY id desc LIMIT 3   [ RunTime:0.0005s ]
SQL: SELECT `id`,`goods_name`,`goods_thumb`,`shop_price` FROM `e2_goods` WHERE ( is_best=1 and
            is_sale=1 and is_delete=0 ) ORDER BY id desc LIMIT 3   [ RunTime:0.0005s ]
SQL: SHOW COLUMNS FROM `e2_category` [ RunTime:0.0029s ]
SQL: SELECT * FROM `e2_category`  [ RunTime:0.0004s ]
INFO: [ view_parse ] --START--
INFO: [ template_filter ] --START--
INFO: Run Behavior\ContentReplaceBehavior [ RunTime:0.000247s ]
INFO: [ template_filter ] --END-- [ RunTime:0.000340s ]

[ 2017-01-10T02:40:27+08:00 ] 127.0.0.1 /
INFO: [ app_init ] --START--
INFO: Run Behavior\BuildLiteBehavior [ RunTime:0.000021s ]
INFO: [ app_init ] --END-- [ RunTime:0.000943s ]
INFO: [ app_begin ] --START--
INFO: Run Behavior\ReadHtmlCacheBehavior [ RunTime:0.001112s ]
INFO: [ app_begin ] --END-- [ RunTime:0.001206s ]
SQL: SHOW COLUMNS FROM `e2_goods` [ RunTime:0.0032s ]
SQL: SELECT `id`,`goods_name`,`goods_thumb`,`shop_price` FROM `e2_goods` WHERE ( is_new=1 and
            is_sale=1 and is_delete=0 ) ORDER BY id desc LIMIT 3   [ RunTime:0.0005s ]
SQL: SELECT `id`,`goods_name`,`goods_thumb`,`shop_price` FROM `e2_goods` WHERE ( is_hot=1 and
            is_sale=1 and is_delete=0 ) ORDER BY id desc LIMIT 3   [ RunTime:0.0005s ]
SQL: SELECT `id`,`goods_name`,`goods_thumb`,`shop_price` FROM `e2_goods` WHERE ( is_best=1 and
            is_sale=1 and is_delete=0 ) ORDER BY id desc LIMIT 3   [ RunTime:0.0005s ]
SQL: SHOW COLUMNS FROM `e2_category` [ RunTime:0.0029s ]
SQL: SELECT * FROM `e2_category`  [ RunTime:0.0004s ]
INFO: [ view_parse ] --START--
INFO: [ template_filter ] --START--
INFO: Run Behavior\ContentReplaceBehavior [ RunTime:0.000248s ]
INFO: [ template_filter ] --END-- [ RunTime:0.000351s ]

[ 2017-01-10T02:42:21+08:00 ] 127.0.0.1 /
INFO: [ app_init ] --START--
INFO: Run Behavior\BuildLiteBehavior [ RunTime:0.000024s ]
INFO: [ app_init ] --END-- [ RunTime:0.001027s ]
INFO: [ app_begin ] --START--
INFO: Run Behavior\ReadHtmlCacheBehavior [ RunTime:0.001508s ]
INFO: [ app_begin ] --END-- [ RunTime:0.001610s ]
SQL: SHOW COLUMNS FROM `e2_goods` [ RunTime:0.0030s ]
SQL: SELECT `id`,`goods_name`,`goods_thumb`,`shop_price` FROM `e2_goods` WHERE ( is_new=1 and
            is_sale=1 and is_delete=0 ) ORDER BY id desc LIMIT 3   [ RunTime:0.0005s ]
SQL: SELECT `id`,`goods_name`,`goods_thumb`,`shop_price` FROM `e2_goods` WHERE ( is_hot=1 and
            is_sale=1 and is_delete=0 ) ORDER BY id desc LIMIT 3   [ RunTime:0.0005s ]
SQL: SELECT `id`,`goods_name`,`goods_thumb`,`shop_price` FROM `e2_goods` WHERE ( is_best=1 and
            is_sale=1 and is_delete=0 ) ORDER BY id desc LIMIT 3   [ RunTime:0.0005s ]
SQL: SHOW COLUMNS FROM `e2_category` [ RunTime:0.0028s ]
SQL: SELECT * FROM `e2_category`  [ RunTime:0.0004s ]
INFO: [ view_parse ] --START--
INFO: [ template_filter ] --START--
INFO: Run Behavior\ContentReplaceBehavior [ RunTime:0.000271s ]
INFO: [ template_filter ] --END-- [ RunTime:0.000366s ]

[ 2017-01-10T02:45:54+08:00 ] 127.0.0.1 /
INFO: [ app_init ] --START--
INFO: Run Behavior\BuildLiteBehavior [ RunTime:0.000022s ]
INFO: [ app_init ] --END-- [ RunTime:0.001202s ]
INFO: [ app_begin ] --START--
INFO: Run Behavior\ReadHtmlCacheBehavior [ RunTime:0.001288s ]
INFO: [ app_begin ] --END-- [ RunTime:0.001389s ]
SQL: SHOW COLUMNS FROM `e2_goods` [ RunTime:0.0034s ]
SQL: SELECT `id`,`goods_name`,`goods_thumb`,`shop_price` FROM `e2_goods` WHERE ( is_new=1 and
            is_sale=1 and is_delete=0 ) ORDER BY id desc LIMIT 3   [ RunTime:0.0005s ]
SQL: SELECT `id`,`goods_name`,`goods_thumb`,`shop_price` FROM `e2_goods` WHERE ( is_hot=1 and
            is_sale=1 and is_delete=0 ) ORDER BY id desc LIMIT 3   [ RunTime:0.0006s ]
SQL: SELECT `id`,`goods_name`,`goods_thumb`,`shop_price` FROM `e2_goods` WHERE ( is_best=1 and
            is_sale=1 and is_delete=0 ) ORDER BY id desc LIMIT 3   [ RunTime:0.0006s ]
SQL: SHOW COLUMNS FROM `e2_category` [ RunTime:0.0026s ]
SQL: SELECT * FROM `e2_category`  [ RunTime:0.0004s ]
INFO: [ view_parse ] --START--
INFO: [ template_filter ] --START--
INFO: Run Behavior\ContentReplaceBehavior [ RunTime:0.000258s ]
INFO: [ template_filter ] --END-- [ RunTime:0.000344s ]

[ 2017-01-10T02:46:58+08:00 ] 127.0.0.1 /
INFO: [ app_init ] --START--
INFO: Run Behavior\BuildLiteBehavior [ RunTime:0.000022s ]
INFO: [ app_init ] --END-- [ RunTime:0.001015s ]
INFO: [ app_begin ] --START--
INFO: Run Behavior\ReadHtmlCacheBehavior [ RunTime:0.001217s ]
INFO: [ app_begin ] --END-- [ RunTime:0.001316s ]
SQL: SHOW COLUMNS FROM `e2_goods` [ RunTime:0.0028s ]
SQL: SELECT `id`,`goods_name`,`goods_thumb`,`shop_price` FROM `e2_goods` WHERE ( is_new=1 and
            is_sale=1 and is_delete=0 ) ORDER BY id desc LIMIT 3   [ RunTime:0.0005s ]
SQL: SELECT `id`,`goods_name`,`goods_thumb`,`shop_price` FROM `e2_goods` WHERE ( is_hot=1 and
            is_sale=1 and is_delete=0 ) ORDER BY id desc LIMIT 3   [ RunTime:0.0004s ]
SQL: SELECT `id`,`goods_name`,`goods_thumb`,`shop_price` FROM `e2_goods` WHERE ( is_best=1 and
            is_sale=1 and is_delete=0 ) ORDER BY id desc LIMIT 3   [ RunTime:0.0004s ]
SQL: SHOW COLUMNS FROM `e2_category` [ RunTime:0.0026s ]
SQL: SELECT * FROM `e2_category`  [ RunTime:0.0004s ]
INFO: [ view_parse ] --START--
INFO: [ template_filter ] --START--
INFO: Run Behavior\ContentReplaceBehavior [ RunTime:0.000240s ]
INFO: [ template_filter ] --END-- [ RunTime:0.000326s ]

[ 2017-01-10T02:49:02+08:00 ] 127.0.0.1 /
INFO: [ app_init ] --START--
INFO: Run Behavior\BuildLiteBehavior [ RunTime:0.000021s ]
INFO: [ app_init ] --END-- [ RunTime:0.000980s ]
INFO: [ app_begin ] --START--
INFO: Run Behavior\ReadHtmlCacheBehavior [ RunTime:0.001235s ]
INFO: [ app_begin ] --END-- [ RunTime:0.001331s ]
SQL: SHOW COLUMNS FROM `e2_goods` [ RunTime:0.0029s ]
SQL: SELECT `id`,`goods_name`,`goods_thumb`,`shop_price` FROM `e2_goods` WHERE ( is_new=1 and
            is_sale=1 and is_delete=0 ) ORDER BY id desc LIMIT 3   [ RunTime:0.0005s ]
SQL: SELECT `id`,`goods_name`,`goods_thumb`,`shop_price` FROM `e2_goods` WHERE ( is_hot=1 and
            is_sale=1 and is_delete=0 ) ORDER BY id desc LIMIT 3   [ RunTime:0.0005s ]
SQL: SELECT `id`,`goods_name`,`goods_thumb`,`shop_price` FROM `e2_goods` WHERE ( is_best=1 and
            is_sale=1 and is_delete=0 ) ORDER BY id desc LIMIT 3   [ RunTime:0.0005s ]
SQL: SHOW COLUMNS FROM `e2_category` [ RunTime:0.0030s ]
SQL: SELECT * FROM `e2_category`  [ RunTime:0.0004s ]
INFO: [ view_parse ] --START--
INFO: [ template_filter ] --START--
INFO: Run Behavior\ContentReplaceBehavior [ RunTime:0.000252s ]
INFO: [ template_filter ] --END-- [ RunTime:0.000342s ]
INFO: Run Behavior\ParseTemplateBehavior [ RunTime:0.042830s ]
INFO: [ view_parse ] --END-- [ RunTime:0.042937s ]
INFO: [ view_filter ] --START--
INFO: Run Behavior\WriteHtmlCacheBehavior [ RunTime:0.001080s ]
INFO: [ view_filter ] --END-- [ RunTime:0.001167s ]
INFO: [ app_end ] --START--
INFO: Run Behavior\ShowPageTraceBehavior [ RunTime:0.001402s ]
INFO: [ app_end ] --END-- [ RunTime:0.001494s ]

[ 2017-01-10T03:28:20+08:00 ] 127.0.0.1 /
INFO: [ app_init ] --START--
INFO: Run Behavior\BuildLiteBehavior [ RunTime:0.000020s ]
INFO: [ app_init ] --END-- [ RunTime:0.000446s ]
INFO: [ app_begin ] --START--
INFO: Run Behavior\ReadHtmlCacheBehavior [ RunTime:0.000690s ]
INFO: [ app_begin ] --END-- [ RunTime:0.000801s ]
SQL: SHOW COLUMNS FROM `e2_goods` [ RunTime:0.0027s ]
SQL: SELECT `id`,`goods_name`,`goods_thumb`,`shop_price` FROM `e2_goods` WHERE ( is_new=1 and
            is_sale=1 and is_delete=0 ) ORDER BY id desc LIMIT 3   [ RunTime:0.0005s ]
SQL: SELECT `id`,`goods_name`,`goods_thumb`,`shop_price` FROM `e2_goods` WHERE ( is_hot=1 and
            is_sale=1 and is_delete=0 ) ORDER BY id desc LIMIT 3   [ RunTime:0.0005s ]
SQL: SELECT `id`,`goods_name`,`goods_thumb`,`shop_price` FROM `e2_goods` WHERE ( is_best=1 and
            is_sale=1 and is_delete=0 ) ORDER BY id desc LIMIT 3   [ RunTime:0.0005s ]
SQL: SHOW COLUMNS FROM `e2_category` [ RunTime:0.0024s ]
SQL: SELECT * FROM `e2_category`  [ RunTime:0.0004s ]
INFO: [ view_parse ] --START--
INFO: [ template_filter ] --START--
INFO: Run Behavior\ContentReplaceBehavior [ RunTime:0.000249s ]
INFO: [ template_filter ] --END-- [ RunTime:0.000349s ]
INFO: Run Behavior\ParseTemplateBehavior [ RunTime:0.023212s ]
INFO: [ view_parse ] --END-- [ RunTime:0.023318s ]
INFO: [ view_filter ] --START--
INFO: Run Behavior\WriteHtmlCacheBehavior [ RunTime:0.000470s ]
INFO: [ view_filter ] --END-- [ RunTime:0.000548s ]
INFO: [ app_end ] --START--
INFO: Run Behavior\ShowPageTraceBehavior [ RunTime:0.000811s ]
INFO: [ app_end ] --END-- [ RunTime:0.000902s ]

[ 2017-01-10T03:49:00+08:00 ] 127.0.0.1 /
INFO: [ app_init ] --START--
INFO: Run Behavior\BuildLiteBehavior [ RunTime:0.000026s ]
INFO: [ app_init ] --END-- [ RunTime:0.000574s ]
INFO: [ app_begin ] --START--
INFO: Run Behavior\ReadHtmlCacheBehavior [ RunTime:0.000754s ]
INFO: [ app_begin ] --END-- [ RunTime:0.000856s ]
SQL: SHOW COLUMNS FROM `e2_goods` [ RunTime:0.0033s ]
SQL: SELECT `id`,`goods_name`,`goods_thumb`,`shop_price` FROM `e2_goods` WHERE ( is_new=1 and
            is_sale=1 and is_delete=0 ) ORDER BY id desc LIMIT 3   [ RunTime:0.0006s ]
SQL: SELECT `id`,`goods_name`,`goods_thumb`,`shop_price` FROM `e2_goods` WHERE ( is_hot=1 and
            is_sale=1 and is_delete=0 ) ORDER BY id desc LIMIT 3   [ RunTime:0.0005s ]
SQL: SELECT `id`,`goods_name`,`goods_thumb`,`shop_price` FROM `e2_goods` WHERE ( is_best=1 and
            is_sale=1 and is_delete=0 ) ORDER BY id desc LIMIT 3   [ RunTime:0.0005s ]
SQL: SHOW COLUMNS FROM `e2_category` [ RunTime:0.0028s ]
SQL: SELECT * FROM `e2_category`  [ RunTime:0.0004s ]
INFO: [ view_parse ] --START--
INFO: [ template_filter ] --START--
INFO: Run Behavior\ContentReplaceBehavior [ RunTime:0.000326s ]
INFO: [ template_filter ] --END-- [ RunTime:0.000449s ]
INFO: Run Behavior\ParseTemplateBehavior [ RunTime:0.023659s ]
INFO: [ view_parse ] --END-- [ RunTime:0.023781s ]
INFO: [ view_filter ] --START--
INFO: Run Behavior\WriteHtmlCacheBehavior [ RunTime:0.000447s ]
INFO: [ view_filter ] --END-- [ RunTime:0.000520s ]
INFO: [ app_end ] --START--
INFO: Run Behavior\ShowPageTraceBehavior [ RunTime:0.000802s ]
INFO: [ app_end ] --END-- [ RunTime:0.000894s ]

[ 2017-01-10T03:49:02+08:00 ] 127.0.0.1 /
INFO: [ app_init ] --START--
INFO: Run Behavior\BuildLiteBehavior [ RunTime:0.000021s ]
INFO: [ app_init ] --END-- [ RunTime:0.000423s ]
INFO: [ app_begin ] --START--
INFO: Run Behavior\ReadHtmlCacheBehavior [ RunTime:0.000593s ]
INFO: [ app_begin ] --END-- [ RunTime:0.000703s ]
SQL: SHOW COLUMNS FROM `e2_goods` [ RunTime:0.0034s ]
SQL: SELECT `id`,`goods_name`,`goods_thumb`,`shop_price` FROM `e2_goods` WHERE ( is_new=1 and
            is_sale=1 and is_delete=0 ) ORDER BY id desc LIMIT 3   [ RunTime:0.0006s ]
SQL: SELECT `id`,`goods_name`,`goods_thumb`,`shop_price` FROM `e2_goods` WHERE ( is_hot=1 and
            is_sale=1 and is_delete=0 ) ORDER BY id desc LIMIT 3   [ RunTime:0.0005s ]
SQL: SELECT `id`,`goods_name`,`goods_thumb`,`shop_price` FROM `e2_goods` WHERE ( is_best=1 and
            is_sale=1 and is_delete=0 ) ORDER BY id desc LIMIT 3   [ RunTime:0.0004s ]
SQL: SHOW COLUMNS FROM `e2_category` [ RunTime:0.0027s ]
SQL: SELECT * FROM `e2_category`  [ RunTime:0.0004s ]
INFO: [ view_parse ] --START--
INFO: [ template_filter ] --START--
INFO: Run Behavior\ContentReplaceBehavior [ RunTime:0.000331s ]
INFO: [ template_filter ] --END-- [ RunTime:0.000433s ]
INFO: Run Behavior\ParseTemplateBehavior [ RunTime:0.022552s ]
INFO: [ view_parse ] --END-- [ RunTime:0.022642s ]
INFO: [ view_filter ] --START--
INFO: Run Behavior\WriteHtmlCacheBehavior [ RunTime:0.000386s ]
INFO: [ view_filter ] --END-- [ RunTime:0.000459s ]
INFO: [ app_end ] --START--
INFO: Run Behavior\ShowPageTraceBehavior [ RunTime:0.000816s ]
INFO: [ app_end ] --END-- [ RunTime:0.000926s ]

[ 2017-01-10T03:49:12+08:00 ] 127.0.0.1 /
INFO: [ app_init ] --START--
INFO: Run Behavior\BuildLiteBehavior [ RunTime:0.000021s ]
INFO: [ app_init ] --END-- [ RunTime:0.000462s ]
INFO: [ app_begin ] --START--
INFO: Run Behavior\ReadHtmlCacheBehavior [ RunTime:0.000675s ]
INFO: [ app_begin ] --END-- [ RunTime:0.000783s ]
SQL: SHOW COLUMNS FROM `e2_goods` [ RunTime:0.0029s ]
SQL: SELECT `id`,`goods_name`,`goods_thumb`,`shop_price` FROM `e2_goods` WHERE ( is_new=1 and
            is_sale=1 and is_delete=0 ) ORDER BY id desc LIMIT 3   [ RunTime:0.0005s ]
SQL: SELECT `id`,`goods_name`,`goods_thumb`,`shop_price` FROM `e2_goods` WHERE ( is_hot=1 and
            is_sale=1 and is_delete=0 ) ORDER BY id desc LIMIT 3   [ RunTime:0.0005s ]
SQL: SELECT `id`,`goods_name`,`goods_thumb`,`shop_price` FROM `e2_goods` WHERE ( is_best=1 and
            is_sale=1 and is_delete=0 ) ORDER BY id desc LIMIT 3   [ RunTime:0.0004s ]
SQL: SHOW COLUMNS FROM `e2_category` [ RunTime:0.0026s ]
SQL: SELECT * FROM `e2_category`  [ RunTime:0.0004s ]
INFO: [ view_parse ] --START--
INFO: [ template_filter ] --START--
INFO: Run Behavior\ContentReplaceBehavior [ RunTime:0.000262s ]
INFO: [ template_filter ] --END-- [ RunTime:0.000346s ]
INFO: Run Behavior\ParseTemplateBehavior [ RunTime:0.022776s ]
INFO: [ view_parse ] --END-- [ RunTime:0.022872s ]
INFO: [ view_filter ] --START--
INFO: Run Behavior\WriteHtmlCacheBehavior [ RunTime:0.000485s ]
INFO: [ view_filter ] --END-- [ RunTime:0.000563s ]
INFO: [ app_end ] --START--
INFO: Run Behavior\ShowPageTraceBehavior [ RunTime:0.000941s ]
INFO: [ app_end ] --END-- [ RunTime:0.001072s ]

[ 2017-01-10T03:52:24+08:00 ] 127.0.0.1 /
INFO: [ app_init ] --START--
INFO: Run Behavior\BuildLiteBehavior [ RunTime:0.000021s ]
INFO: [ app_init ] --END-- [ RunTime:0.000489s ]
INFO: [ app_begin ] --START--
INFO: Run Behavior\ReadHtmlCacheBehavior [ RunTime:0.000816s ]
INFO: [ app_begin ] --END-- [ RunTime:0.000932s ]
SQL: SHOW COLUMNS FROM `e2_goods` [ RunTime:0.0029s ]
SQL: SELECT `id`,`goods_name`,`goods_thumb`,`shop_price` FROM `e2_goods` WHERE ( is_new=1 and
            is_sale=1 and is_delete=0 ) ORDER BY id desc LIMIT 3   [ RunTime:0.0005s ]
SQL: SELECT `id`,`goods_name`,`goods_thumb`,`shop_price` FROM `e2_goods` WHERE ( is_hot=1 and
            is_sale=1 and is_delete=0 ) ORDER BY id desc LIMIT 3   [ RunTime:0.0005s ]
SQL: SELECT `id`,`goods_name`,`goods_thumb`,`shop_price` FROM `e2_goods` WHERE ( is_best=1 and
            is_sale=1 and is_delete=0 ) ORDER BY id desc LIMIT 3   [ RunTime:0.0005s ]
SQL: SHOW COLUMNS FROM `e2_category` [ RunTime:0.0029s ]
SQL: SELECT * FROM `e2_category`  [ RunTime:0.0004s ]
INFO: [ view_parse ] --START--
INFO: [ template_filter ] --START--
INFO: Run Behavior\ContentReplaceBehavior [ RunTime:0.000250s ]
INFO: [ template_filter ] --END-- [ RunTime:0.000343s ]

[ 2017-01-10T03:52:58+08:00 ] 127.0.0.1 /
INFO: [ app_init ] --START--
INFO: Run Behavior\BuildLiteBehavior [ RunTime:0.000038s ]
INFO: [ app_init ] --END-- [ RunTime:0.000453s ]
INFO: [ app_begin ] --START--
INFO: Run Behavior\ReadHtmlCacheBehavior [ RunTime:0.000669s ]
INFO: [ app_begin ] --END-- [ RunTime:0.000760s ]
SQL: SHOW COLUMNS FROM `e2_goods` [ RunTime:0.0042s ]
SQL: SELECT `id`,`goods_name`,`goods_thumb`,`shop_price` FROM `e2_goods` WHERE ( is_new=1 and
            is_sale=1 and is_delete=0 ) ORDER BY id desc LIMIT 3   [ RunTime:0.0005s ]
SQL: SELECT `id`,`goods_name`,`goods_thumb`,`shop_price` FROM `e2_goods` WHERE ( is_hot=1 and
            is_sale=1 and is_delete=0 ) ORDER BY id desc LIMIT 3   [ RunTime:0.0005s ]
SQL: SELECT `id`,`goods_name`,`goods_thumb`,`shop_price` FROM `e2_goods` WHERE ( is_best=1 and
            is_sale=1 and is_delete=0 ) ORDER BY id desc LIMIT 3   [ RunTime:0.0005s ]
SQL: SHOW COLUMNS FROM `e2_category` [ RunTime:0.0043s ]
SQL: SELECT * FROM `e2_category`  [ RunTime:0.0004s ]
INFO: [ view_parse ] --START--
INFO: [ template_filter ] --START--
INFO: Run Behavior\ContentReplaceBehavior [ RunTime:0.000242s ]
INFO: [ template_filter ] --END-- [ RunTime:0.000340s ]
INFO: Run Behavior\ParseTemplateBehavior [ RunTime:0.024432s ]
INFO: [ view_parse ] --END-- [ RunTime:0.024543s ]
INFO: [ view_filter ] --START--
INFO: Run Behavior\WriteHtmlCacheBehavior [ RunTime:0.000469s ]
INFO: [ view_filter ] --END-- [ RunTime:0.000545s ]
INFO: [ app_end ] --START--
INFO: Run Behavior\ShowPageTraceBehavior [ RunTime:0.000858s ]
INFO: [ app_end ] --END-- [ RunTime:0.000953s ]

[ 2017-01-10T03:53:00+08:00 ] 127.0.0.1 /
INFO: [ app_init ] --START--
INFO: Run Behavior\BuildLiteBehavior [ RunTime:0.000019s ]
INFO: [ app_init ] --END-- [ RunTime:0.000435s ]
INFO: [ app_begin ] --START--
INFO: Run Behavior\ReadHtmlCacheBehavior [ RunTime:0.000667s ]
INFO: [ app_begin ] --END-- [ RunTime:0.000760s ]
SQL: SHOW COLUMNS FROM `e2_goods` [ RunTime:0.0029s ]
SQL: SELECT `id`,`goods_name`,`goods_thumb`,`shop_price` FROM `e2_goods` WHERE ( is_new=1 and
            is_sale=1 and is_delete=0 ) ORDER BY id desc LIMIT 3   [ RunTime:0.0005s ]
SQL: SELECT `id`,`goods_name`,`goods_thumb`,`shop_price` FROM `e2_goods` WHERE ( is_hot=1 and
            is_sale=1 and is_delete=0 ) ORDER BY id desc LIMIT 3   [ RunTime:0.0005s ]
SQL: SELECT `id`,`goods_name`,`goods_thumb`,`shop_price` FROM `e2_goods` WHERE ( is_best=1 and
            is_sale=1 and is_delete=0 ) ORDER BY id desc LIMIT 3   [ RunTime:0.0005s ]
SQL: SHOW COLUMNS FROM `e2_category` [ RunTime:0.0029s ]
SQL: SELECT * FROM `e2_category`  [ RunTime:0.0004s ]
INFO: [ view_parse ] --START--
INFO: [ template_filter ] --START--
INFO: Run Behavior\ContentReplaceBehavior [ RunTime:0.000268s ]
INFO: [ template_filter ] --END-- [ RunTime:0.000361s ]
INFO: Run Behavior\ParseTemplateBehavior [ RunTime:0.023676s ]
INFO: [ view_parse ] --END-- [ RunTime:0.023801s ]
INFO: [ view_filter ] --START--
INFO: Run Behavior\WriteHtmlCacheBehavior [ RunTime:0.000399s ]
INFO: [ view_filter ] --END-- [ RunTime:0.000468s ]
INFO: [ app_end ] --START--
INFO: Run Behavior\ShowPageTraceBehavior [ RunTime:0.000810s ]
INFO: [ app_end ] --END-- [ RunTime:0.000915s ]

[ 2017-01-10T03:53:03+08:00 ] 127.0.0.1 /
INFO: [ app_init ] --START--
INFO: Run Behavior\BuildLiteBehavior [ RunTime:0.000021s ]
INFO: [ app_init ] --END-- [ RunTime:0.000433s ]
INFO: [ app_begin ] --START--
INFO: Run Behavior\ReadHtmlCacheBehavior [ RunTime:0.000625s ]
INFO: [ app_begin ] --END-- [ RunTime:0.000722s ]
SQL: SHOW COLUMNS FROM `e2_goods` [ RunTime:0.0029s ]
SQL: SELECT `id`,`goods_name`,`goods_thumb`,`shop_price` FROM `e2_goods` WHERE ( is_new=1 and
            is_sale=1 and is_delete=0 ) ORDER BY id desc LIMIT 3   [ RunTime:0.0005s ]
SQL: SELECT `id`,`goods_name`,`goods_thumb`,`shop_price` FROM `e2_goods` WHERE ( is_hot=1 and
            is_sale=1 and is_delete=0 ) ORDER BY id desc LIMIT 3   [ RunTime:0.0005s ]
SQL: SELECT `id`,`goods_name`,`goods_thumb`,`shop_price` FROM `e2_goods` WHERE ( is_best=1 and
            is_sale=1 and is_delete=0 ) ORDER BY id desc LIMIT 3   [ RunTime:0.0005s ]
SQL: SHOW COLUMNS FROM `e2_category` [ RunTime:0.0027s ]
SQL: SELECT * FROM `e2_category`  [ RunTime:0.0005s ]
INFO: [ view_parse ] --START--
INFO: [ template_filter ] --START--
INFO: Run Behavior\ContentReplaceBehavior [ RunTime:0.000254s ]
INFO: [ template_filter ] --END-- [ RunTime:0.000352s ]
INFO: Run Behavior\ParseTemplateBehavior [ RunTime:0.023674s ]
INFO: [ view_parse ] --END-- [ RunTime:0.023786s ]
INFO: [ view_filter ] --START--
INFO: Run Behavior\WriteHtmlCacheBehavior [ RunTime:0.000369s ]
INFO: [ view_filter ] --END-- [ RunTime:0.000441s ]
INFO: [ app_end ] --START--
INFO: Run Behavior\ShowPageTraceBehavior [ RunTime:0.000717s ]
INFO: [ app_end ] --END-- [ RunTime:0.000811s ]

[ 2017-01-10T03:56:06+08:00 ] 127.0.0.1 /
INFO: [ app_init ] --START--
INFO: Run Behavior\BuildLiteBehavior [ RunTime:0.000020s ]
INFO: [ app_init ] --END-- [ RunTime:0.000493s ]
INFO: [ app_begin ] --START--
INFO: Run Behavior\ReadHtmlCacheBehavior [ RunTime:0.000692s ]
INFO: [ app_begin ] --END-- [ RunTime:0.000784s ]
SQL: SHOW COLUMNS FROM `e2_goods` [ RunTime:0.0032s ]
SQL: SELECT `id`,`goods_name`,`goods_thumb`,`shop_price` FROM `e2_goods` WHERE ( is_new=1 and
            is_sale=1 and is_delete=0 ) ORDER BY id desc LIMIT 3   [ RunTime:0.0005s ]
SQL: SELECT `id`,`goods_name`,`goods_thumb`,`shop_price` FROM `e2_goods` WHERE ( is_hot=1 and
            is_sale=1 and is_delete=0 ) ORDER BY id desc LIMIT 3   [ RunTime:0.0005s ]
SQL: SELECT `id`,`goods_name`,`goods_thumb`,`shop_price` FROM `e2_goods` WHERE ( is_best=1 and
            is_sale=1 and is_delete=0 ) ORDER BY id desc LIMIT 3   [ RunTime:0.0005s ]
SQL: SHOW COLUMNS FROM `e2_category` [ RunTime:0.0028s ]
SQL: SELECT * FROM `e2_category`  [ RunTime:0.0004s ]
INFO: [ view_parse ] --START--
INFO: [ template_filter ] --START--
INFO: Run Behavior\ContentReplaceBehavior [ RunTime:0.000242s ]
INFO: [ template_filter ] --END-- [ RunTime:0.000333s ]
INFO: Run Behavior\ParseTemplateBehavior [ RunTime:0.023794s ]
INFO: [ view_parse ] --END-- [ RunTime:0.023897s ]
INFO: [ view_filter ] --START--
INFO: Run Behavior\WriteHtmlCacheBehavior [ RunTime:0.000467s ]
INFO: [ view_filter ] --END-- [ RunTime:0.000544s ]
INFO: [ app_end ] --START--
INFO: Run Behavior\ShowPageTraceBehavior [ RunTime:0.000826s ]
INFO: [ app_end ] --END-- [ RunTime:0.000921s ]

[ 2017-01-10T03:56:08+08:00 ] 127.0.0.1 /Home-Index-category-id-2.html
INFO: [ app_init ] --START--
INFO: Run Behavior\BuildLiteBehavior [ RunTime:0.000019s ]
INFO: [ app_init ] --END-- [ RunTime:0.000456s ]
INFO: [ app_begin ] --START--
INFO: Run Behavior\ReadHtmlCacheBehavior [ RunTime:0.000683s ]
INFO: [ app_begin ] --END-- [ RunTime:0.000779s ]
INFO: [ view_parse ] --START--
INFO: [ template_filter ] --START--
INFO: Run Behavior\ContentReplaceBehavior [ RunTime:0.000170s ]
INFO: [ template_filter ] --END-- [ RunTime:0.000255s ]
INFO: Run Behavior\ParseTemplateBehavior [ RunTime:0.038879s ]
INFO: [ view_parse ] --END-- [ RunTime:0.038987s ]
INFO: [ view_filter ] --START--
INFO: Run Behavior\WriteHtmlCacheBehavior [ RunTime:0.000359s ]
INFO: [ view_filter ] --END-- [ RunTime:0.000448s ]
INFO: [ app_end ] --START--
INFO: Run Behavior\ShowPageTraceBehavior [ RunTime:0.000736s ]
INFO: [ app_end ] --END-- [ RunTime:0.000830s ]

[ 2017-01-10T04:07:08+08:00 ] 127.0.0.1 /
INFO: [ app_init ] --START--
INFO: Run Behavior\BuildLiteBehavior [ RunTime:0.000023s ]
INFO: [ app_init ] --END-- [ RunTime:0.001116s ]
INFO: [ app_begin ] --START--
INFO: Run Behavior\ReadHtmlCacheBehavior [ RunTime:0.001400s ]
INFO: [ app_begin ] --END-- [ RunTime:0.001505s ]
SQL: SHOW COLUMNS FROM `e2_goods` [ RunTime:0.0035s ]
SQL: SELECT `id`,`goods_name`,`goods_thumb`,`shop_price` FROM `e2_goods` WHERE ( is_new=1 and
            is_sale=1 and is_delete=0 ) ORDER BY id desc LIMIT 3   [ RunTime:0.0005s ]
SQL: SELECT `id`,`goods_name`,`goods_thumb`,`shop_price` FROM `e2_goods` WHERE ( is_hot=1 and
            is_sale=1 and is_delete=0 ) ORDER BY id desc LIMIT 3   [ RunTime:0.0022s ]
SQL: SELECT `id`,`goods_name`,`goods_thumb`,`shop_price` FROM `e2_goods` WHERE ( is_best=1 and
            is_sale=1 and is_delete=0 ) ORDER BY id desc LIMIT 3   [ RunTime:0.0006s ]
SQL: SHOW COLUMNS FROM `e2_category` [ RunTime:0.0028s ]
SQL: SELECT * FROM `e2_category`  [ RunTime:0.0005s ]
INFO: [ view_parse ] --START--
INFO: [ template_filter ] --START--
INFO: Run Behavior\ContentReplaceBehavior [ RunTime:0.000239s ]
INFO: [ template_filter ] --END-- [ RunTime:0.000343s ]
INFO: Run Behavior\ParseTemplateBehavior [ RunTime:0.086657s ]
INFO: [ view_parse ] --END-- [ RunTime:0.086776s ]
INFO: [ view_filter ] --START--
INFO: Run Behavior\WriteHtmlCacheBehavior [ RunTime:0.004349s ]
INFO: [ view_filter ] --END-- [ RunTime:0.004441s ]
INFO: [ app_end ] --START--
INFO: Run Behavior\ShowPageTraceBehavior [ RunTime:0.001290s ]
INFO: [ app_end ] --END-- [ RunTime:0.001387s ]

[ 2017-01-10T04:59:02+08:00 ] 127.0.0.1 /
INFO: [ app_init ] --START--
INFO: Run Behavior\BuildLiteBehavior [ RunTime:0.000025s ]
INFO: [ app_init ] --END-- [ RunTime:0.001207s ]
INFO: [ app_begin ] --START--
INFO: Run Behavior\ReadHtmlCacheBehavior [ RunTime:0.001453s ]
INFO: [ app_begin ] --END-- [ RunTime:0.001561s ]
SQL: SHOW COLUMNS FROM `e2_goods` [ RunTime:0.0028s ]
SQL: SELECT `id`,`goods_name`,`goods_thumb`,`shop_price` FROM `e2_goods` WHERE ( is_new=1 and
            is_sale=1 and is_delete=0 ) ORDER BY id desc LIMIT 3   [ RunTime:0.0007s ]
SQL: SELECT `id`,`goods_name`,`goods_thumb`,`shop_price` FROM `e2_goods` WHERE ( is_hot=1 and
            is_sale=1 and is_delete=0 ) ORDER BY id desc LIMIT 3   [ RunTime:0.0005s ]
SQL: SELECT `id`,`goods_name`,`goods_thumb`,`shop_price` FROM `e2_goods` WHERE ( is_best=1 and
            is_sale=1 and is_delete=0 ) ORDER BY id desc LIMIT 3   [ RunTime:0.0006s ]
SQL: SHOW COLUMNS FROM `e2_category` [ RunTime:0.0034s ]
SQL: SELECT * FROM `e2_category`  [ RunTime:0.0005s ]
INFO: [ view_parse ] --START--
INFO: [ template_filter ] --START--
INFO: Run Behavior\ContentReplaceBehavior [ RunTime:0.000264s ]
INFO: [ template_filter ] --END-- [ RunTime:0.000354s ]
INFO: Run Behavior\ParseTemplateBehavior [ RunTime:0.061754s ]
INFO: [ view_parse ] --END-- [ RunTime:0.061858s ]
INFO: [ view_filter ] --START--
INFO: Run Behavior\WriteHtmlCacheBehavior [ RunTime:0.000987s ]
INFO: [ view_filter ] --END-- [ RunTime:0.001070s ]
INFO: [ app_end ] --START--
INFO: Run Behavior\ShowPageTraceBehavior [ RunTime:0.005362s ]
INFO: [ app_end ] --END-- [ RunTime:0.005468s ]

[ 2017-01-10T05:03:59+08:00 ] 127.0.0.1 /
INFO: [ app_init ] --START--
INFO: Run Behavior\BuildLiteBehavior [ RunTime:0.000023s ]
INFO: [ app_init ] --END-- [ RunTime:0.001221s ]
INFO: [ app_begin ] --START--
INFO: Run Behavior\ReadHtmlCacheBehavior [ RunTime:0.001262s ]
INFO: [ app_begin ] --END-- [ RunTime:0.001360s ]
SQL: SHOW COLUMNS FROM `e2_goods` [ RunTime:0.0028s ]
SQL: SELECT `id`,`goods_name`,`goods_thumb`,`shop_price` FROM `e2_goods` WHERE ( is_new=1 and
            is_sale=1 and is_delete=0 ) ORDER BY id desc LIMIT 3   [ RunTime:0.0005s ]
SQL: SELECT `id`,`goods_name`,`goods_thumb`,`shop_price` FROM `e2_goods` WHERE ( is_hot=1 and
            is_sale=1 and is_delete=0 ) ORDER BY id desc LIMIT 3   [ RunTime:0.0005s ]
SQL: SELECT `id`,`goods_name`,`goods_thumb`,`shop_price` FROM `e2_goods` WHERE ( is_best=1 and
            is_sale=1 and is_delete=0 ) ORDER BY id desc LIMIT 3   [ RunTime:0.0005s ]
SQL: SHOW COLUMNS FROM `e2_category` [ RunTime:0.0030s ]
SQL: SELECT * FROM `e2_category`  [ RunTime:0.0004s ]
INFO: [ view_parse ] --START--
INFO: [ template_filter ] --START--
INFO: Run Behavior\ContentReplaceBehavior [ RunTime:0.000245s ]
INFO: [ template_filter ] --END-- [ RunTime:0.000333s ]
INFO: Run Behavior\ParseTemplateBehavior [ RunTime:0.050299s ]
INFO: [ view_parse ] --END-- [ RunTime:0.050418s ]
INFO: [ view_filter ] --START--
INFO: Run Behavior\WriteHtmlCacheBehavior [ RunTime:0.000911s ]
INFO: [ view_filter ] --END-- [ RunTime:0.000997s ]
INFO: [ app_end ] --START--
INFO: Run Behavior\ShowPageTraceBehavior [ RunTime:0.001219s ]
INFO: [ app_end ] --END-- [ RunTime:0.001316s ]

[ 2017-01-10T05:04:05+08:00 ] 127.0.0.1 /Home-Index-detail-id-11.html
INFO: [ app_init ] --START--
INFO: Run Behavior\BuildLiteBehavior [ RunTime:0.000021s ]
INFO: [ app_init ] --END-- [ RunTime:0.001037s ]
INFO: [ app_begin ] --START--
INFO: Run Behavior\ReadHtmlCacheBehavior [ RunTime:0.001089s ]
INFO: [ app_begin ] --END-- [ RunTime:0.001188s ]
INFO: [ view_parse ] --START--
INFO: [ template_filter ] --START--
INFO: Run Behavior\ContentReplaceBehavior [ RunTime:0.000302s ]
INFO: [ template_filter ] --END-- [ RunTime:0.000417s ]
NOTIC: [8] Undefined variable: catedata C:\Program Files\Git-2.11.0-64-bit\e2\App\Runtime\Cache\Home\56563fb70bfd45c5e738bfc14042f337.php  170 .
NOTIC: [2] Invalid argument supplied for foreach() C:\Program Files\Git-2.11.0-64-bit\e2\App\Runtime\Cache\Home\56563fb70bfd45c5e738bfc14042f337.php  170 .
INFO: Run Behavior\ParseTemplateBehavior [ RunTime:0.060770s ]
INFO: [ view_parse ] --END-- [ RunTime:0.060863s ]
INFO: [ view_filter ] --START--
INFO: Run Behavior\WriteHtmlCacheBehavior [ RunTime:0.000792s ]
INFO: [ view_filter ] --END-- [ RunTime:0.000874s ]
INFO: [ app_end ] --START--
INFO: Run Behavior\ShowPageTraceBehavior [ RunTime:0.001195s ]
INFO: [ app_end ] --END-- [ RunTime:0.001295s ]

[ 2017-01-10T05:05:31+08:00 ] 127.0.0.1 /home-index-category
INFO: [ app_init ] --START--
INFO: Run Behavior\BuildLiteBehavior [ RunTime:0.000022s ]
INFO: [ app_init ] --END-- [ RunTime:0.000960s ]
INFO: [ app_begin ] --START--
INFO: Run Behavior\ReadHtmlCacheBehavior [ RunTime:0.001311s ]
INFO: [ app_begin ] --END-- [ RunTime:0.001432s ]
NOTIC: [8] Undefined index: id C:\Program Files\Git-2.11.0-64-bit\e2\App\Home\Controller\IndexController.class.php  31 .
SQL: SHOW COLUMNS FROM `e2_category` [ RunTime:0.0026s ]
SQL: SELECT * FROM `e2_category`  [ RunTime:0.0004s ]
SQL: SHOW COLUMNS FROM `e2_goods` [ RunTime:0.0028s ]
SQL: SELECT `id`,`cat_id`,`goods_name`,`goods_thumb`,`shop_price` FROM `e2_goods` WHERE ( cat_id in
        (1,2,3,4,0) )  [ RunTime:0.0005s ]
INFO: [ view_parse ] --START--
INFO: [ template_filter ] --START--
INFO: Run Behavior\ContentReplaceBehavior [ RunTime:0.000175s ]
INFO: [ template_filter ] --END-- [ RunTime:0.000261s ]
INFO: Run Behavior\ParseTemplateBehavior [ RunTime:0.045919s ]
INFO: [ view_parse ] --END-- [ RunTime:0.046025s ]
INFO: [ view_filter ] --START--
INFO: Run Behavior\WriteHtmlCacheBehavior [ RunTime:0.000910s ]
INFO: [ view_filter ] --END-- [ RunTime:0.000992s ]
INFO: [ app_end ] --START--
INFO: Run Behavior\ShowPageTraceBehavior [ RunTime:0.029884s ]
INFO: [ app_end ] --END-- [ RunTime:0.029971s ]

[ 2017-01-10T05:05:31+08:00 ] 127.0.0.1 /index.php
INFO: [ app_init ] --START--
INFO: Run Behavior\BuildLiteBehavior [ RunTime:0.000026s ]
INFO: [ app_init ] --END-- [ RunTime:0.000896s ]
INFO: [ app_begin ] --START--
INFO: Run Behavior\ReadHtmlCacheBehavior [ RunTime:0.001026s ]
INFO: [ app_begin ] --END-- [ RunTime:0.001127s ]
SQL: SHOW COLUMNS FROM `e2_goods` [ RunTime:0.0028s ]
SQL: SELECT `id`,`goods_name`,`goods_thumb`,`shop_price` FROM `e2_goods` WHERE ( is_new=1 and
            is_sale=1 and is_delete=0 ) ORDER BY id desc LIMIT 3   [ RunTime:0.0005s ]
SQL: SELECT `id`,`goods_name`,`goods_thumb`,`shop_price` FROM `e2_goods` WHERE ( is_hot=1 and
            is_sale=1 and is_delete=0 ) ORDER BY id desc LIMIT 3   [ RunTime:0.0005s ]
SQL: SELECT `id`,`goods_name`,`goods_thumb`,`shop_price` FROM `e2_goods` WHERE ( is_best=1 and
            is_sale=1 and is_delete=0 ) ORDER BY id desc LIMIT 3   [ RunTime:0.0005s ]
SQL: SHOW COLUMNS FROM `e2_category` [ RunTime:0.0029s ]
SQL: SELECT * FROM `e2_category`  [ RunTime:0.0004s ]
INFO: [ view_parse ] --START--
INFO: [ template_filter ] --START--
INFO: Run Behavior\ContentReplaceBehavior [ RunTime:0.000263s ]
INFO: [ template_filter ] --END-- [ RunTime:0.000358s ]
INFO: Run Behavior\ParseTemplateBehavior [ RunTime:0.041402s ]
INFO: [ view_parse ] --END-- [ RunTime:0.041493s ]
INFO: [ view_filter ] --START--
INFO: Run Behavior\WriteHtmlCacheBehavior [ RunTime:0.000748s ]
INFO: [ view_filter ] --END-- [ RunTime:0.000831s ]
INFO: [ app_end ] --START--
INFO: Run Behavior\ShowPageTraceBehavior [ RunTime:0.001059s ]
INFO: [ app_end ] --END-- [ RunTime:0.001153s ]

[ 2017-01-10T05:05:40+08:00 ] 127.0.0.1 /home-index-category
INFO: [ app_init ] --START--
INFO: Run Behavior\BuildLiteBehavior [ RunTime:0.000021s ]
INFO: [ app_init ] --END-- [ RunTime:0.000811s ]
INFO: [ app_begin ] --START--
INFO: Run Behavior\ReadHtmlCacheBehavior [ RunTime:0.000993s ]
INFO: [ app_begin ] --END-- [ RunTime:0.001089s ]
NOTIC: [8] Undefined index: id C:\Program Files\Git-2.11.0-64-bit\e2\App\Home\Controller\IndexController.class.php  31 .
SQL: SHOW COLUMNS FROM `e2_category` [ RunTime:0.0026s ]
SQL: SELECT * FROM `e2_category`  [ RunTime:0.0004s ]
SQL: SHOW COLUMNS FROM `e2_goods` [ RunTime:0.0028s ]
SQL: SELECT `id`,`cat_id`,`goods_name`,`goods_thumb`,`shop_price` FROM `e2_goods` WHERE ( cat_id in
        (1,2,3,4,0) )  [ RunTime:0.0005s ]
INFO: [ view_parse ] --START--
INFO: [ template_filter ] --START--
INFO: Run Behavior\ContentReplaceBehavior [ RunTime:0.000171s ]
INFO: [ template_filter ] --END-- [ RunTime:0.000260s ]
INFO: Run Behavior\ParseTemplateBehavior [ RunTime:0.038520s ]
INFO: [ view_parse ] --END-- [ RunTime:0.038626s ]
INFO: [ view_filter ] --START--
INFO: Run Behavior\WriteHtmlCacheBehavior [ RunTime:0.000704s ]
INFO: [ view_filter ] --END-- [ RunTime:0.000802s ]
INFO: [ app_end ] --START--
INFO: Run Behavior\ShowPageTraceBehavior [ RunTime:0.001066s ]
INFO: [ app_end ] --END-- [ RunTime:0.001198s ]

[ 2017-01-10T05:05:41+08:00 ] 127.0.0.1 /index.php
INFO: [ app_init ] --START--
INFO: Run Behavior\BuildLiteBehavior [ RunTime:0.000022s ]
INFO: [ app_init ] --END-- [ RunTime:0.000848s ]
INFO: [ app_begin ] --START--
INFO: Run Behavior\ReadHtmlCacheBehavior [ RunTime:0.001087s ]
INFO: [ app_begin ] --END-- [ RunTime:0.001185s ]
SQL: SHOW COLUMNS FROM `e2_goods` [ RunTime:0.0030s ]
SQL: SELECT `id`,`goods_name`,`goods_thumb`,`shop_price` FROM `e2_goods` WHERE ( is_new=1 and
            is_sale=1 and is_delete=0 ) ORDER BY id desc LIMIT 3   [ RunTime:0.0005s ]
SQL: SELECT `id`,`goods_name`,`goods_thumb`,`shop_price` FROM `e2_goods` WHERE ( is_hot=1 and
            is_sale=1 and is_delete=0 ) ORDER BY id desc LIMIT 3   [ RunTime:0.0005s ]
SQL: SELECT `id`,`goods_name`,`goods_thumb`,`shop_price` FROM `e2_goods` WHERE ( is_best=1 and
            is_sale=1 and is_delete=0 ) ORDER BY id desc LIMIT 3   [ RunTime:0.0005s ]
SQL: SHOW COLUMNS FROM `e2_category` [ RunTime:0.0025s ]
SQL: SELECT * FROM `e2_category`  [ RunTime:0.0004s ]
INFO: [ view_parse ] --START--
INFO: [ template_filter ] --START--
INFO: Run Behavior\ContentReplaceBehavior [ RunTime:0.000251s ]
INFO: [ template_filter ] --END-- [ RunTime:0.000341s ]
INFO: Run Behavior\ParseTemplateBehavior [ RunTime:0.026367s ]
INFO: [ view_parse ] --END-- [ RunTime:0.026458s ]
INFO: [ view_filter ] --START--
INFO: Run Behavior\WriteHtmlCacheBehavior [ RunTime:0.000807s ]
INFO: [ view_filter ] --END-- [ RunTime:0.000890s ]
INFO: [ app_end ] --START--
INFO: Run Behavior\ShowPageTraceBehavior [ RunTime:0.001260s ]
INFO: [ app_end ] --END-- [ RunTime:0.001358s ]

[ 2017-01-10T05:05:44+08:00 ] 127.0.0.1 /home-index-category-id-5
INFO: [ app_init ] --START--
INFO: Run Behavior\BuildLiteBehavior [ RunTime:0.000022s ]
INFO: [ app_init ] --END-- [ RunTime:0.000975s ]
INFO: [ app_begin ] --START--
INFO: Run Behavior\ReadHtmlCacheBehavior [ RunTime:0.001168s ]
INFO: [ app_begin ] --END-- [ RunTime:0.001265s ]
SQL: SHOW COLUMNS FROM `e2_category` [ RunTime:0.0026s ]
SQL: SELECT * FROM `e2_category`  [ RunTime:0.0004s ]
SQL: SHOW COLUMNS FROM `e2_goods` [ RunTime:0.0028s ]
SQL: SELECT `id`,`cat_id`,`goods_name`,`goods_thumb`,`shop_price` FROM `e2_goods` WHERE ( cat_id in
        (5) )  [ RunTime:0.0005s ]
INFO: [ view_parse ] --START--
INFO: [ template_filter ] --START--
INFO: Run Behavior\ContentReplaceBehavior [ RunTime:0.000173s ]
INFO: [ template_filter ] --END-- [ RunTime:0.000270s ]
INFO: Run Behavior\ParseTemplateBehavior [ RunTime:0.029625s ]
INFO: [ view_parse ] --END-- [ RunTime:0.029731s ]
INFO: [ view_filter ] --START--
INFO: Run Behavior\WriteHtmlCacheBehavior [ RunTime:0.000738s ]
INFO: [ view_filter ] --END-- [ RunTime:0.000822s ]
INFO: [ app_end ] --START--
INFO: Run Behavior\ShowPageTraceBehavior [ RunTime:0.001127s ]
INFO: [ app_end ] --END-- [ RunTime:0.001219s ]

[ 2017-01-10T05:05:50+08:00 ] 127.0.0.1 /home-index-category-id-1
INFO: [ app_init ] --START--
INFO: Run Behavior\BuildLiteBehavior [ RunTime:0.000021s ]
INFO: [ app_init ] --END-- [ RunTime:0.000796s ]
INFO: [ app_begin ] --START--
INFO: Run Behavior\ReadHtmlCacheBehavior [ RunTime:0.001007s ]
INFO: [ app_begin ] --END-- [ RunTime:0.001118s ]
SQL: SHOW COLUMNS FROM `e2_category` [ RunTime:0.0027s ]
SQL: SELECT * FROM `e2_category`  [ RunTime:0.0004s ]
SQL: SHOW COLUMNS FROM `e2_goods` [ RunTime:0.0028s ]
SQL: SELECT `id`,`cat_id`,`goods_name`,`goods_thumb`,`shop_price` FROM `e2_goods` WHERE ( cat_id in
        (2,3,4,1) )  [ RunTime:0.0004s ]
INFO: [ view_parse ] --START--
INFO: [ template_filter ] --START--
INFO: Run Behavior\ContentReplaceBehavior [ RunTime:0.000202s ]
INFO: [ template_filter ] --END-- [ RunTime:0.000288s ]
INFO: Run Behavior\ParseTemplateBehavior [ RunTime:0.021855s ]
INFO: [ view_parse ] --END-- [ RunTime:0.021953s ]
INFO: [ view_filter ] --START--
INFO: Run Behavior\WriteHtmlCacheBehavior [ RunTime:0.000671s ]
INFO: [ view_filter ] --END-- [ RunTime:0.000754s ]
INFO: [ app_end ] --START--
INFO: Run Behavior\ShowPageTraceBehavior [ RunTime:0.001071s ]
INFO: [ app_end ] --END-- [ RunTime:0.001165s ]

[ 2017-01-10T05:07:48+08:00 ] 127.0.0.1 /home-index-category-id-1
INFO: [ app_init ] --START--
INFO: Run Behavior\BuildLiteBehavior [ RunTime:0.000025s ]
INFO: [ app_init ] --END-- [ RunTime:0.041522s ]
INFO: [ app_begin ] --START--
INFO: Run Behavior\ReadHtmlCacheBehavior [ RunTime:0.010639s ]
INFO: [ app_begin ] --END-- [ RunTime:0.010771s ]
SQL: SHOW COLUMNS FROM `e2_category` [ RunTime:0.0028s ]
SQL: SELECT * FROM `e2_category`  [ RunTime:0.0005s ]
SQL: SHOW COLUMNS FROM `e2_goods` [ RunTime:0.0031s ]
SQL: SELECT `id`,`cat_id`,`goods_name`,`goods_thumb`,`shop_price` FROM `e2_goods` WHERE ( cat_id in
        (2,3,4,1) )  [ RunTime:0.0005s ]
INFO: [ view_parse ] --START--
INFO: [ template_filter ] --START--
INFO: Run Behavior\ContentReplaceBehavior [ RunTime:0.000198s ]
INFO: [ template_filter ] --END-- [ RunTime:0.000289s ]
INFO: Run Behavior\ParseTemplateBehavior [ RunTime:0.618340s ]
INFO: [ view_parse ] --END-- [ RunTime:0.618477s ]
INFO: [ view_filter ] --START--
INFO: Run Behavior\WriteHtmlCacheBehavior [ RunTime:0.081112s ]
INFO: [ view_filter ] --END-- [ RunTime:0.081215s ]
INFO: [ app_end ] --START--
INFO: Run Behavior\ShowPageTraceBehavior [ RunTime:0.057211s ]
INFO: [ app_end ] --END-- [ RunTime:0.057404s ]

