[ 2017-01-20T02:19:45+08:00 ] 127.0.0.1 /
INFO: [ app_init ] --START--
INFO: Run Behavior\BuildLiteBehavior [ RunTime:0.000020s ]
INFO: [ app_init ] --END-- [ RunTime:0.000469s ]
INFO: [ app_begin ] --START--
INFO: Run Behavior\ReadHtmlCacheBehavior [ RunTime:0.000720s ]
INFO: [ app_begin ] --END-- [ RunTime:0.000816s ]
SQL: SHOW COLUMNS FROM `e2_goods` [ RunTime:0.0204s ]
SQL: SELECT `id`,`goods_name`,`goods_thumb`,`shop_price` FROM `e2_goods` WHERE ( is_new=1 and
            is_sale=1 and is_delete=0 ) ORDER BY id desc LIMIT 3   [ RunTime:0.0681s ]
SQL: SELECT `id`,`goods_name`,`goods_thumb`,`shop_price` FROM `e2_goods` WHERE ( is_hot=1 and
            is_sale=1 and is_delete=0 ) ORDER BY id desc LIMIT 3   [ RunTime:0.0004s ]
SQL: SELECT `id`,`goods_name`,`goods_thumb`,`shop_price` FROM `e2_goods` WHERE ( is_best=1 and
            is_sale=1 and is_delete=0 ) ORDER BY id desc LIMIT 3   [ RunTime:0.0005s ]
SQL: SHOW COLUMNS FROM `e2_category` [ RunTime:0.0024s ]
SQL: SELECT * FROM `e2_category`  [ RunTime:0.0216s ]
INFO: [ view_parse ] --START--
INFO: [ template_filter ] --START--
INFO: Run Behavior\ContentReplaceBehavior [ RunTime:0.000237s ]
INFO: [ template_filter ] --END-- [ RunTime:0.000333s ]
INFO: Run Behavior\ParseTemplateBehavior [ RunTime:0.082283s ]
INFO: [ view_parse ] --END-- [ RunTime:0.082388s ]
INFO: [ view_filter ] --START--
INFO: Run Behavior\WriteHtmlCacheBehavior [ RunTime:0.000537s ]
INFO: [ view_filter ] --END-- [ RunTime:0.000612s ]
INFO: [ app_end ] --START--
INFO: Run Behavior\ShowPageTraceBehavior [ RunTime:0.000866s ]
INFO: [ app_end ] --END-- [ RunTime:0.001075s ]

[ 2017-01-20T02:19:47+08:00 ] 127.0.0.1 /Home-User-login.html
INFO: [ app_init ] --START--
INFO: Run Behavior\BuildLiteBehavior [ RunTime:0.000019s ]
INFO: [ app_init ] --END-- [ RunTime:0.000399s ]
INFO: [ app_begin ] --START--
INFO: Run Behavior\ReadHtmlCacheBehavior [ RunTime:0.000763s ]
INFO: [ app_begin ] --END-- [ RunTime:0.000861s ]
INFO: [ view_parse ] --START--
INFO: [ template_filter ] --START--
INFO: Run Behavior\ContentReplaceBehavior [ RunTime:0.000077s ]
INFO: [ template_filter ] --END-- [ RunTime:0.000161s ]
INFO: Run Behavior\ParseTemplateBehavior [ RunTime:0.015073s ]
INFO: [ view_parse ] --END-- [ RunTime:0.015173s ]
INFO: [ view_filter ] --START--
INFO: Run Behavior\WriteHtmlCacheBehavior [ RunTime:0.000451s ]
INFO: [ view_filter ] --END-- [ RunTime:0.000522s ]
INFO: [ app_end ] --START--
INFO: Run Behavior\ShowPageTraceBehavior [ RunTime:0.000749s ]
INFO: [ app_end ] --END-- [ RunTime:0.000830s ]

[ 2017-01-20T02:19:54+08:00 ] 127.0.0.1 /Home-User-login
INFO: [ app_init ] --START--
INFO: Run Behavior\BuildLiteBehavior [ RunTime:0.000020s ]
INFO: [ app_init ] --END-- [ RunTime:0.000462s ]
INFO: [ app_begin ] --START--
INFO: Run Behavior\ReadHtmlCacheBehavior [ RunTime:0.000710s ]
INFO: [ app_begin ] --END-- [ RunTime:0.000805s ]
SQL: SHOW COLUMNS FROM `e2_user` [ RunTime:0.0026s ]
SQL: SELECT * FROM `e2_user` WHERE ( username='qwerqwer1' ) LIMIT 1   [ RunTime:0.0275s ]
INFO: [ view_parse ] --START--
INFO: [ template_filter ] --START--
INFO: Run Behavior\ContentReplaceBehavior [ RunTime:0.000049s ]
INFO: [ template_filter ] --END-- [ RunTime:0.000130s ]
INFO: Run Behavior\ParseTemplateBehavior [ RunTime:0.026490s ]
INFO: [ view_parse ] --END-- [ RunTime:0.026591s ]
INFO: [ view_filter ] --START--
INFO: Run Behavior\WriteHtmlCacheBehavior [ RunTime:0.000377s ]
INFO: [ view_filter ] --END-- [ RunTime:0.000444s ]

[ 2017-01-20T02:19:55+08:00 ] 127.0.0.1 /Home-Index-index.html
INFO: [ app_init ] --START--
INFO: Run Behavior\BuildLiteBehavior [ RunTime:0.000019s ]
INFO: [ app_init ] --END-- [ RunTime:0.000431s ]
INFO: [ app_begin ] --START--
INFO: Run Behavior\ReadHtmlCacheBehavior [ RunTime:0.000607s ]
INFO: [ app_begin ] --END-- [ RunTime:0.000696s ]
SQL: SHOW COLUMNS FROM `e2_goods` [ RunTime:0.0026s ]
SQL: SELECT `id`,`goods_name`,`goods_thumb`,`shop_price` FROM `e2_goods` WHERE ( is_new=1 and
            is_sale=1 and is_delete=0 ) ORDER BY id desc LIMIT 3   [ RunTime:0.0005s ]
SQL: SELECT `id`,`goods_name`,`goods_thumb`,`shop_price` FROM `e2_goods` WHERE ( is_hot=1 and
            is_sale=1 and is_delete=0 ) ORDER BY id desc LIMIT 3   [ RunTime:0.0005s ]
SQL: SELECT `id`,`goods_name`,`goods_thumb`,`shop_price` FROM `e2_goods` WHERE ( is_best=1 and
            is_sale=1 and is_delete=0 ) ORDER BY id desc LIMIT 3   [ RunTime:0.0004s ]
SQL: SHOW COLUMNS FROM `e2_category` [ RunTime:0.0024s ]
SQL: SELECT * FROM `e2_category`  [ RunTime:0.0004s ]
INFO: [ view_parse ] --START--
INFO: [ template_filter ] --START--
INFO: Run Behavior\ContentReplaceBehavior [ RunTime:0.000219s ]
INFO: [ template_filter ] --END-- [ RunTime:0.000312s ]
INFO: Run Behavior\ParseTemplateBehavior [ RunTime:0.024785s ]
INFO: [ view_parse ] --END-- [ RunTime:0.024878s ]
INFO: [ view_filter ] --START--
INFO: Run Behavior\WriteHtmlCacheBehavior [ RunTime:0.000363s ]
INFO: [ view_filter ] --END-- [ RunTime:0.000433s ]
INFO: [ app_end ] --START--
INFO: Run Behavior\ShowPageTraceBehavior [ RunTime:0.000794s ]
INFO: [ app_end ] --END-- [ RunTime:0.000882s ]

[ 2017-01-20T02:19:59+08:00 ] 127.0.0.1 /Home-Index-detail-id-13.html
INFO: [ app_init ] --START--
INFO: Run Behavior\BuildLiteBehavior [ RunTime:0.000019s ]
INFO: [ app_init ] --END-- [ RunTime:0.000427s ]
INFO: [ app_begin ] --START--
INFO: Run Behavior\ReadHtmlCacheBehavior [ RunTime:0.000590s ]
INFO: [ app_begin ] --END-- [ RunTime:0.000679s ]
SQL: SHOW COLUMNS FROM `e2_goods` [ RunTime:0.0026s ]
SQL: SELECT `id`,`goods_name`,`goods_img`,`goods_sn`,`shop_price`,`add_time`,`goods_ori` FROM `e2_goods` WHERE `id` = 13 LIMIT 1   [ RunTime:0.0004s ]
SQL: SHOW COLUMNS FROM `e2_goods_attr` [ RunTime:0.0201s ]
SQL: SELECT a.*,b.attr_name,b.attr_type FROM `e2_goods_attr` a left join e2_attribute b on
        a.goods_attr_id=b.id  WHERE ( a.goods_id=13 )  [ RunTime:0.0006s ]
INFO: [ view_parse ] --START--
INFO: [ template_filter ] --START--
INFO: Run Behavior\ContentReplaceBehavior [ RunTime:0.000268s ]
INFO: [ template_filter ] --END-- [ RunTime:0.000355s ]
NOTIC: [8] Undefined variable: catedata C:\Program Files\Git-2.11.0-64-bit\e2\App\Runtime\Cache\Home\56563fb70bfd45c5e738bfc14042f337.php 第 175 行.
NOTIC: [2] Invalid argument supplied for foreach() C:\Program Files\Git-2.11.0-64-bit\e2\App\Runtime\Cache\Home\56563fb70bfd45c5e738bfc14042f337.php 第 175 行.
NOTIC: [8] Undefined variable: uniquedata C:\Program Files\Git-2.11.0-64-bit\e2\App\Runtime\Cache\Home\56563fb70bfd45c5e738bfc14042f337.php 第 551 行.
NOTIC: [2] Invalid argument supplied for foreach() C:\Program Files\Git-2.11.0-64-bit\e2\App\Runtime\Cache\Home\56563fb70bfd45c5e738bfc14042f337.php 第 551 行.
INFO: Run Behavior\ParseTemplateBehavior [ RunTime:0.038304s ]
INFO: [ view_parse ] --END-- [ RunTime:0.038386s ]
INFO: [ view_filter ] --START--
INFO: Run Behavior\WriteHtmlCacheBehavior [ RunTime:0.000366s ]
INFO: [ view_filter ] --END-- [ RunTime:0.000438s ]
INFO: [ app_end ] --START--
INFO: Run Behavior\ShowPageTraceBehavior [ RunTime:0.000720s ]
INFO: [ app_end ] --END-- [ RunTime:0.000806s ]

[ 2017-01-20T02:20:02+08:00 ] 127.0.0.1 /Home-Cart-addCart.html
INFO: [ app_init ] --START--
INFO: Run Behavior\BuildLiteBehavior [ RunTime:0.000018s ]
INFO: [ app_init ] --END-- [ RunTime:0.000418s ]
INFO: [ app_begin ] --START--
INFO: Run Behavior\ReadHtmlCacheBehavior [ RunTime:0.000605s ]
INFO: [ app_begin ] --END-- [ RunTime:0.000698s ]
SQL: SHOW COLUMNS FROM `e2_cart` [ RunTime:0.0025s ]
SQL: SELECT * FROM `e2_cart` WHERE ( user_id=5 and goods_id=13 and goods_attr_id='' ) LIMIT 1   [ RunTime:0.0253s ]
SQL: UPDATE `e2_cart` SET `goods_count`=goods_count+1 WHERE ( user_id=5 and goods_id=13 and goods_attr_id='' ) [ RunTime:0.1265s ]
INFO: [ view_parse ] --START--
INFO: [ template_filter ] --START--
INFO: Run Behavior\ContentReplaceBehavior [ RunTime:0.000050s ]
INFO: [ template_filter ] --END-- [ RunTime:0.000133s ]
INFO: Run Behavior\ParseTemplateBehavior [ RunTime:0.006923s ]
INFO: [ view_parse ] --END-- [ RunTime:0.007043s ]
INFO: [ view_filter ] --START--
INFO: Run Behavior\WriteHtmlCacheBehavior [ RunTime:0.000333s ]
INFO: [ view_filter ] --END-- [ RunTime:0.000403s ]
INFO: [ app_end ] --START--
INFO: Run Behavior\ShowPageTraceBehavior [ RunTime:0.000665s ]
INFO: [ app_end ] --END-- [ RunTime:0.000744s ]

[ 2017-01-20T02:20:03+08:00 ] 127.0.0.1 /Home-Cart-cartList.html
INFO: [ app_init ] --START--
INFO: Run Behavior\BuildLiteBehavior [ RunTime:0.000021s ]
INFO: [ app_init ] --END-- [ RunTime:0.000417s ]
INFO: [ app_begin ] --START--
INFO: Run Behavior\ReadHtmlCacheBehavior [ RunTime:0.000607s ]
INFO: [ app_begin ] --END-- [ RunTime:0.000698s ]
SQL: SHOW COLUMNS FROM `e2_cart` [ RunTime:0.0024s ]
SQL: SELECT * FROM `e2_cart` WHERE ( user_id=5 )  [ RunTime:0.0005s ]
SQL: SELECT * FROM `e2_cart` WHERE ( user_id=5 )  [ RunTime:0.0005s ]
INFO: [ view_parse ] --START--
INFO: [ template_filter ] --START--
INFO: Run Behavior\ContentReplaceBehavior [ RunTime:0.000080s ]
INFO: [ template_filter ] --END-- [ RunTime:0.000183s ]
NOTIC: [2] Invalid argument supplied for foreach() C:\Program Files\Git-2.11.0-64-bit\e2\App\Runtime\Cache\Home\13690c1428fdc9c462c3afcb179693bd.php 第 76 行.
INFO: Run Behavior\ParseTemplateBehavior [ RunTime:0.009581s ]
INFO: [ view_parse ] --END-- [ RunTime:0.009668s ]
INFO: [ view_filter ] --START--
INFO: Run Behavior\WriteHtmlCacheBehavior [ RunTime:0.000344s ]
INFO: [ view_filter ] --END-- [ RunTime:0.000414s ]
INFO: [ app_end ] --START--
INFO: Run Behavior\ShowPageTraceBehavior [ RunTime:0.000628s ]
INFO: [ app_end ] --END-- [ RunTime:0.000721s ]

[ 2017-01-20T02:20:09+08:00 ] 127.0.0.1 /Home-Cart-cartList.html
INFO: [ app_init ] --START--
INFO: Run Behavior\BuildLiteBehavior [ RunTime:0.000021s ]
INFO: [ app_init ] --END-- [ RunTime:0.000468s ]
INFO: [ app_begin ] --START--
INFO: Run Behavior\ReadHtmlCacheBehavior [ RunTime:0.000732s ]
INFO: [ app_begin ] --END-- [ RunTime:0.000829s ]
SQL: SHOW COLUMNS FROM `e2_cart` [ RunTime:0.0024s ]
SQL: SELECT * FROM `e2_cart` WHERE ( user_id=5 )  [ RunTime:0.0005s ]
SQL: SELECT * FROM `e2_cart` WHERE ( user_id=5 )  [ RunTime:0.0005s ]
INFO: [ view_parse ] --START--
INFO: [ template_filter ] --START--
INFO: Run Behavior\ContentReplaceBehavior [ RunTime:0.000081s ]
INFO: [ template_filter ] --END-- [ RunTime:0.000171s ]
NOTIC: [2] Invalid argument supplied for foreach() C:\Program Files\Git-2.11.0-64-bit\e2\App\Runtime\Cache\Home\13690c1428fdc9c462c3afcb179693bd.php 第 76 行.
INFO: Run Behavior\ParseTemplateBehavior [ RunTime:0.018561s ]
INFO: [ view_parse ] --END-- [ RunTime:0.018654s ]
INFO: [ view_filter ] --START--
INFO: Run Behavior\WriteHtmlCacheBehavior [ RunTime:0.000433s ]
INFO: [ view_filter ] --END-- [ RunTime:0.000507s ]
INFO: [ app_end ] --START--
INFO: Run Behavior\ShowPageTraceBehavior [ RunTime:0.000737s ]
INFO: [ app_end ] --END-- [ RunTime:0.000827s ]

[ 2017-01-20T02:26:21+08:00 ] 127.0.0.1 /Home-Cart-cartList.html
INFO: [ app_init ] --START--
INFO: Run Behavior\BuildLiteBehavior [ RunTime:0.000020s ]
INFO: [ app_init ] --END-- [ RunTime:0.000543s ]
INFO: [ app_begin ] --START--
INFO: Run Behavior\ReadHtmlCacheBehavior [ RunTime:0.000732s ]
INFO: [ app_begin ] --END-- [ RunTime:0.000881s ]
SQL: SHOW COLUMNS FROM `e2_cart` [ RunTime:0.0025s ]
SQL: SELECT * FROM `e2_cart` WHERE ( user_id=5 )  [ RunTime:0.0004s ]
SQL: SELECT * FROM `e2_cart` WHERE ( user_id=5 )  [ RunTime:0.0004s ]
INFO: [ view_parse ] --START--
INFO: [ template_filter ] --START--
INFO: Run Behavior\ContentReplaceBehavior [ RunTime:0.000082s ]
INFO: [ template_filter ] --END-- [ RunTime:0.000188s ]
NOTIC: [2] Invalid argument supplied for foreach() C:\Program Files\Git-2.11.0-64-bit\e2\App\Runtime\Cache\Home\13690c1428fdc9c462c3afcb179693bd.php 第 76 行.
INFO: Run Behavior\ParseTemplateBehavior [ RunTime:0.015529s ]
INFO: [ view_parse ] --END-- [ RunTime:0.015611s ]
INFO: [ view_filter ] --START--
INFO: Run Behavior\WriteHtmlCacheBehavior [ RunTime:0.000452s ]
INFO: [ view_filter ] --END-- [ RunTime:0.000526s ]
INFO: [ app_end ] --START--
INFO: Run Behavior\ShowPageTraceBehavior [ RunTime:0.000875s ]
INFO: [ app_end ] --END-- [ RunTime:0.000955s ]

[ 2017-01-20T02:26:26+08:00 ] 127.0.0.1 /Home-Cart-cartList.html
INFO: [ app_init ] --START--
INFO: Run Behavior\BuildLiteBehavior [ RunTime:0.000019s ]
INFO: [ app_init ] --END-- [ RunTime:0.000430s ]
INFO: [ app_begin ] --START--
INFO: Run Behavior\ReadHtmlCacheBehavior [ RunTime:0.000614s ]
INFO: [ app_begin ] --END-- [ RunTime:0.000714s ]
SQL: SHOW COLUMNS FROM `e2_cart` [ RunTime:0.0024s ]
SQL: SELECT * FROM `e2_cart` WHERE ( user_id=5 )  [ RunTime:0.0004s ]
SQL: SELECT * FROM `e2_cart` WHERE ( user_id=5 )  [ RunTime:0.0004s ]
INFO: [ view_parse ] --START--
INFO: [ template_filter ] --START--
INFO: Run Behavior\ContentReplaceBehavior [ RunTime:0.000083s ]
INFO: [ template_filter ] --END-- [ RunTime:0.000177s ]
NOTIC: [2] Invalid argument supplied for foreach() C:\Program Files\Git-2.11.0-64-bit\e2\App\Runtime\Cache\Home\13690c1428fdc9c462c3afcb179693bd.php 第 76 行.
INFO: Run Behavior\ParseTemplateBehavior [ RunTime:0.009735s ]
INFO: [ view_parse ] --END-- [ RunTime:0.009819s ]
INFO: [ view_filter ] --START--
INFO: Run Behavior\WriteHtmlCacheBehavior [ RunTime:0.000345s ]
INFO: [ view_filter ] --END-- [ RunTime:0.000414s ]
INFO: [ app_end ] --START--
INFO: Run Behavior\ShowPageTraceBehavior [ RunTime:0.000633s ]
INFO: [ app_end ] --END-- [ RunTime:0.000707s ]

[ 2017-01-20T02:26:33+08:00 ] 127.0.0.1 /Home-Index-detail-id-13.html
INFO: [ app_init ] --START--
INFO: Run Behavior\BuildLiteBehavior [ RunTime:0.000019s ]
INFO: [ app_init ] --END-- [ RunTime:0.000404s ]
INFO: [ app_begin ] --START--
INFO: Run Behavior\ReadHtmlCacheBehavior [ RunTime:0.000600s ]
INFO: [ app_begin ] --END-- [ RunTime:0.000689s ]
SQL: SHOW COLUMNS FROM `e2_goods` [ RunTime:0.0031s ]
SQL: SELECT `id`,`goods_name`,`goods_img`,`goods_sn`,`shop_price`,`add_time`,`goods_ori` FROM `e2_goods` WHERE `id` = 13 LIMIT 1   [ RunTime:0.0004s ]
SQL: SHOW COLUMNS FROM `e2_goods_attr` [ RunTime:0.0026s ]
SQL: SELECT a.*,b.attr_name,b.attr_type FROM `e2_goods_attr` a left join e2_attribute b on
        a.goods_attr_id=b.id  WHERE ( a.goods_id=13 )  [ RunTime:0.0005s ]
INFO: [ view_parse ] --START--
INFO: [ template_filter ] --START--
INFO: Run Behavior\ContentReplaceBehavior [ RunTime:0.000282s ]
INFO: [ template_filter ] --END-- [ RunTime:0.000379s ]
NOTIC: [8] Undefined variable: catedata C:\Program Files\Git-2.11.0-64-bit\e2\App\Runtime\Cache\Home\56563fb70bfd45c5e738bfc14042f337.php 第 175 行.
NOTIC: [2] Invalid argument supplied for foreach() C:\Program Files\Git-2.11.0-64-bit\e2\App\Runtime\Cache\Home\56563fb70bfd45c5e738bfc14042f337.php 第 175 行.
NOTIC: [8] Undefined variable: uniquedata C:\Program Files\Git-2.11.0-64-bit\e2\App\Runtime\Cache\Home\56563fb70bfd45c5e738bfc14042f337.php 第 551 行.
NOTIC: [2] Invalid argument supplied for foreach() C:\Program Files\Git-2.11.0-64-bit\e2\App\Runtime\Cache\Home\56563fb70bfd45c5e738bfc14042f337.php 第 551 行.
INFO: Run Behavior\ParseTemplateBehavior [ RunTime:0.022744s ]
INFO: [ view_parse ] --END-- [ RunTime:0.022903s ]
INFO: [ view_filter ] --START--
INFO: Run Behavior\WriteHtmlCacheBehavior [ RunTime:0.000398s ]
INFO: [ view_filter ] --END-- [ RunTime:0.000482s ]
INFO: [ app_end ] --START--
INFO: Run Behavior\ShowPageTraceBehavior [ RunTime:0.000732s ]
INFO: [ app_end ] --END-- [ RunTime:0.000823s ]

[ 2017-01-20T02:26:36+08:00 ] 127.0.0.1 /Home-Cart-addCart.html
INFO: [ app_init ] --START--
INFO: Run Behavior\BuildLiteBehavior [ RunTime:0.000019s ]
INFO: [ app_init ] --END-- [ RunTime:0.000482s ]
INFO: [ app_begin ] --START--
INFO: Run Behavior\ReadHtmlCacheBehavior [ RunTime:0.000659s ]
INFO: [ app_begin ] --END-- [ RunTime:0.000754s ]
SQL: SHOW COLUMNS FROM `e2_cart` [ RunTime:0.0027s ]
SQL: SELECT * FROM `e2_cart` WHERE ( user_id=5 and goods_id=13 and goods_attr_id='' ) LIMIT 1   [ RunTime:0.0005s ]
SQL: UPDATE `e2_cart` SET `goods_count`=goods_count+1 WHERE ( user_id=5 and goods_id=13 and goods_attr_id='' ) [ RunTime:0.0004s ]
INFO: [ view_parse ] --START--
INFO: [ template_filter ] --START--
INFO: Run Behavior\ContentReplaceBehavior [ RunTime:0.000050s ]
INFO: [ template_filter ] --END-- [ RunTime:0.000130s ]
INFO: Run Behavior\ParseTemplateBehavior [ RunTime:0.007340s ]
INFO: [ view_parse ] --END-- [ RunTime:0.007458s ]
INFO: [ view_filter ] --START--
INFO: Run Behavior\WriteHtmlCacheBehavior [ RunTime:0.000305s ]
INFO: [ view_filter ] --END-- [ RunTime:0.000390s ]
INFO: [ app_end ] --START--
INFO: Run Behavior\ShowPageTraceBehavior [ RunTime:0.000642s ]
INFO: [ app_end ] --END-- [ RunTime:0.000719s ]

[ 2017-01-20T02:26:37+08:00 ] 127.0.0.1 /Home-Cart-cartList.html
INFO: [ app_init ] --START--
INFO: Run Behavior\BuildLiteBehavior [ RunTime:0.000019s ]
INFO: [ app_init ] --END-- [ RunTime:0.000437s ]
INFO: [ app_begin ] --START--
INFO: Run Behavior\ReadHtmlCacheBehavior [ RunTime:0.000641s ]
INFO: [ app_begin ] --END-- [ RunTime:0.000747s ]
SQL: SHOW COLUMNS FROM `e2_cart` [ RunTime:0.0024s ]
SQL: SELECT * FROM `e2_cart` WHERE ( user_id=5 )  [ RunTime:0.0004s ]
SQL: SELECT * FROM `e2_cart` WHERE ( user_id=5 )  [ RunTime:0.0004s ]
INFO: [ view_parse ] --START--
INFO: [ template_filter ] --START--
INFO: Run Behavior\ContentReplaceBehavior [ RunTime:0.000104s ]
INFO: [ template_filter ] --END-- [ RunTime:0.000196s ]
NOTIC: [2] Invalid argument supplied for foreach() C:\Program Files\Git-2.11.0-64-bit\e2\App\Runtime\Cache\Home\13690c1428fdc9c462c3afcb179693bd.php 第 76 行.
INFO: Run Behavior\ParseTemplateBehavior [ RunTime:0.010113s ]
INFO: [ view_parse ] --END-- [ RunTime:0.010237s ]
INFO: [ view_filter ] --START--
INFO: Run Behavior\WriteHtmlCacheBehavior [ RunTime:0.000330s ]
INFO: [ view_filter ] --END-- [ RunTime:0.000401s ]
INFO: [ app_end ] --START--
INFO: Run Behavior\ShowPageTraceBehavior [ RunTime:0.000720s ]
INFO: [ app_end ] --END-- [ RunTime:0.000799s ]

[ 2017-01-20T02:26:38+08:00 ] 127.0.0.1 /Home-Cart-cartList.html
INFO: [ app_init ] --START--
INFO: Run Behavior\BuildLiteBehavior [ RunTime:0.000021s ]
INFO: [ app_init ] --END-- [ RunTime:0.000569s ]
INFO: [ app_begin ] --START--
INFO: Run Behavior\ReadHtmlCacheBehavior [ RunTime:0.000736s ]
INFO: [ app_begin ] --END-- [ RunTime:0.000831s ]
SQL: SHOW COLUMNS FROM `e2_cart` [ RunTime:0.0024s ]
SQL: SELECT * FROM `e2_cart` WHERE ( user_id=5 )  [ RunTime:0.0004s ]
SQL: SELECT * FROM `e2_cart` WHERE ( user_id=5 )  [ RunTime:0.0004s ]
INFO: [ view_parse ] --START--
INFO: [ template_filter ] --START--
INFO: Run Behavior\ContentReplaceBehavior [ RunTime:0.000078s ]
INFO: [ template_filter ] --END-- [ RunTime:0.000165s ]
NOTIC: [2] Invalid argument supplied for foreach() C:\Program Files\Git-2.11.0-64-bit\e2\App\Runtime\Cache\Home\13690c1428fdc9c462c3afcb179693bd.php 第 76 行.
INFO: Run Behavior\ParseTemplateBehavior [ RunTime:0.009184s ]
INFO: [ view_parse ] --END-- [ RunTime:0.009285s ]
INFO: [ view_filter ] --START--
INFO: Run Behavior\WriteHtmlCacheBehavior [ RunTime:0.000319s ]
INFO: [ view_filter ] --END-- [ RunTime:0.000389s ]
INFO: [ app_end ] --START--
INFO: Run Behavior\ShowPageTraceBehavior [ RunTime:0.000637s ]
INFO: [ app_end ] --END-- [ RunTime:0.000711s ]

[ 2017-01-20T02:26:39+08:00 ] 127.0.0.1 /Home-Cart-cartList.html
INFO: [ app_init ] --START--
INFO: Run Behavior\BuildLiteBehavior [ RunTime:0.000019s ]
INFO: [ app_init ] --END-- [ RunTime:0.000440s ]
INFO: [ app_begin ] --START--
INFO: Run Behavior\ReadHtmlCacheBehavior [ RunTime:0.000616s ]
INFO: [ app_begin ] --END-- [ RunTime:0.000705s ]
SQL: SHOW COLUMNS FROM `e2_cart` [ RunTime:0.0026s ]
SQL: SELECT * FROM `e2_cart` WHERE ( user_id=5 )  [ RunTime:0.0004s ]
SQL: SELECT * FROM `e2_cart` WHERE ( user_id=5 )  [ RunTime:0.0004s ]
INFO: [ view_parse ] --START--
INFO: [ template_filter ] --START--
INFO: Run Behavior\ContentReplaceBehavior [ RunTime:0.000078s ]
INFO: [ template_filter ] --END-- [ RunTime:0.000162s ]
NOTIC: [2] Invalid argument supplied for foreach() C:\Program Files\Git-2.11.0-64-bit\e2\App\Runtime\Cache\Home\13690c1428fdc9c462c3afcb179693bd.php 第 76 行.
INFO: Run Behavior\ParseTemplateBehavior [ RunTime:0.009402s ]
INFO: [ view_parse ] --END-- [ RunTime:0.009486s ]
INFO: [ view_filter ] --START--
INFO: Run Behavior\WriteHtmlCacheBehavior [ RunTime:0.000331s ]
INFO: [ view_filter ] --END-- [ RunTime:0.000402s ]
INFO: [ app_end ] --START--
INFO: Run Behavior\ShowPageTraceBehavior [ RunTime:0.000652s ]
INFO: [ app_end ] --END-- [ RunTime:0.000729s ]

[ 2017-01-20T02:27:21+08:00 ] 127.0.0.1 /Home-Cart-cartList.html
INFO: [ app_init ] --START--
INFO: Run Behavior\BuildLiteBehavior [ RunTime:0.000019s ]
INFO: [ app_init ] --END-- [ RunTime:0.000473s ]
INFO: [ app_begin ] --START--
INFO: Run Behavior\ReadHtmlCacheBehavior [ RunTime:0.000950s ]
INFO: [ app_begin ] --END-- [ RunTime:0.001063s ]
SQL: SHOW COLUMNS FROM `e2_cart` [ RunTime:0.0025s ]
SQL: SELECT * FROM `e2_cart` WHERE ( user_id=5 )  [ RunTime:0.0005s ]
SQL: SELECT * FROM `e2_cart` WHERE ( user_id=5 )  [ RunTime:0.0005s ]
INFO: [ view_parse ] --START--
INFO: [ template_filter ] --START--
INFO: Run Behavior\ContentReplaceBehavior [ RunTime:0.000080s ]
INFO: [ template_filter ] --END-- [ RunTime:0.000167s ]
NOTIC: [2] Invalid argument supplied for foreach() C:\Program Files\Git-2.11.0-64-bit\e2\App\Runtime\Cache\Home\13690c1428fdc9c462c3afcb179693bd.php 第 76 行.
INFO: Run Behavior\ParseTemplateBehavior [ RunTime:0.010413s ]
INFO: [ view_parse ] --END-- [ RunTime:0.010504s ]
INFO: [ view_filter ] --START--
INFO: Run Behavior\WriteHtmlCacheBehavior [ RunTime:0.000497s ]
INFO: [ view_filter ] --END-- [ RunTime:0.000572s ]
INFO: [ app_end ] --START--
INFO: Run Behavior\ShowPageTraceBehavior [ RunTime:0.000831s ]
INFO: [ app_end ] --END-- [ RunTime:0.000924s ]

[ 2017-01-20T02:27:23+08:00 ] 127.0.0.1 /Home-User-logout.html
INFO: [ app_init ] --START--
INFO: Run Behavior\BuildLiteBehavior [ RunTime:0.000019s ]
INFO: [ app_init ] --END-- [ RunTime:0.000416s ]
INFO: [ app_begin ] --START--
INFO: Run Behavior\ReadHtmlCacheBehavior [ RunTime:0.000587s ]
INFO: [ app_begin ] --END-- [ RunTime:0.000690s ]
INFO: [ view_parse ] --START--
INFO: [ template_filter ] --START--
INFO: Run Behavior\ContentReplaceBehavior [ RunTime:0.000050s ]
INFO: [ template_filter ] --END-- [ RunTime:0.000133s ]
INFO: Run Behavior\ParseTemplateBehavior [ RunTime:0.007106s ]
INFO: [ view_parse ] --END-- [ RunTime:0.007199s ]
INFO: [ view_filter ] --START--
INFO: Run Behavior\WriteHtmlCacheBehavior [ RunTime:0.000454s ]
INFO: [ view_filter ] --END-- [ RunTime:0.000524s ]
INFO: [ app_end ] --START--
INFO: Run Behavior\ShowPageTraceBehavior [ RunTime:0.000781s ]
INFO: [ app_end ] --END-- [ RunTime:0.000865s ]

[ 2017-01-20T02:27:24+08:00 ] 127.0.0.1 /Home-Index-index.html
INFO: [ app_init ] --START--
INFO: Run Behavior\BuildLiteBehavior [ RunTime:0.000019s ]
INFO: [ app_init ] --END-- [ RunTime:0.000392s ]
INFO: [ app_begin ] --START--
INFO: Run Behavior\ReadHtmlCacheBehavior [ RunTime:0.000594s ]
INFO: [ app_begin ] --END-- [ RunTime:0.000681s ]
SQL: SHOW COLUMNS FROM `e2_goods` [ RunTime:0.0026s ]
SQL: SELECT `id`,`goods_name`,`goods_thumb`,`shop_price` FROM `e2_goods` WHERE ( is_new=1 and
            is_sale=1 and is_delete=0 ) ORDER BY id desc LIMIT 3   [ RunTime:0.0005s ]
SQL: SELECT `id`,`goods_name`,`goods_thumb`,`shop_price` FROM `e2_goods` WHERE ( is_hot=1 and
            is_sale=1 and is_delete=0 ) ORDER BY id desc LIMIT 3   [ RunTime:0.0004s ]
SQL: SELECT `id`,`goods_name`,`goods_thumb`,`shop_price` FROM `e2_goods` WHERE ( is_best=1 and
            is_sale=1 and is_delete=0 ) ORDER BY id desc LIMIT 3   [ RunTime:0.0005s ]
SQL: SHOW COLUMNS FROM `e2_category` [ RunTime:0.0024s ]
SQL: SELECT * FROM `e2_category`  [ RunTime:0.0004s ]
INFO: [ view_parse ] --START--
INFO: [ template_filter ] --START--
INFO: Run Behavior\ContentReplaceBehavior [ RunTime:0.000306s ]
INFO: [ template_filter ] --END-- [ RunTime:0.000421s ]
INFO: Run Behavior\ParseTemplateBehavior [ RunTime:0.025523s ]
INFO: [ view_parse ] --END-- [ RunTime:0.025622s ]
INFO: [ view_filter ] --START--
INFO: Run Behavior\WriteHtmlCacheBehavior [ RunTime:0.000548s ]
INFO: [ view_filter ] --END-- [ RunTime:0.000731s ]
INFO: [ app_end ] --START--
INFO: Run Behavior\ShowPageTraceBehavior [ RunTime:0.000945s ]
INFO: [ app_end ] --END-- [ RunTime:0.001032s ]

[ 2017-01-20T02:27:26+08:00 ] 127.0.0.1 /Home-Cart-cartList.html
INFO: [ app_init ] --START--
INFO: Run Behavior\BuildLiteBehavior [ RunTime:0.000019s ]
INFO: [ app_init ] --END-- [ RunTime:0.000468s ]
INFO: [ app_begin ] --START--
INFO: Run Behavior\ReadHtmlCacheBehavior [ RunTime:0.000665s ]
INFO: [ app_begin ] --END-- [ RunTime:0.000755s ]
SQL: SHOW COLUMNS FROM `e2_cart` [ RunTime:0.0024s ]
SQL: SHOW COLUMNS FROM `e2_goods` [ RunTime:0.0026s ]
SQL: SELECT `id`,`goods_name`,`goods_thumb`,`shop_price` FROM `e2_goods` WHERE ( id=12 ) LIMIT 1   [ RunTime:0.0004s ]
SQL: SELECT `id`,`goods_name`,`goods_thumb`,`shop_price` FROM `e2_goods` WHERE ( id=12 ) LIMIT 1   [ RunTime:0.0004s ]
INFO: [ view_parse ] --START--
INFO: [ template_filter ] --START--
INFO: Run Behavior\ContentReplaceBehavior [ RunTime:0.000084s ]
INFO: [ template_filter ] --END-- [ RunTime:0.000184s ]
NOTIC: [8] Undefined index: attrs C:\Program Files\Git-2.11.0-64-bit\e2\App\Runtime\Cache\Home\13690c1428fdc9c462c3afcb179693bd.php 第 80 行.
INFO: Run Behavior\ParseTemplateBehavior [ RunTime:0.010672s ]
INFO: [ view_parse ] --END-- [ RunTime:0.010752s ]
INFO: [ view_filter ] --START--
INFO: Run Behavior\WriteHtmlCacheBehavior [ RunTime:0.000471s ]
INFO: [ view_filter ] --END-- [ RunTime:0.000543s ]
INFO: [ app_end ] --START--
INFO: Run Behavior\ShowPageTraceBehavior [ RunTime:0.000854s ]
INFO: [ app_end ] --END-- [ RunTime:0.000956s ]

[ 2017-01-20T02:31:59+08:00 ] 127.0.0.1 /Home-Cart-cartList.html
INFO: [ app_init ] --START--
INFO: Run Behavior\BuildLiteBehavior [ RunTime:0.000019s ]
INFO: [ app_init ] --END-- [ RunTime:0.000464s ]
INFO: [ app_begin ] --START--
INFO: Run Behavior\ReadHtmlCacheBehavior [ RunTime:0.000703s ]
INFO: [ app_begin ] --END-- [ RunTime:0.000795s ]
SQL: SHOW COLUMNS FROM `e2_cart` [ RunTime:0.0026s ]
SQL: SHOW COLUMNS FROM `e2_goods` [ RunTime:0.0025s ]
SQL: SELECT `id`,`goods_name`,`goods_thumb`,`shop_price` FROM `e2_goods` WHERE ( id=12 ) LIMIT 1   [ RunTime:0.0004s ]
ERR: SQLSTATE[42000]: Syntax error or access violation: 1064 You have an error in your SQL syntax; check the manual that corresponds to your MariaDB server version for the right syntax to use near ')' at line 2

[ 2017-01-20T02:35:32+08:00 ] 127.0.0.1 /
INFO: [ app_init ] --START--
INFO: Run Behavior\BuildLiteBehavior [ RunTime:0.000020s ]
INFO: [ app_init ] --END-- [ RunTime:0.000448s ]
INFO: [ app_begin ] --START--
INFO: Run Behavior\ReadHtmlCacheBehavior [ RunTime:0.000698s ]
INFO: [ app_begin ] --END-- [ RunTime:0.000790s ]
SQL: SHOW COLUMNS FROM `e2_goods` [ RunTime:0.0027s ]
SQL: SELECT `id`,`goods_name`,`goods_thumb`,`shop_price` FROM `e2_goods` WHERE ( is_new=1 and
            is_sale=1 and is_delete=0 ) ORDER BY id desc LIMIT 3   [ RunTime:0.0005s ]
SQL: SELECT `id`,`goods_name`,`goods_thumb`,`shop_price` FROM `e2_goods` WHERE ( is_hot=1 and
            is_sale=1 and is_delete=0 ) ORDER BY id desc LIMIT 3   [ RunTime:0.0005s ]
SQL: SELECT `id`,`goods_name`,`goods_thumb`,`shop_price` FROM `e2_goods` WHERE ( is_best=1 and
            is_sale=1 and is_delete=0 ) ORDER BY id desc LIMIT 3   [ RunTime:0.0004s ]
SQL: SHOW COLUMNS FROM `e2_category` [ RunTime:0.0023s ]
SQL: SELECT * FROM `e2_category`  [ RunTime:0.0004s ]
INFO: [ view_parse ] --START--
INFO: [ template_filter ] --START--
INFO: Run Behavior\ContentReplaceBehavior [ RunTime:0.000225s ]
INFO: [ template_filter ] --END-- [ RunTime:0.000314s ]
INFO: Run Behavior\ParseTemplateBehavior [ RunTime:0.025212s ]
INFO: [ view_parse ] --END-- [ RunTime:0.025307s ]
INFO: [ view_filter ] --START--
INFO: Run Behavior\WriteHtmlCacheBehavior [ RunTime:0.000575s ]
INFO: [ view_filter ] --END-- [ RunTime:0.000658s ]
INFO: [ app_end ] --START--
INFO: Run Behavior\ShowPageTraceBehavior [ RunTime:0.000811s ]
INFO: [ app_end ] --END-- [ RunTime:0.000898s ]

[ 2017-01-20T02:35:35+08:00 ] 127.0.0.1 /Home-Cart-cartList.html
INFO: [ app_init ] --START--
INFO: Run Behavior\BuildLiteBehavior [ RunTime:0.000019s ]
INFO: [ app_init ] --END-- [ RunTime:0.000525s ]
INFO: [ app_begin ] --START--
INFO: Run Behavior\ReadHtmlCacheBehavior [ RunTime:0.000623s ]
INFO: [ app_begin ] --END-- [ RunTime:0.000738s ]
SQL: SHOW COLUMNS FROM `e2_cart` [ RunTime:0.0027s ]
SQL: SHOW COLUMNS FROM `e2_goods` [ RunTime:0.0027s ]
SQL: SELECT `id`,`goods_name`,`goods_thumb`,`shop_price` FROM `e2_goods` WHERE ( id=12 ) LIMIT 1   [ RunTime:0.0004s ]
ERR: SQLSTATE[42000]: Syntax error or access violation: 1064 You have an error in your SQL syntax; check the manual that corresponds to your MariaDB server version for the right syntax to use near ')' at line 2

[ 2017-01-20T02:35:38+08:00 ] 127.0.0.1 /Home-User-login.html
INFO: [ app_init ] --START--
INFO: Run Behavior\BuildLiteBehavior [ RunTime:0.000023s ]
INFO: [ app_init ] --END-- [ RunTime:0.000420s ]
INFO: [ app_begin ] --START--
INFO: Run Behavior\ReadHtmlCacheBehavior [ RunTime:0.000630s ]
INFO: [ app_begin ] --END-- [ RunTime:0.000720s ]
INFO: [ view_parse ] --START--
INFO: [ template_filter ] --START--
INFO: Run Behavior\ContentReplaceBehavior [ RunTime:0.000084s ]
INFO: [ template_filter ] --END-- [ RunTime:0.000184s ]
INFO: Run Behavior\ParseTemplateBehavior [ RunTime:0.009254s ]
INFO: [ view_parse ] --END-- [ RunTime:0.009349s ]
INFO: [ view_filter ] --START--
INFO: Run Behavior\WriteHtmlCacheBehavior [ RunTime:0.000314s ]
INFO: [ view_filter ] --END-- [ RunTime:0.000382s ]
INFO: [ app_end ] --START--
INFO: Run Behavior\ShowPageTraceBehavior [ RunTime:0.000602s ]
INFO: [ app_end ] --END-- [ RunTime:0.000678s ]

[ 2017-01-20T02:35:42+08:00 ] 127.0.0.1 /Home-User-login
INFO: [ app_init ] --START--
INFO: Run Behavior\BuildLiteBehavior [ RunTime:0.000018s ]
INFO: [ app_init ] --END-- [ RunTime:0.000407s ]
INFO: [ app_begin ] --START--
INFO: Run Behavior\ReadHtmlCacheBehavior [ RunTime:0.000726s ]
INFO: [ app_begin ] --END-- [ RunTime:0.000822s ]
SQL: SHOW COLUMNS FROM `e2_user` [ RunTime:0.0025s ]
SQL: SELECT * FROM `e2_user` WHERE ( username='qerqwer1' ) LIMIT 1   [ RunTime:0.0004s ]
INFO: [ view_parse ] --START--
INFO: [ template_filter ] --START--
INFO: Run Behavior\ContentReplaceBehavior [ RunTime:0.000053s ]
INFO: [ template_filter ] --END-- [ RunTime:0.000150s ]
INFO: Run Behavior\ParseTemplateBehavior [ RunTime:0.007113s ]
INFO: [ view_parse ] --END-- [ RunTime:0.007209s ]
INFO: [ view_filter ] --START--
INFO: Run Behavior\WriteHtmlCacheBehavior [ RunTime:0.000335s ]
INFO: [ view_filter ] --END-- [ RunTime:0.000441s ]

[ 2017-01-20T02:35:54+08:00 ] 127.0.0.1 /Home-User-login
INFO: [ app_init ] --START--
INFO: Run Behavior\BuildLiteBehavior [ RunTime:0.000018s ]
INFO: [ app_init ] --END-- [ RunTime:0.000437s ]
INFO: [ app_begin ] --START--
INFO: Run Behavior\ReadHtmlCacheBehavior [ RunTime:0.000696s ]
INFO: [ app_begin ] --END-- [ RunTime:0.000789s ]
SQL: SHOW COLUMNS FROM `e2_user` [ RunTime:0.0025s ]
SQL: SELECT * FROM `e2_user` WHERE ( username='qwerqwer1' ) LIMIT 1   [ RunTime:0.0004s ]
INFO: [ view_parse ] --START--
INFO: [ template_filter ] --START--
INFO: Run Behavior\ContentReplaceBehavior [ RunTime:0.000089s ]
INFO: [ template_filter ] --END-- [ RunTime:0.000174s ]
INFO: Run Behavior\ParseTemplateBehavior [ RunTime:0.011399s ]
INFO: [ view_parse ] --END-- [ RunTime:0.011507s ]
INFO: [ view_filter ] --START--
INFO: Run Behavior\WriteHtmlCacheBehavior [ RunTime:0.000419s ]
INFO: [ view_filter ] --END-- [ RunTime:0.000497s ]

[ 2017-01-20T02:35:55+08:00 ] 127.0.0.1 /Home-Index-index.html
INFO: [ app_init ] --START--
INFO: Run Behavior\BuildLiteBehavior [ RunTime:0.000019s ]
INFO: [ app_init ] --END-- [ RunTime:0.000424s ]
INFO: [ app_begin ] --START--
INFO: Run Behavior\ReadHtmlCacheBehavior [ RunTime:0.000581s ]
INFO: [ app_begin ] --END-- [ RunTime:0.000686s ]
SQL: SHOW COLUMNS FROM `e2_goods` [ RunTime:0.0027s ]
SQL: SELECT `id`,`goods_name`,`goods_thumb`,`shop_price` FROM `e2_goods` WHERE ( is_new=1 and
            is_sale=1 and is_delete=0 ) ORDER BY id desc LIMIT 3   [ RunTime:0.0005s ]
SQL: SELECT `id`,`goods_name`,`goods_thumb`,`shop_price` FROM `e2_goods` WHERE ( is_hot=1 and
            is_sale=1 and is_delete=0 ) ORDER BY id desc LIMIT 3   [ RunTime:0.0004s ]
SQL: SELECT `id`,`goods_name`,`goods_thumb`,`shop_price` FROM `e2_goods` WHERE ( is_best=1 and
            is_sale=1 and is_delete=0 ) ORDER BY id desc LIMIT 3   [ RunTime:0.0005s ]
SQL: SHOW COLUMNS FROM `e2_category` [ RunTime:0.0030s ]
SQL: SELECT * FROM `e2_category`  [ RunTime:0.0004s ]
INFO: [ view_parse ] --START--
INFO: [ template_filter ] --START--
INFO: Run Behavior\ContentReplaceBehavior [ RunTime:0.000244s ]
INFO: [ template_filter ] --END-- [ RunTime:0.000341s ]
INFO: Run Behavior\ParseTemplateBehavior [ RunTime:0.025497s ]
INFO: [ view_parse ] --END-- [ RunTime:0.025591s ]
INFO: [ view_filter ] --START--
INFO: Run Behavior\WriteHtmlCacheBehavior [ RunTime:0.000369s ]
INFO: [ view_filter ] --END-- [ RunTime:0.000441s ]
INFO: [ app_end ] --START--
INFO: Run Behavior\ShowPageTraceBehavior [ RunTime:0.000896s ]
INFO: [ app_end ] --END-- [ RunTime:0.000990s ]

[ 2017-01-20T02:35:58+08:00 ] 127.0.0.1 /Home-Cart-cartList.html
INFO: [ app_init ] --START--
INFO: Run Behavior\BuildLiteBehavior [ RunTime:0.000019s ]
INFO: [ app_init ] --END-- [ RunTime:0.000406s ]
INFO: [ app_begin ] --START--
INFO: Run Behavior\ReadHtmlCacheBehavior [ RunTime:0.000607s ]
INFO: [ app_begin ] --END-- [ RunTime:0.000699s ]
SQL: SHOW COLUMNS FROM `e2_cart` [ RunTime:0.0024s ]
SQL: SELECT * FROM `e2_cart` WHERE ( user_id=5 )  [ RunTime:0.0004s ]
SQL: SELECT * FROM `e2_cart` WHERE ( user_id=5 )  [ RunTime:0.0004s ]
INFO: [ view_parse ] --START--
INFO: [ template_filter ] --START--
INFO: Run Behavior\ContentReplaceBehavior [ RunTime:0.000101s ]
INFO: [ template_filter ] --END-- [ RunTime:0.000181s ]
NOTIC: [2] Invalid argument supplied for foreach() C:\Program Files\Git-2.11.0-64-bit\e2\App\Runtime\Cache\Home\13690c1428fdc9c462c3afcb179693bd.php 第 116 行.
INFO: Run Behavior\ParseTemplateBehavior [ RunTime:0.009821s ]
INFO: [ view_parse ] --END-- [ RunTime:0.009903s ]
INFO: [ view_filter ] --START--
INFO: Run Behavior\WriteHtmlCacheBehavior [ RunTime:0.000336s ]
INFO: [ view_filter ] --END-- [ RunTime:0.000405s ]
INFO: [ app_end ] --START--
INFO: Run Behavior\ShowPageTraceBehavior [ RunTime:0.000626s ]
INFO: [ app_end ] --END-- [ RunTime:0.000701s ]

[ 2017-01-20T02:36:13+08:00 ] 127.0.0.1 /Home-Index-detail-id-13.html
INFO: [ app_init ] --START--
INFO: Run Behavior\BuildLiteBehavior [ RunTime:0.000019s ]
INFO: [ app_init ] --END-- [ RunTime:0.000443s ]
INFO: [ app_begin ] --START--
INFO: Run Behavior\ReadHtmlCacheBehavior [ RunTime:0.000695s ]
INFO: [ app_begin ] --END-- [ RunTime:0.000786s ]
SQL: SHOW COLUMNS FROM `e2_goods` [ RunTime:0.0027s ]
SQL: SELECT `id`,`goods_name`,`goods_img`,`goods_sn`,`shop_price`,`add_time`,`goods_ori` FROM `e2_goods` WHERE `id` = 13 LIMIT 1   [ RunTime:0.0004s ]
SQL: SHOW COLUMNS FROM `e2_goods_attr` [ RunTime:0.0024s ]
SQL: SELECT a.*,b.attr_name,b.attr_type FROM `e2_goods_attr` a left join e2_attribute b on
        a.goods_attr_id=b.id  WHERE ( a.goods_id=13 )  [ RunTime:0.0005s ]
INFO: [ view_parse ] --START--
INFO: [ template_filter ] --START--
INFO: Run Behavior\ContentReplaceBehavior [ RunTime:0.000273s ]
INFO: [ template_filter ] --END-- [ RunTime:0.000361s ]
NOTIC: [8] Undefined variable: catedata C:\Program Files\Git-2.11.0-64-bit\e2\App\Runtime\Cache\Home\56563fb70bfd45c5e738bfc14042f337.php 第 175 行.
NOTIC: [2] Invalid argument supplied for foreach() C:\Program Files\Git-2.11.0-64-bit\e2\App\Runtime\Cache\Home\56563fb70bfd45c5e738bfc14042f337.php 第 175 行.
NOTIC: [8] Undefined variable: uniquedata C:\Program Files\Git-2.11.0-64-bit\e2\App\Runtime\Cache\Home\56563fb70bfd45c5e738bfc14042f337.php 第 537 行.
NOTIC: [2] Invalid argument supplied for foreach() C:\Program Files\Git-2.11.0-64-bit\e2\App\Runtime\Cache\Home\56563fb70bfd45c5e738bfc14042f337.php 第 537 行.
INFO: Run Behavior\ParseTemplateBehavior [ RunTime:0.024565s ]
INFO: [ view_parse ] --END-- [ RunTime:0.024641s ]
INFO: [ view_filter ] --START--
INFO: Run Behavior\WriteHtmlCacheBehavior [ RunTime:0.000428s ]
INFO: [ view_filter ] --END-- [ RunTime:0.000500s ]
INFO: [ app_end ] --START--
INFO: Run Behavior\ShowPageTraceBehavior [ RunTime:0.000916s ]
INFO: [ app_end ] --END-- [ RunTime:0.001023s ]

[ 2017-01-20T02:36:16+08:00 ] 127.0.0.1 /Home-Cart-addCart.html
INFO: [ app_init ] --START--
INFO: Run Behavior\BuildLiteBehavior [ RunTime:0.000019s ]
INFO: [ app_init ] --END-- [ RunTime:0.000420s ]
INFO: [ app_begin ] --START--
INFO: Run Behavior\ReadHtmlCacheBehavior [ RunTime:0.000582s ]
INFO: [ app_begin ] --END-- [ RunTime:0.000675s ]
SQL: SHOW COLUMNS FROM `e2_cart` [ RunTime:0.0027s ]
SQL: SELECT * FROM `e2_cart` WHERE ( user_id=5 and goods_id=13 and goods_attr_id='' ) LIMIT 1   [ RunTime:0.0005s ]
SQL: UPDATE `e2_cart` SET `goods_count`=goods_count+1 WHERE ( user_id=5 and goods_id=13 and goods_attr_id='' ) [ RunTime:0.0004s ]
INFO: [ view_parse ] --START--
INFO: [ template_filter ] --START--
INFO: Run Behavior\ContentReplaceBehavior [ RunTime:0.000072s ]
INFO: [ template_filter ] --END-- [ RunTime:0.000153s ]
INFO: Run Behavior\ParseTemplateBehavior [ RunTime:0.006993s ]
INFO: [ view_parse ] --END-- [ RunTime:0.007093s ]
INFO: [ view_filter ] --START--
INFO: Run Behavior\WriteHtmlCacheBehavior [ RunTime:0.000356s ]
INFO: [ view_filter ] --END-- [ RunTime:0.000432s ]
INFO: [ app_end ] --START--
INFO: Run Behavior\ShowPageTraceBehavior [ RunTime:0.000696s ]
INFO: [ app_end ] --END-- [ RunTime:0.000772s ]

[ 2017-01-20T02:36:17+08:00 ] 127.0.0.1 /Home-Cart-cartList.html
INFO: [ app_init ] --START--
INFO: Run Behavior\BuildLiteBehavior [ RunTime:0.000025s ]
INFO: [ app_init ] --END-- [ RunTime:0.000637s ]
INFO: [ app_begin ] --START--
INFO: Run Behavior\ReadHtmlCacheBehavior [ RunTime:0.000599s ]
INFO: [ app_begin ] --END-- [ RunTime:0.000687s ]
SQL: SHOW COLUMNS FROM `e2_cart` [ RunTime:0.0026s ]
SQL: SELECT * FROM `e2_cart` WHERE ( user_id=5 )  [ RunTime:0.0004s ]
SQL: SELECT * FROM `e2_cart` WHERE ( user_id=5 )  [ RunTime:0.0004s ]
INFO: [ view_parse ] --START--
INFO: [ template_filter ] --START--
INFO: Run Behavior\ContentReplaceBehavior [ RunTime:0.000113s ]
INFO: [ template_filter ] --END-- [ RunTime:0.000201s ]
NOTIC: [2] Invalid argument supplied for foreach() C:\Program Files\Git-2.11.0-64-bit\e2\App\Runtime\Cache\Home\13690c1428fdc9c462c3afcb179693bd.php 第 116 行.
INFO: Run Behavior\ParseTemplateBehavior [ RunTime:0.010217s ]
INFO: [ view_parse ] --END-- [ RunTime:0.010301s ]
INFO: [ view_filter ] --START--
INFO: Run Behavior\WriteHtmlCacheBehavior [ RunTime:0.000612s ]
INFO: [ view_filter ] --END-- [ RunTime:0.000723s ]
INFO: [ app_end ] --START--
INFO: Run Behavior\ShowPageTraceBehavior [ RunTime:0.000868s ]
INFO: [ app_end ] --END-- [ RunTime:0.000956s ]

[ 2017-01-20T02:50:14+08:00 ] 127.0.0.1 /Home-Index-detail-id-13.html
INFO: [ app_init ] --START--
INFO: Run Behavior\BuildLiteBehavior [ RunTime:0.000020s ]
INFO: [ app_init ] --END-- [ RunTime:0.000505s ]
INFO: [ app_begin ] --START--
INFO: Run Behavior\ReadHtmlCacheBehavior [ RunTime:0.000737s ]
INFO: [ app_begin ] --END-- [ RunTime:0.000851s ]
SQL: SHOW COLUMNS FROM `e2_goods` [ RunTime:0.0027s ]
SQL: SELECT `id`,`goods_name`,`goods_img`,`goods_sn`,`shop_price`,`add_time`,`goods_ori` FROM `e2_goods` WHERE `id` = 13 LIMIT 1   [ RunTime:0.0004s ]
SQL: SHOW COLUMNS FROM `e2_goods_attr` [ RunTime:0.0025s ]
SQL: SELECT a.*,b.attr_name,b.attr_type FROM `e2_goods_attr` a left join e2_attribute b on
        a.goods_attr_id=b.id  WHERE ( a.goods_id=13 )  [ RunTime:0.0005s ]
INFO: [ view_parse ] --START--
INFO: [ template_filter ] --START--
INFO: Run Behavior\ContentReplaceBehavior [ RunTime:0.000263s ]
INFO: [ template_filter ] --END-- [ RunTime:0.000346s ]
NOTIC: [8] Undefined variable: catedata C:\Program Files\Git-2.11.0-64-bit\e2\App\Runtime\Cache\Home\56563fb70bfd45c5e738bfc14042f337.php 第 175 行.
NOTIC: [2] Invalid argument supplied for foreach() C:\Program Files\Git-2.11.0-64-bit\e2\App\Runtime\Cache\Home\56563fb70bfd45c5e738bfc14042f337.php 第 175 行.
NOTIC: [8] Undefined variable: uniquedata C:\Program Files\Git-2.11.0-64-bit\e2\App\Runtime\Cache\Home\56563fb70bfd45c5e738bfc14042f337.php 第 537 行.
NOTIC: [2] Invalid argument supplied for foreach() C:\Program Files\Git-2.11.0-64-bit\e2\App\Runtime\Cache\Home\56563fb70bfd45c5e738bfc14042f337.php 第 537 行.
INFO: Run Behavior\ParseTemplateBehavior [ RunTime:0.021962s ]
INFO: [ view_parse ] --END-- [ RunTime:0.022039s ]
INFO: [ view_filter ] --START--
INFO: Run Behavior\WriteHtmlCacheBehavior [ RunTime:0.000451s ]
INFO: [ view_filter ] --END-- [ RunTime:0.000527s ]
INFO: [ app_end ] --START--
INFO: Run Behavior\ShowPageTraceBehavior [ RunTime:0.000811s ]
INFO: [ app_end ] --END-- [ RunTime:0.000914s ]

[ 2017-01-20T02:50:18+08:00 ] 127.0.0.1 /Home-Cart-addCart.html
INFO: [ app_init ] --START--
INFO: Run Behavior\BuildLiteBehavior [ RunTime:0.000019s ]
INFO: [ app_init ] --END-- [ RunTime:0.000399s ]
INFO: [ app_begin ] --START--
INFO: Run Behavior\ReadHtmlCacheBehavior [ RunTime:0.000572s ]
INFO: [ app_begin ] --END-- [ RunTime:0.000680s ]
SQL: SHOW COLUMNS FROM `e2_cart` [ RunTime:0.0024s ]
SQL: SELECT * FROM `e2_cart` WHERE ( user_id=5 and goods_id=13 and goods_attr_id='' ) LIMIT 1   [ RunTime:0.0004s ]
SQL: UPDATE `e2_cart` SET `goods_count`=goods_count+1 WHERE ( user_id=5 and goods_id=13 and goods_attr_id='' ) [ RunTime:0.0004s ]
INFO: [ view_parse ] --START--
INFO: [ template_filter ] --START--
INFO: Run Behavior\ContentReplaceBehavior [ RunTime:0.000052s ]
INFO: [ template_filter ] --END-- [ RunTime:0.000142s ]
INFO: Run Behavior\ParseTemplateBehavior [ RunTime:0.006904s ]
INFO: [ view_parse ] --END-- [ RunTime:0.006999s ]
INFO: [ view_filter ] --START--
INFO: Run Behavior\WriteHtmlCacheBehavior [ RunTime:0.000299s ]
INFO: [ view_filter ] --END-- [ RunTime:0.000380s ]
INFO: [ app_end ] --START--
INFO: Run Behavior\ShowPageTraceBehavior [ RunTime:0.000618s ]
INFO: [ app_end ] --END-- [ RunTime:0.000692s ]

[ 2017-01-20T02:50:20+08:00 ] 127.0.0.1 /Home-Cart-cartList.html
INFO: [ app_init ] --START--
INFO: Run Behavior\BuildLiteBehavior [ RunTime:0.000019s ]
INFO: [ app_init ] --END-- [ RunTime:0.000418s ]
INFO: [ app_begin ] --START--
INFO: Run Behavior\ReadHtmlCacheBehavior [ RunTime:0.000667s ]
INFO: [ app_begin ] --END-- [ RunTime:0.000769s ]
SQL: SHOW COLUMNS FROM `e2_cart` [ RunTime:0.0028s ]
SQL: SELECT * FROM `e2_cart` WHERE ( user_id=5 )  [ RunTime:0.0005s ]
SQL: SELECT * FROM `e2_cart` WHERE ( user_id=5 )  [ RunTime:0.0005s ]
INFO: [ view_parse ] --START--
INFO: [ template_filter ] --START--
INFO: Run Behavior\ContentReplaceBehavior [ RunTime:0.000103s ]
INFO: [ template_filter ] --END-- [ RunTime:0.000196s ]
NOTIC: [2] Invalid argument supplied for foreach() C:\Program Files\Git-2.11.0-64-bit\e2\App\Runtime\Cache\Home\13690c1428fdc9c462c3afcb179693bd.php 第 116 行.
INFO: Run Behavior\ParseTemplateBehavior [ RunTime:0.010450s ]
INFO: [ view_parse ] --END-- [ RunTime:0.010553s ]
INFO: [ view_filter ] --START--
INFO: Run Behavior\WriteHtmlCacheBehavior [ RunTime:0.000347s ]
INFO: [ view_filter ] --END-- [ RunTime:0.000422s ]
INFO: [ app_end ] --START--
INFO: Run Behavior\ShowPageTraceBehavior [ RunTime:0.000641s ]
INFO: [ app_end ] --END-- [ RunTime:0.000719s ]

[ 2017-01-20T02:50:21+08:00 ] 127.0.0.1 /Home-Order-checkout.html
INFO: [ app_init ] --START--
INFO: Run Behavior\BuildLiteBehavior [ RunTime:0.000019s ]
INFO: [ app_init ] --END-- [ RunTime:0.000437s ]
INFO: [ app_begin ] --START--
INFO: Run Behavior\ReadHtmlCacheBehavior [ RunTime:0.000593s ]
INFO: [ app_begin ] --END-- [ RunTime:0.000684s ]
ERR: 无法加载控制器:Order

[ 2017-01-20T02:50:26+08:00 ] 127.0.0.1 /Home-User-logout.html
INFO: [ app_init ] --START--
INFO: Run Behavior\BuildLiteBehavior [ RunTime:0.000019s ]
INFO: [ app_init ] --END-- [ RunTime:0.000396s ]
INFO: [ app_begin ] --START--
INFO: Run Behavior\ReadHtmlCacheBehavior [ RunTime:0.000769s ]
INFO: [ app_begin ] --END-- [ RunTime:0.000862s ]
INFO: [ view_parse ] --START--
INFO: [ template_filter ] --START--
INFO: Run Behavior\ContentReplaceBehavior [ RunTime:0.000052s ]
INFO: [ template_filter ] --END-- [ RunTime:0.000151s ]
INFO: Run Behavior\ParseTemplateBehavior [ RunTime:0.006927s ]
INFO: [ view_parse ] --END-- [ RunTime:0.007030s ]
INFO: [ view_filter ] --START--
INFO: Run Behavior\WriteHtmlCacheBehavior [ RunTime:0.000318s ]
INFO: [ view_filter ] --END-- [ RunTime:0.000389s ]
INFO: [ app_end ] --START--
INFO: Run Behavior\ShowPageTraceBehavior [ RunTime:0.000734s ]
INFO: [ app_end ] --END-- [ RunTime:0.000814s ]

[ 2017-01-20T02:50:27+08:00 ] 127.0.0.1 /Home-Index-index.html
INFO: [ app_init ] --START--
INFO: Run Behavior\BuildLiteBehavior [ RunTime:0.000019s ]
INFO: [ app_init ] --END-- [ RunTime:0.000437s ]
INFO: [ app_begin ] --START--
INFO: Run Behavior\ReadHtmlCacheBehavior [ RunTime:0.000684s ]
INFO: [ app_begin ] --END-- [ RunTime:0.000793s ]
SQL: SHOW COLUMNS FROM `e2_goods` [ RunTime:0.0026s ]
SQL: SELECT `id`,`goods_name`,`goods_thumb`,`shop_price` FROM `e2_goods` WHERE ( is_new=1 and
            is_sale=1 and is_delete=0 ) ORDER BY id desc LIMIT 3   [ RunTime:0.0005s ]
SQL: SELECT `id`,`goods_name`,`goods_thumb`,`shop_price` FROM `e2_goods` WHERE ( is_hot=1 and
            is_sale=1 and is_delete=0 ) ORDER BY id desc LIMIT 3   [ RunTime:0.0008s ]
SQL: SELECT `id`,`goods_name`,`goods_thumb`,`shop_price` FROM `e2_goods` WHERE ( is_best=1 and
            is_sale=1 and is_delete=0 ) ORDER BY id desc LIMIT 3   [ RunTime:0.0005s ]
SQL: SHOW COLUMNS FROM `e2_category` [ RunTime:0.0025s ]
SQL: SELECT * FROM `e2_category`  [ RunTime:0.0004s ]
INFO: [ view_parse ] --START--
INFO: [ template_filter ] --START--
INFO: Run Behavior\ContentReplaceBehavior [ RunTime:0.000235s ]
INFO: [ template_filter ] --END-- [ RunTime:0.000330s ]
INFO: Run Behavior\ParseTemplateBehavior [ RunTime:0.025250s ]
INFO: [ view_parse ] --END-- [ RunTime:0.025357s ]
INFO: [ view_filter ] --START--
INFO: Run Behavior\WriteHtmlCacheBehavior [ RunTime:0.000355s ]
INFO: [ view_filter ] --END-- [ RunTime:0.000426s ]
INFO: [ app_end ] --START--
INFO: Run Behavior\ShowPageTraceBehavior [ RunTime:0.000822s ]
INFO: [ app_end ] --END-- [ RunTime:0.000919s ]

[ 2017-01-20T02:50:28+08:00 ] 127.0.0.1 /Home-Cart-cartList.html
INFO: [ app_init ] --START--
INFO: Run Behavior\BuildLiteBehavior [ RunTime:0.000019s ]
INFO: [ app_init ] --END-- [ RunTime:0.000410s ]
INFO: [ app_begin ] --START--
INFO: Run Behavior\ReadHtmlCacheBehavior [ RunTime:0.000616s ]
INFO: [ app_begin ] --END-- [ RunTime:0.000714s ]
SQL: SHOW COLUMNS FROM `e2_cart` [ RunTime:0.0024s ]
SQL: SHOW COLUMNS FROM `e2_goods` [ RunTime:0.0025s ]
SQL: SELECT `id`,`goods_name`,`goods_thumb`,`shop_price` FROM `e2_goods` WHERE ( id=12 ) LIMIT 1   [ RunTime:0.0004s ]
ERR: SQLSTATE[42000]: Syntax error or access violation: 1064 You have an error in your SQL syntax; check the manual that corresponds to your MariaDB server version for the right syntax to use near ')' at line 2

[ 2017-01-20T02:51:09+08:00 ] 127.0.0.1 /Home-Cart-cartList.html
INFO: [ app_init ] --START--
INFO: Run Behavior\BuildLiteBehavior [ RunTime:0.000019s ]
INFO: [ app_init ] --END-- [ RunTime:0.000465s ]
INFO: [ app_begin ] --START--
INFO: Run Behavior\ReadHtmlCacheBehavior [ RunTime:0.000694s ]
INFO: [ app_begin ] --END-- [ RunTime:0.000784s ]
SQL: SHOW COLUMNS FROM `e2_cart` [ RunTime:0.0024s ]
SQL: SHOW COLUMNS FROM `e2_goods` [ RunTime:0.0027s ]
SQL: SELECT `id`,`goods_name`,`goods_thumb`,`shop_price` FROM `e2_goods` WHERE ( id=12 ) LIMIT 1   [ RunTime:0.0004s ]
ERR: SQLSTATE[42000]: Syntax error or access violation: 1064 You have an error in your SQL syntax; check the manual that corresponds to your MariaDB server version for the right syntax to use near ')' at line 2

[ 2017-01-20T02:52:02+08:00 ] 127.0.0.1 /Home-Cart-cartList.html
INFO: [ app_init ] --START--
INFO: Run Behavior\BuildLiteBehavior [ RunTime:0.000020s ]
INFO: [ app_init ] --END-- [ RunTime:0.000437s ]
INFO: [ app_begin ] --START--
INFO: Run Behavior\ReadHtmlCacheBehavior [ RunTime:0.000742s ]
INFO: [ app_begin ] --END-- [ RunTime:0.000838s ]
SQL: SHOW COLUMNS FROM `e2_cart` [ RunTime:0.0024s ]
SQL: SHOW COLUMNS FROM `e2_goods` [ RunTime:0.0027s ]
SQL: SELECT `id`,`goods_name`,`goods_thumb`,`shop_price` FROM `e2_goods` WHERE ( id=12 ) LIMIT 1   [ RunTime:0.0006s ]
ERR: SQLSTATE[42000]: Syntax error or access violation: 1064 You have an error in your SQL syntax; check the manual that corresponds to your MariaDB server version for the right syntax to use near ')' at line 2

[ 2017-01-20T02:52:03+08:00 ] 127.0.0.1 /Home-Cart-cartList.html
INFO: [ app_init ] --START--
INFO: Run Behavior\BuildLiteBehavior [ RunTime:0.000020s ]
INFO: [ app_init ] --END-- [ RunTime:0.000398s ]
INFO: [ app_begin ] --START--
INFO: Run Behavior\ReadHtmlCacheBehavior [ RunTime:0.000604s ]
INFO: [ app_begin ] --END-- [ RunTime:0.000692s ]
SQL: SHOW COLUMNS FROM `e2_cart` [ RunTime:0.0024s ]
SQL: SHOW COLUMNS FROM `e2_goods` [ RunTime:0.0026s ]
SQL: SELECT `id`,`goods_name`,`goods_thumb`,`shop_price` FROM `e2_goods` WHERE ( id=12 ) LIMIT 1   [ RunTime:0.0004s ]
ERR: SQLSTATE[42000]: Syntax error or access violation: 1064 You have an error in your SQL syntax; check the manual that corresponds to your MariaDB server version for the right syntax to use near ')' at line 2

[ 2017-01-20T02:59:11+08:00 ] 127.0.0.1 /
INFO: [ app_init ] --START--
INFO: Run Behavior\BuildLiteBehavior [ RunTime:0.000020s ]
INFO: [ app_init ] --END-- [ RunTime:0.000491s ]
INFO: [ app_begin ] --START--
INFO: Run Behavior\ReadHtmlCacheBehavior [ RunTime:0.000756s ]
INFO: [ app_begin ] --END-- [ RunTime:0.000849s ]
SQL: SHOW COLUMNS FROM `e2_goods` [ RunTime:0.0027s ]
SQL: SELECT `id`,`goods_name`,`goods_thumb`,`shop_price` FROM `e2_goods` WHERE ( is_new=1 and
            is_sale=1 and is_delete=0 ) ORDER BY id desc LIMIT 3   [ RunTime:0.0005s ]
SQL: SELECT `id`,`goods_name`,`goods_thumb`,`shop_price` FROM `e2_goods` WHERE ( is_hot=1 and
            is_sale=1 and is_delete=0 ) ORDER BY id desc LIMIT 3   [ RunTime:0.0005s ]
SQL: SELECT `id`,`goods_name`,`goods_thumb`,`shop_price` FROM `e2_goods` WHERE ( is_best=1 and
            is_sale=1 and is_delete=0 ) ORDER BY id desc LIMIT 3   [ RunTime:0.0005s ]
SQL: SHOW COLUMNS FROM `e2_category` [ RunTime:0.0025s ]
SQL: SELECT * FROM `e2_category`  [ RunTime:0.0004s ]
INFO: [ view_parse ] --START--
INFO: [ template_filter ] --START--
INFO: Run Behavior\ContentReplaceBehavior [ RunTime:0.000218s ]
INFO: [ template_filter ] --END-- [ RunTime:0.000320s ]
INFO: Run Behavior\ParseTemplateBehavior [ RunTime:0.024818s ]
INFO: [ view_parse ] --END-- [ RunTime:0.024913s ]
INFO: [ view_filter ] --START--
INFO: Run Behavior\WriteHtmlCacheBehavior [ RunTime:0.000555s ]
INFO: [ view_filter ] --END-- [ RunTime:0.000639s ]
INFO: [ app_end ] --START--
INFO: Run Behavior\ShowPageTraceBehavior [ RunTime:0.000828s ]
INFO: [ app_end ] --END-- [ RunTime:0.000918s ]

[ 2017-01-20T02:59:16+08:00 ] 127.0.0.1 /Home-Index-detail-id-13.html
INFO: [ app_init ] --START--
INFO: Run Behavior\BuildLiteBehavior [ RunTime:0.000028s ]
INFO: [ app_init ] --END-- [ RunTime:0.000439s ]
INFO: [ app_begin ] --START--
INFO: Run Behavior\ReadHtmlCacheBehavior [ RunTime:0.000804s ]
INFO: [ app_begin ] --END-- [ RunTime:0.000899s ]
SQL: SHOW COLUMNS FROM `e2_goods` [ RunTime:0.0028s ]
SQL: SELECT `id`,`goods_name`,`goods_img`,`goods_sn`,`shop_price`,`add_time`,`goods_ori` FROM `e2_goods` WHERE `id` = 13 LIMIT 1   [ RunTime:0.0004s ]
SQL: SHOW COLUMNS FROM `e2_goods_attr` [ RunTime:0.0026s ]
SQL: SELECT a.*,b.attr_name,b.attr_type FROM `e2_goods_attr` a left join e2_attribute b on
        a.goods_attr_id=b.id  WHERE ( a.goods_id=13 )  [ RunTime:0.0005s ]
INFO: [ view_parse ] --START--
INFO: [ template_filter ] --START--
INFO: Run Behavior\ContentReplaceBehavior [ RunTime:0.000260s ]
INFO: [ template_filter ] --END-- [ RunTime:0.000342s ]
NOTIC: [8] Undefined variable: catedata C:\Program Files\Git-2.11.0-64-bit\e2\App\Runtime\Cache\Home\56563fb70bfd45c5e738bfc14042f337.php 第 175 行.
NOTIC: [2] Invalid argument supplied for foreach() C:\Program Files\Git-2.11.0-64-bit\e2\App\Runtime\Cache\Home\56563fb70bfd45c5e738bfc14042f337.php 第 175 行.
NOTIC: [8] Undefined variable: uniquedata C:\Program Files\Git-2.11.0-64-bit\e2\App\Runtime\Cache\Home\56563fb70bfd45c5e738bfc14042f337.php 第 537 行.
NOTIC: [2] Invalid argument supplied for foreach() C:\Program Files\Git-2.11.0-64-bit\e2\App\Runtime\Cache\Home\56563fb70bfd45c5e738bfc14042f337.php 第 537 行.
INFO: Run Behavior\ParseTemplateBehavior [ RunTime:0.021514s ]
INFO: [ view_parse ] --END-- [ RunTime:0.021591s ]
INFO: [ view_filter ] --START--
INFO: Run Behavior\WriteHtmlCacheBehavior [ RunTime:0.000366s ]
INFO: [ view_filter ] --END-- [ RunTime:0.000437s ]
INFO: [ app_end ] --START--
INFO: Run Behavior\ShowPageTraceBehavior [ RunTime:0.000772s ]
INFO: [ app_end ] --END-- [ RunTime:0.000874s ]

[ 2017-01-20T02:59:23+08:00 ] 127.0.0.1 /Home-Cart-addCart.html
INFO: [ app_init ] --START--
INFO: Run Behavior\BuildLiteBehavior [ RunTime:0.000019s ]
INFO: [ app_init ] --END-- [ RunTime:0.000414s ]
INFO: [ app_begin ] --START--
INFO: Run Behavior\ReadHtmlCacheBehavior [ RunTime:0.000574s ]
INFO: [ app_begin ] --END-- [ RunTime:0.000665s ]
SQL: SHOW COLUMNS FROM `e2_cart` [ RunTime:0.0024s ]
INFO: [ view_parse ] --START--
INFO: [ template_filter ] --START--
INFO: Run Behavior\ContentReplaceBehavior [ RunTime:0.000050s ]
INFO: [ template_filter ] --END-- [ RunTime:0.000130s ]
INFO: Run Behavior\ParseTemplateBehavior [ RunTime:0.006701s ]
INFO: [ view_parse ] --END-- [ RunTime:0.006800s ]
INFO: [ view_filter ] --START--
INFO: Run Behavior\WriteHtmlCacheBehavior [ RunTime:0.000304s ]
INFO: [ view_filter ] --END-- [ RunTime:0.000370s ]
INFO: [ app_end ] --START--
INFO: Run Behavior\ShowPageTraceBehavior [ RunTime:0.000607s ]
INFO: [ app_end ] --END-- [ RunTime:0.000683s ]

[ 2017-01-20T02:59:24+08:00 ] 127.0.0.1 /Home-Cart-cartList.html
INFO: [ app_init ] --START--
INFO: Run Behavior\BuildLiteBehavior [ RunTime:0.000018s ]
INFO: [ app_init ] --END-- [ RunTime:0.000411s ]
INFO: [ app_begin ] --START--
INFO: Run Behavior\ReadHtmlCacheBehavior [ RunTime:0.000604s ]
INFO: [ app_begin ] --END-- [ RunTime:0.000690s ]
SQL: SHOW COLUMNS FROM `e2_cart` [ RunTime:0.0026s ]
SQL: SHOW COLUMNS FROM `e2_goods` [ RunTime:0.0029s ]
SQL: SELECT `id`,`goods_name`,`goods_thumb`,`shop_price` FROM `e2_goods` WHERE ( id=12 ) LIMIT 1   [ RunTime:0.0004s ]
ERR: SQLSTATE[42000]: Syntax error or access violation: 1064 You have an error in your SQL syntax; check the manual that corresponds to your MariaDB server version for the right syntax to use near ')' at line 2

