[ 2016-12-18T12:07:06+08:00 ] 127.0.0.1 /Admin-Category-update-cat_id-8.html
INFO: [ app_init ] --START--
INFO: Run Behavior\BuildLiteBehavior [ RunTime:0.000024s ]
INFO: [ app_init ] --END-- [ RunTime:0.058386s ]
INFO: [ app_begin ] --START--
INFO: Run Behavior\ReadHtmlCacheBehavior [ RunTime:0.036116s ]
INFO: [ app_begin ] --END-- [ RunTime:0.036643s ]
SQL: SHOW COLUMNS FROM `e2_category` [ RunTime:0.2271s ]
SQL: SELECT * FROM `e2_category` WHERE `id` = 8 LIMIT 1   [ RunTime:0.1076s ]
SQL: SELECT * FROM `e2_category`  [ RunTime:0.0004s ]
SQL: SELECT * FROM `e2_category`  [ RunTime:0.0004s ]
INFO: [ view_parse ] --START--
INFO: [ template_filter ] --START--
INFO: Run Behavior\ContentReplaceBehavior [ RunTime:0.000068s ]
INFO: [ template_filter ] --END-- [ RunTime:0.000170s ]
INFO: Run Behavior\ParseTemplateBehavior [ RunTime:0.522492s ]
INFO: [ view_parse ] --END-- [ RunTime:0.522614s ]
INFO: [ view_filter ] --START--
INFO: Run Behavior\WriteHtmlCacheBehavior [ RunTime:0.091275s ]
INFO: [ view_filter ] --END-- [ RunTime:0.091360s ]
INFO: [ app_end ] --START--
INFO: Run Behavior\ShowPageTraceBehavior [ RunTime:0.086173s ]
INFO: [ app_end ] --END-- [ RunTime:0.086275s ]

[ 2016-12-18T16:00:25+08:00 ] 127.0.0.1 /Admin-Category-update-cat_id-8.html
INFO: [ app_init ] --START--
INFO: Run Behavior\BuildLiteBehavior [ RunTime:0.000021s ]
INFO: [ app_init ] --END-- [ RunTime:0.000488s ]
INFO: [ app_begin ] --START--
INFO: Run Behavior\ReadHtmlCacheBehavior [ RunTime:0.000843s ]
INFO: [ app_begin ] --END-- [ RunTime:0.001024s ]
SQL: SHOW COLUMNS FROM `e2_category` [ RunTime:0.0403s ]
SQL: SELECT * FROM `e2_category` WHERE `id` = 8 LIMIT 1   [ RunTime:0.0005s ]
SQL: SELECT * FROM `e2_category`  [ RunTime:0.0004s ]
SQL: SELECT * FROM `e2_category`  [ RunTime:0.0004s ]
INFO: [ view_parse ] --START--
INFO: [ template_filter ] --START--
INFO: Run Behavior\ContentReplaceBehavior [ RunTime:0.000133s ]
INFO: [ template_filter ] --END-- [ RunTime:0.000298s ]
INFO: Run Behavior\ParseTemplateBehavior [ RunTime:0.007999s ]
INFO: [ view_parse ] --END-- [ RunTime:0.008094s ]
INFO: [ view_filter ] --START--
INFO: Run Behavior\WriteHtmlCacheBehavior [ RunTime:0.000431s ]
INFO: [ view_filter ] --END-- [ RunTime:0.000506s ]
INFO: [ app_end ] --START--
INFO: Run Behavior\ShowPageTraceBehavior [ RunTime:0.000703s ]
INFO: [ app_end ] --END-- [ RunTime:0.000781s ]

[ 2016-12-18T16:00:32+08:00 ] 127.0.0.1 /Admin-Category-update-lst
INFO: [ app_init ] --START--
INFO: Run Behavior\BuildLiteBehavior [ RunTime:0.000019s ]
INFO: [ app_init ] --END-- [ RunTime:0.000458s ]
INFO: [ app_begin ] --START--
INFO: Run Behavior\ReadHtmlCacheBehavior [ RunTime:0.000697s ]
INFO: [ app_begin ] --END-- [ RunTime:0.000792s ]
NOTIC: [8] Undefined index: cat_id C:\Program Files\Git-2.11.0-64-bit\e2\App\Admin\Controller\CategoryController.class.php 第 50 行.
SQL: SHOW COLUMNS FROM `e2_category` [ RunTime:0.0028s ]
SQL: SELECT * FROM `e2_category` WHERE `id` = 0 LIMIT 1   [ RunTime:0.0004s ]
SQL: SELECT * FROM `e2_category`  [ RunTime:0.0004s ]
SQL: SELECT * FROM `e2_category`  [ RunTime:0.0004s ]
INFO: [ view_parse ] --START--
INFO: [ template_filter ] --START--
INFO: Run Behavior\ContentReplaceBehavior [ RunTime:0.000067s ]
INFO: [ template_filter ] --END-- [ RunTime:0.000382s ]
INFO: Run Behavior\ParseTemplateBehavior [ RunTime:0.008701s ]
INFO: [ view_parse ] --END-- [ RunTime:0.008804s ]
INFO: [ view_filter ] --START--
INFO: Run Behavior\WriteHtmlCacheBehavior [ RunTime:0.000452s ]
INFO: [ view_filter ] --END-- [ RunTime:0.000527s ]
INFO: [ app_end ] --START--
INFO: Run Behavior\ShowPageTraceBehavior [ RunTime:0.000711s ]
INFO: [ app_end ] --END-- [ RunTime:0.000792s ]

[ 2016-12-18T16:00:39+08:00 ] 127.0.0.1 /Admin-Category-lst
INFO: [ app_init ] --START--
INFO: Run Behavior\BuildLiteBehavior [ RunTime:0.000019s ]
INFO: [ app_init ] --END-- [ RunTime:0.000453s ]
INFO: [ app_begin ] --START--
INFO: Run Behavior\ReadHtmlCacheBehavior [ RunTime:0.000730s ]
INFO: [ app_begin ] --END-- [ RunTime:0.000822s ]
SQL: SHOW COLUMNS FROM `e2_category` [ RunTime:0.0024s ]
SQL: SELECT * FROM `e2_category`  [ RunTime:0.0004s ]
INFO: [ view_parse ] --START--
INFO: [ template_filter ] --START--
INFO: Run Behavior\ContentReplaceBehavior [ RunTime:0.000064s ]
INFO: [ template_filter ] --END-- [ RunTime:0.000146s ]
INFO: Run Behavior\ParseTemplateBehavior [ RunTime:0.019660s ]
INFO: [ view_parse ] --END-- [ RunTime:0.019756s ]
INFO: [ view_filter ] --START--
INFO: Run Behavior\WriteHtmlCacheBehavior [ RunTime:0.000467s ]
INFO: [ view_filter ] --END-- [ RunTime:0.000539s ]
INFO: [ app_end ] --START--
INFO: Run Behavior\ShowPageTraceBehavior [ RunTime:0.000720s ]
INFO: [ app_end ] --END-- [ RunTime:0.000795s ]

[ 2016-12-18T16:00:43+08:00 ] 127.0.0.1 /Admin-Category-update-cat_id-7.html
INFO: [ app_init ] --START--
INFO: Run Behavior\BuildLiteBehavior [ RunTime:0.000019s ]
INFO: [ app_init ] --END-- [ RunTime:0.000399s ]
INFO: [ app_begin ] --START--
INFO: Run Behavior\ReadHtmlCacheBehavior [ RunTime:0.000626s ]
INFO: [ app_begin ] --END-- [ RunTime:0.000722s ]
SQL: SHOW COLUMNS FROM `e2_category` [ RunTime:0.0025s ]
SQL: SELECT * FROM `e2_category` WHERE `id` = 7 LIMIT 1   [ RunTime:0.0004s ]
SQL: SELECT * FROM `e2_category`  [ RunTime:0.0004s ]
SQL: SELECT * FROM `e2_category`  [ RunTime:0.0004s ]
INFO: [ view_parse ] --START--
INFO: [ template_filter ] --START--
INFO: Run Behavior\ContentReplaceBehavior [ RunTime:0.000068s ]
INFO: [ template_filter ] --END-- [ RunTime:0.000156s ]
INFO: Run Behavior\ParseTemplateBehavior [ RunTime:0.007399s ]
INFO: [ view_parse ] --END-- [ RunTime:0.007507s ]
INFO: [ view_filter ] --START--
INFO: Run Behavior\WriteHtmlCacheBehavior [ RunTime:0.000630s ]
INFO: [ view_filter ] --END-- [ RunTime:0.000735s ]
INFO: [ app_end ] --START--
INFO: Run Behavior\ShowPageTraceBehavior [ RunTime:0.000676s ]
INFO: [ app_end ] --END-- [ RunTime:0.000759s ]

[ 2016-12-18T16:08:02+08:00 ] 127.0.0.1 /Admin-Category-lst
INFO: [ app_init ] --START--
INFO: Run Behavior\BuildLiteBehavior [ RunTime:0.000021s ]
INFO: [ app_init ] --END-- [ RunTime:0.000597s ]
INFO: [ app_begin ] --START--
INFO: Run Behavior\ReadHtmlCacheBehavior [ RunTime:0.000742s ]
INFO: [ app_begin ] --END-- [ RunTime:0.000916s ]

[ 2016-12-18T16:08:33+08:00 ] 127.0.0.1 /Admin-Category-lst
INFO: [ app_init ] --START--
INFO: Run Behavior\BuildLiteBehavior [ RunTime:0.000020s ]
INFO: [ app_init ] --END-- [ RunTime:0.000505s ]
INFO: [ app_begin ] --START--
INFO: Run Behavior\ReadHtmlCacheBehavior [ RunTime:0.000766s ]
INFO: [ app_begin ] --END-- [ RunTime:0.000867s ]

[ 2016-12-18T16:09:28+08:00 ] 127.0.0.1 /Admin-Category-lst
INFO: [ app_init ] --START--
INFO: Run Behavior\BuildLiteBehavior [ RunTime:0.000019s ]
INFO: [ app_init ] --END-- [ RunTime:0.000456s ]
INFO: [ app_begin ] --START--
INFO: Run Behavior\ReadHtmlCacheBehavior [ RunTime:0.000738s ]
INFO: [ app_begin ] --END-- [ RunTime:0.000835s ]

[ 2016-12-18T16:09:29+08:00 ] 127.0.0.1 /Admin-Category-lst
INFO: [ app_init ] --START--
INFO: Run Behavior\BuildLiteBehavior [ RunTime:0.000019s ]
INFO: [ app_init ] --END-- [ RunTime:0.000391s ]
INFO: [ app_begin ] --START--
INFO: Run Behavior\ReadHtmlCacheBehavior [ RunTime:0.000658s ]
INFO: [ app_begin ] --END-- [ RunTime:0.000754s ]

[ 2016-12-18T16:10:30+08:00 ] 127.0.0.1 /Admin-Category-lst
INFO: [ app_init ] --START--
INFO: Run Behavior\BuildLiteBehavior [ RunTime:0.000019s ]
INFO: [ app_init ] --END-- [ RunTime:0.000397s ]
INFO: [ app_begin ] --START--
INFO: Run Behavior\ReadHtmlCacheBehavior [ RunTime:0.000641s ]
INFO: [ app_begin ] --END-- [ RunTime:0.000728s ]

[ 2016-12-18T16:10:31+08:00 ] 127.0.0.1 /Admin-Category-lst
INFO: [ app_init ] --START--
INFO: Run Behavior\BuildLiteBehavior [ RunTime:0.000019s ]
INFO: [ app_init ] --END-- [ RunTime:0.000413s ]
INFO: [ app_begin ] --START--
INFO: Run Behavior\ReadHtmlCacheBehavior [ RunTime:0.000606s ]
INFO: [ app_begin ] --END-- [ RunTime:0.000692s ]

[ 2016-12-18T16:11:34+08:00 ] 127.0.0.1 /Admin-Category-lst
INFO: [ app_init ] --START--
INFO: Run Behavior\BuildLiteBehavior [ RunTime:0.000021s ]
INFO: [ app_init ] --END-- [ RunTime:0.000485s ]
INFO: [ app_begin ] --START--
INFO: Run Behavior\ReadHtmlCacheBehavior [ RunTime:0.000745s ]
INFO: [ app_begin ] --END-- [ RunTime:0.000838s ]

[ 2016-12-18T16:12:22+08:00 ] 127.0.0.1 /Admin-Category-lst
INFO: [ app_init ] --START--
INFO: Run Behavior\BuildLiteBehavior [ RunTime:0.000021s ]
INFO: [ app_init ] --END-- [ RunTime:0.000507s ]
INFO: [ app_begin ] --START--
INFO: Run Behavior\ReadHtmlCacheBehavior [ RunTime:0.000710s ]
INFO: [ app_begin ] --END-- [ RunTime:0.000817s ]

[ 2016-12-18T16:13:09+08:00 ] 127.0.0.1 /Admin-Category-lst
INFO: [ app_init ] --START--
INFO: Run Behavior\BuildLiteBehavior [ RunTime:0.000019s ]
INFO: [ app_init ] --END-- [ RunTime:0.000411s ]
INFO: [ app_begin ] --START--
INFO: Run Behavior\ReadHtmlCacheBehavior [ RunTime:0.000614s ]
INFO: [ app_begin ] --END-- [ RunTime:0.000701s ]
SQL: SHOW COLUMNS FROM `e2_category` [ RunTime:0.0024s ]
SQL: SELECT * FROM `e2_category`  [ RunTime:0.0004s ]
INFO: [ view_parse ] --START--
INFO: [ template_filter ] --START--
INFO: Run Behavior\ContentReplaceBehavior [ RunTime:0.000060s ]
INFO: [ template_filter ] --END-- [ RunTime:0.000142s ]
INFO: Run Behavior\ParseTemplateBehavior [ RunTime:0.008646s ]
INFO: [ view_parse ] --END-- [ RunTime:0.008743s ]
INFO: [ view_filter ] --START--
INFO: Run Behavior\WriteHtmlCacheBehavior [ RunTime:0.000419s ]
INFO: [ view_filter ] --END-- [ RunTime:0.000492s ]
INFO: [ app_end ] --START--
INFO: Run Behavior\ShowPageTraceBehavior [ RunTime:0.000753s ]
INFO: [ app_end ] --END-- [ RunTime:0.000833s ]

[ 2016-12-18T16:54:33+08:00 ] 127.0.0.1 /Admin-Category-lst
INFO: [ app_init ] --START--
INFO: Run Behavior\BuildLiteBehavior [ RunTime:0.000019s ]
INFO: [ app_init ] --END-- [ RunTime:0.000451s ]
INFO: [ app_begin ] --START--
INFO: Run Behavior\ReadHtmlCacheBehavior [ RunTime:0.000683s ]
INFO: [ app_begin ] --END-- [ RunTime:0.000782s ]
SQL: SHOW COLUMNS FROM `e2_category` [ RunTime:0.0026s ]
SQL: SELECT * FROM `e2_category`  [ RunTime:0.0004s ]
INFO: [ view_parse ] --START--
INFO: [ template_filter ] --START--
INFO: Run Behavior\ContentReplaceBehavior [ RunTime:0.000062s ]
INFO: [ template_filter ] --END-- [ RunTime:0.000144s ]
INFO: Run Behavior\ParseTemplateBehavior [ RunTime:0.008668s ]
INFO: [ view_parse ] --END-- [ RunTime:0.008764s ]
INFO: [ view_filter ] --START--
INFO: Run Behavior\WriteHtmlCacheBehavior [ RunTime:0.000408s ]
INFO: [ view_filter ] --END-- [ RunTime:0.000482s ]
INFO: [ app_end ] --START--
INFO: Run Behavior\ShowPageTraceBehavior [ RunTime:0.000718s ]
INFO: [ app_end ] --END-- [ RunTime:0.000798s ]

[ 2016-12-18T16:54:36+08:00 ] 127.0.0.1 /Admin-Category-update-cat_id-8.html
INFO: [ app_init ] --START--
INFO: Run Behavior\BuildLiteBehavior [ RunTime:0.000019s ]
INFO: [ app_init ] --END-- [ RunTime:0.000415s ]
INFO: [ app_begin ] --START--
INFO: Run Behavior\ReadHtmlCacheBehavior [ RunTime:0.000702s ]
INFO: [ app_begin ] --END-- [ RunTime:0.000798s ]
SQL: SHOW COLUMNS FROM `e2_category` [ RunTime:0.0028s ]
SQL: SELECT * FROM `e2_category` WHERE `id` = 8 LIMIT 1   [ RunTime:0.0004s ]
SQL: SELECT * FROM `e2_category`  [ RunTime:0.0004s ]
SQL: SELECT * FROM `e2_category`  [ RunTime:0.0004s ]
INFO: [ view_parse ] --START--
INFO: [ template_filter ] --START--
INFO: Run Behavior\ContentReplaceBehavior [ RunTime:0.000063s ]
INFO: [ template_filter ] --END-- [ RunTime:0.000159s ]
INFO: Run Behavior\ParseTemplateBehavior [ RunTime:0.007208s ]
INFO: [ view_parse ] --END-- [ RunTime:0.007316s ]
INFO: [ view_filter ] --START--
INFO: Run Behavior\WriteHtmlCacheBehavior [ RunTime:0.000324s ]
INFO: [ view_filter ] --END-- [ RunTime:0.000392s ]
INFO: [ app_end ] --START--
INFO: Run Behavior\ShowPageTraceBehavior [ RunTime:0.000722s ]
INFO: [ app_end ] --END-- [ RunTime:0.000877s ]

[ 2016-12-18T16:55:23+08:00 ] 127.0.0.1 /Admin-Category-update-cat_id-8.html
INFO: [ app_init ] --START--
INFO: Run Behavior\BuildLiteBehavior [ RunTime:0.000019s ]
INFO: [ app_init ] --END-- [ RunTime:0.000470s ]
INFO: [ app_begin ] --START--
INFO: Run Behavior\ReadHtmlCacheBehavior [ RunTime:0.000747s ]
INFO: [ app_begin ] --END-- [ RunTime:0.000837s ]
SQL: SHOW COLUMNS FROM `e2_category` [ RunTime:0.0024s ]
SQL: SELECT * FROM `e2_category` WHERE `id` = 8 LIMIT 1   [ RunTime:0.0004s ]
SQL: SELECT * FROM `e2_category`  [ RunTime:0.0004s ]
SQL: SELECT * FROM `e2_category`  [ RunTime:0.0004s ]
INFO: [ view_parse ] --START--
INFO: [ template_filter ] --START--
INFO: Run Behavior\ContentReplaceBehavior [ RunTime:0.000062s ]
INFO: [ template_filter ] --END-- [ RunTime:0.000153s ]
INFO: Run Behavior\ParseTemplateBehavior [ RunTime:0.007910s ]
INFO: [ view_parse ] --END-- [ RunTime:0.008020s ]
INFO: [ view_filter ] --START--
INFO: Run Behavior\WriteHtmlCacheBehavior [ RunTime:0.000429s ]
INFO: [ view_filter ] --END-- [ RunTime:0.000502s ]
INFO: [ app_end ] --START--
INFO: Run Behavior\ShowPageTraceBehavior [ RunTime:0.000759s ]
INFO: [ app_end ] --END-- [ RunTime:0.000839s ]

[ 2016-12-18T16:55:31+08:00 ] 127.0.0.1 /Admin-Category-update
INFO: [ app_init ] --START--
INFO: Run Behavior\BuildLiteBehavior [ RunTime:0.000019s ]
INFO: [ app_init ] --END-- [ RunTime:0.000391s ]
INFO: [ app_begin ] --START--
INFO: Run Behavior\ReadHtmlCacheBehavior [ RunTime:0.000599s ]
INFO: [ app_begin ] --END-- [ RunTime:0.000689s ]
SQL: SHOW COLUMNS FROM `e2_category` [ RunTime:0.0024s ]
SQL: UPDATE `e2_category` SET `cat_name`='222',`parent_id`='2' WHERE `id` = 8 [ RunTime:0.1767s ]
INFO: [ view_parse ] --START--
INFO: [ template_filter ] --START--
INFO: Run Behavior\ContentReplaceBehavior [ RunTime:0.000053s ]
INFO: [ template_filter ] --END-- [ RunTime:0.000135s ]
INFO: Run Behavior\ParseTemplateBehavior [ RunTime:0.046586s ]
INFO: [ view_parse ] --END-- [ RunTime:0.046709s ]
INFO: [ view_filter ] --START--
INFO: Run Behavior\WriteHtmlCacheBehavior [ RunTime:0.000303s ]
INFO: [ view_filter ] --END-- [ RunTime:0.000367s ]

[ 2016-12-18T16:55:32+08:00 ] 127.0.0.1 /Admin-Category-lst.html
INFO: [ app_init ] --START--
INFO: Run Behavior\BuildLiteBehavior [ RunTime:0.000019s ]
INFO: [ app_init ] --END-- [ RunTime:0.000392s ]
INFO: [ app_begin ] --START--
INFO: Run Behavior\ReadHtmlCacheBehavior [ RunTime:0.000580s ]
INFO: [ app_begin ] --END-- [ RunTime:0.000664s ]
SQL: SHOW COLUMNS FROM `e2_category` [ RunTime:0.0025s ]
SQL: SELECT * FROM `e2_category`  [ RunTime:0.0004s ]
INFO: [ view_parse ] --START--
INFO: [ template_filter ] --START--
INFO: Run Behavior\ContentReplaceBehavior [ RunTime:0.000073s ]
INFO: [ template_filter ] --END-- [ RunTime:0.000183s ]
INFO: Run Behavior\ParseTemplateBehavior [ RunTime:0.009240s ]
INFO: [ view_parse ] --END-- [ RunTime:0.009333s ]
INFO: [ view_filter ] --START--
INFO: Run Behavior\WriteHtmlCacheBehavior [ RunTime:0.000590s ]
INFO: [ view_filter ] --END-- [ RunTime:0.000681s ]
INFO: [ app_end ] --START--
INFO: Run Behavior\ShowPageTraceBehavior [ RunTime:0.000696s ]
INFO: [ app_end ] --END-- [ RunTime:0.000778s ]

[ 2016-12-18T20:53:21+08:00 ] 127.0.0.1 /Admin-Category-lst.html
INFO: [ app_init ] --START--
INFO: Run Behavior\BuildLiteBehavior [ RunTime:0.000022s ]
INFO: [ app_init ] --END-- [ RunTime:0.000506s ]
INFO: [ app_begin ] --START--
INFO: Run Behavior\ReadHtmlCacheBehavior [ RunTime:0.000764s ]
INFO: [ app_begin ] --END-- [ RunTime:0.000869s ]
SQL: SHOW COLUMNS FROM `e2_category` [ RunTime:0.0025s ]
SQL: SELECT * FROM `e2_category`  [ RunTime:0.0005s ]
INFO: [ view_parse ] --START--
INFO: [ template_filter ] --START--
INFO: Run Behavior\ContentReplaceBehavior [ RunTime:0.000061s ]
INFO: [ template_filter ] --END-- [ RunTime:0.000141s ]
INFO: Run Behavior\ParseTemplateBehavior [ RunTime:0.008638s ]
INFO: [ view_parse ] --END-- [ RunTime:0.008739s ]
INFO: [ view_filter ] --START--
INFO: Run Behavior\WriteHtmlCacheBehavior [ RunTime:0.000414s ]
INFO: [ view_filter ] --END-- [ RunTime:0.000511s ]
INFO: [ app_end ] --START--
INFO: Run Behavior\ShowPageTraceBehavior [ RunTime:0.000741s ]
INFO: [ app_end ] --END-- [ RunTime:0.000822s ]

[ 2016-12-18T22:05:09+08:00 ] 127.0.0.1 /Admin-Category-lst.html
INFO: [ app_init ] --START--
INFO: Run Behavior\BuildLiteBehavior [ RunTime:0.000019s ]
INFO: [ app_init ] --END-- [ RunTime:0.000446s ]
INFO: [ app_begin ] --START--
INFO: Run Behavior\ReadHtmlCacheBehavior [ RunTime:0.000688s ]
INFO: [ app_begin ] --END-- [ RunTime:0.000783s ]

[ 2016-12-18T22:05:30+08:00 ] 127.0.0.1 /Admin-Category-lst.html
INFO: [ app_init ] --START--
INFO: Run Behavior\BuildLiteBehavior [ RunTime:0.000020s ]
INFO: [ app_init ] --END-- [ RunTime:0.000509s ]
INFO: [ app_begin ] --START--
INFO: Run Behavior\ReadHtmlCacheBehavior [ RunTime:0.000747s ]
INFO: [ app_begin ] --END-- [ RunTime:0.000838s ]

[ 2016-12-18T22:05:31+08:00 ] 127.0.0.1 /Admin-Category-lst.html
INFO: [ app_init ] --START--
INFO: Run Behavior\BuildLiteBehavior [ RunTime:0.000020s ]
INFO: [ app_init ] --END-- [ RunTime:0.000414s ]
INFO: [ app_begin ] --START--
INFO: Run Behavior\ReadHtmlCacheBehavior [ RunTime:0.000719s ]
INFO: [ app_begin ] --END-- [ RunTime:0.000812s ]

[ 2016-12-18T22:06:09+08:00 ] 127.0.0.1 /Admin-Category-lst.html
INFO: [ app_init ] --START--
INFO: Run Behavior\BuildLiteBehavior [ RunTime:0.000019s ]
INFO: [ app_init ] --END-- [ RunTime:0.000449s ]
INFO: [ app_begin ] --START--
INFO: Run Behavior\ReadHtmlCacheBehavior [ RunTime:0.000636s ]
INFO: [ app_begin ] --END-- [ RunTime:0.000724s ]
SQL: SHOW COLUMNS FROM `e2_category` [ RunTime:0.0025s ]
SQL: SELECT * FROM `e2_category`  [ RunTime:0.0004s ]
INFO: [ view_parse ] --START--
INFO: [ template_filter ] --START--
INFO: Run Behavior\ContentReplaceBehavior [ RunTime:0.000062s ]
INFO: [ template_filter ] --END-- [ RunTime:0.000162s ]
INFO: Run Behavior\ParseTemplateBehavior [ RunTime:0.009572s ]
INFO: [ view_parse ] --END-- [ RunTime:0.009664s ]
INFO: [ view_filter ] --START--
INFO: Run Behavior\WriteHtmlCacheBehavior [ RunTime:0.000424s ]
INFO: [ view_filter ] --END-- [ RunTime:0.000498s ]
INFO: [ app_end ] --START--
INFO: Run Behavior\ShowPageTraceBehavior [ RunTime:0.000706s ]
INFO: [ app_end ] --END-- [ RunTime:0.000786s ]

[ 2016-12-18T22:06:55+08:00 ] 127.0.0.1 /Admin-Category-update-cat_id-5.html
INFO: [ app_init ] --START--
INFO: Run Behavior\BuildLiteBehavior [ RunTime:0.000019s ]
INFO: [ app_init ] --END-- [ RunTime:0.000443s ]
INFO: [ app_begin ] --START--
INFO: Run Behavior\ReadHtmlCacheBehavior [ RunTime:0.000701s ]
INFO: [ app_begin ] --END-- [ RunTime:0.000793s ]
SQL: SHOW COLUMNS FROM `e2_category` [ RunTime:0.0025s ]
SQL: SELECT * FROM `e2_category` WHERE `id` = 5 LIMIT 1   [ RunTime:0.0004s ]
NOTIC: [8] Undefined variable: ids C:\Program Files\Git-2.11.0-64-bit\e2\App\Admin\Controller\CategoryController.class.php 第 73 行.
SQL: SELECT * FROM `e2_category`  [ RunTime:0.0004s ]
INFO: [ view_parse ] --START--
INFO: [ template_filter ] --START--
INFO: Run Behavior\ContentReplaceBehavior [ RunTime:0.000063s ]
INFO: [ template_filter ] --END-- [ RunTime:0.000148s ]
NOTIC: [2] in_array() expects parameter 2 to be array, null given C:\Program Files\Git-2.11.0-64-bit\e2\App\Runtime\Cache\Admin\68cb30d9d0726c038d19a4619deb2d63.php 第 32 行.
NOTIC: [2] in_array() expects parameter 2 to be array, null given C:\Program Files\Git-2.11.0-64-bit\e2\App\Runtime\Cache\Admin\68cb30d9d0726c038d19a4619deb2d63.php 第 32 行.
NOTIC: [2] in_array() expects parameter 2 to be array, null given C:\Program Files\Git-2.11.0-64-bit\e2\App\Runtime\Cache\Admin\68cb30d9d0726c038d19a4619deb2d63.php 第 32 行.
NOTIC: [2] in_array() expects parameter 2 to be array, null given C:\Program Files\Git-2.11.0-64-bit\e2\App\Runtime\Cache\Admin\68cb30d9d0726c038d19a4619deb2d63.php 第 32 行.
NOTIC: [2] in_array() expects parameter 2 to be array, null given C:\Program Files\Git-2.11.0-64-bit\e2\App\Runtime\Cache\Admin\68cb30d9d0726c038d19a4619deb2d63.php 第 32 行.
NOTIC: [2] in_array() expects parameter 2 to be array, null given C:\Program Files\Git-2.11.0-64-bit\e2\App\Runtime\Cache\Admin\68cb30d9d0726c038d19a4619deb2d63.php 第 32 行.
NOTIC: [2] in_array() expects parameter 2 to be array, null given C:\Program Files\Git-2.11.0-64-bit\e2\App\Runtime\Cache\Admin\68cb30d9d0726c038d19a4619deb2d63.php 第 32 行.
INFO: Run Behavior\ParseTemplateBehavior [ RunTime:0.007778s ]
INFO: [ view_parse ] --END-- [ RunTime:0.007865s ]
INFO: [ view_filter ] --START--
INFO: Run Behavior\WriteHtmlCacheBehavior [ RunTime:0.000421s ]
INFO: [ view_filter ] --END-- [ RunTime:0.000492s ]
INFO: [ app_end ] --START--
INFO: Run Behavior\ShowPageTraceBehavior [ RunTime:0.000695s ]
INFO: [ app_end ] --END-- [ RunTime:0.000774s ]

[ 2016-12-18T22:06:59+08:00 ] 127.0.0.1 /Admin-Category-update
INFO: [ app_init ] --START--
INFO: Run Behavior\BuildLiteBehavior [ RunTime:0.000020s ]
INFO: [ app_init ] --END-- [ RunTime:0.000486s ]
INFO: [ app_begin ] --START--
INFO: Run Behavior\ReadHtmlCacheBehavior [ RunTime:0.000595s ]
INFO: [ app_begin ] --END-- [ RunTime:0.000686s ]
SQL: SHOW COLUMNS FROM `e2_category` [ RunTime:0.0027s ]
SQL: SELECT * FROM `e2_category`  [ RunTime:0.0004s ]
SQL: UPDATE `e2_category` SET `cat_name`='1111',`parent_id`='1' WHERE `id` = 5 [ RunTime:0.0004s ]
INFO: [ view_parse ] --START--
INFO: [ template_filter ] --START--
INFO: Run Behavior\ContentReplaceBehavior [ RunTime:0.000053s ]
INFO: [ template_filter ] --END-- [ RunTime:0.000133s ]
INFO: Run Behavior\ParseTemplateBehavior [ RunTime:0.006557s ]
INFO: [ view_parse ] --END-- [ RunTime:0.006677s ]
INFO: [ view_filter ] --START--
INFO: Run Behavior\WriteHtmlCacheBehavior [ RunTime:0.000319s ]
INFO: [ view_filter ] --END-- [ RunTime:0.000390s ]

[ 2016-12-18T22:07:00+08:00 ] 127.0.0.1 /Admin-Category-lst.html
INFO: [ app_init ] --START--
INFO: Run Behavior\BuildLiteBehavior [ RunTime:0.000018s ]
INFO: [ app_init ] --END-- [ RunTime:0.000540s ]
INFO: [ app_begin ] --START--
INFO: Run Behavior\ReadHtmlCacheBehavior [ RunTime:0.000809s ]
INFO: [ app_begin ] --END-- [ RunTime:0.000916s ]
SQL: SHOW COLUMNS FROM `e2_category` [ RunTime:0.0026s ]
SQL: SELECT * FROM `e2_category`  [ RunTime:0.0004s ]
INFO: [ view_parse ] --START--
INFO: [ template_filter ] --START--
INFO: Run Behavior\ContentReplaceBehavior [ RunTime:0.000059s ]
INFO: [ template_filter ] --END-- [ RunTime:0.000139s ]
INFO: Run Behavior\ParseTemplateBehavior [ RunTime:0.008117s ]
INFO: [ view_parse ] --END-- [ RunTime:0.008208s ]
INFO: [ view_filter ] --START--
INFO: Run Behavior\WriteHtmlCacheBehavior [ RunTime:0.000326s ]
INFO: [ view_filter ] --END-- [ RunTime:0.000396s ]
INFO: [ app_end ] --START--
INFO: Run Behavior\ShowPageTraceBehavior [ RunTime:0.000633s ]
INFO: [ app_end ] --END-- [ RunTime:0.000708s ]

[ 2016-12-18T22:07:10+08:00 ] 127.0.0.1 /Admin-Category-update-cat_id-6.html
INFO: [ app_init ] --START--
INFO: Run Behavior\BuildLiteBehavior [ RunTime:0.000020s ]
INFO: [ app_init ] --END-- [ RunTime:0.000460s ]
INFO: [ app_begin ] --START--
INFO: Run Behavior\ReadHtmlCacheBehavior [ RunTime:0.000734s ]
INFO: [ app_begin ] --END-- [ RunTime:0.000833s ]
SQL: SHOW COLUMNS FROM `e2_category` [ RunTime:0.0025s ]
SQL: SELECT * FROM `e2_category` WHERE `id` = 6 LIMIT 1   [ RunTime:0.0004s ]
NOTIC: [8] Undefined variable: ids C:\Program Files\Git-2.11.0-64-bit\e2\App\Admin\Controller\CategoryController.class.php 第 73 行.
SQL: SELECT * FROM `e2_category`  [ RunTime:0.0004s ]
INFO: [ view_parse ] --START--
INFO: [ template_filter ] --START--
INFO: Run Behavior\ContentReplaceBehavior [ RunTime:0.000064s ]
INFO: [ template_filter ] --END-- [ RunTime:0.000151s ]
NOTIC: [2] in_array() expects parameter 2 to be array, null given C:\Program Files\Git-2.11.0-64-bit\e2\App\Runtime\Cache\Admin\68cb30d9d0726c038d19a4619deb2d63.php 第 32 行.
NOTIC: [2] in_array() expects parameter 2 to be array, null given C:\Program Files\Git-2.11.0-64-bit\e2\App\Runtime\Cache\Admin\68cb30d9d0726c038d19a4619deb2d63.php 第 32 行.
NOTIC: [2] in_array() expects parameter 2 to be array, null given C:\Program Files\Git-2.11.0-64-bit\e2\App\Runtime\Cache\Admin\68cb30d9d0726c038d19a4619deb2d63.php 第 32 行.
NOTIC: [2] in_array() expects parameter 2 to be array, null given C:\Program Files\Git-2.11.0-64-bit\e2\App\Runtime\Cache\Admin\68cb30d9d0726c038d19a4619deb2d63.php 第 32 行.
NOTIC: [2] in_array() expects parameter 2 to be array, null given C:\Program Files\Git-2.11.0-64-bit\e2\App\Runtime\Cache\Admin\68cb30d9d0726c038d19a4619deb2d63.php 第 32 行.
NOTIC: [2] in_array() expects parameter 2 to be array, null given C:\Program Files\Git-2.11.0-64-bit\e2\App\Runtime\Cache\Admin\68cb30d9d0726c038d19a4619deb2d63.php 第 32 行.
NOTIC: [2] in_array() expects parameter 2 to be array, null given C:\Program Files\Git-2.11.0-64-bit\e2\App\Runtime\Cache\Admin\68cb30d9d0726c038d19a4619deb2d63.php 第 32 行.
INFO: Run Behavior\ParseTemplateBehavior [ RunTime:0.007818s ]
INFO: [ view_parse ] --END-- [ RunTime:0.007908s ]
INFO: [ view_filter ] --START--
INFO: Run Behavior\WriteHtmlCacheBehavior [ RunTime:0.000427s ]
INFO: [ view_filter ] --END-- [ RunTime:0.000501s ]
INFO: [ app_end ] --START--
INFO: Run Behavior\ShowPageTraceBehavior [ RunTime:0.000720s ]
INFO: [ app_end ] --END-- [ RunTime:0.000797s ]

[ 2016-12-18T22:07:14+08:00 ] 127.0.0.1 /Admin-Category-update
INFO: [ app_init ] --START--
INFO: Run Behavior\BuildLiteBehavior [ RunTime:0.000018s ]
INFO: [ app_init ] --END-- [ RunTime:0.000437s ]
INFO: [ app_begin ] --START--
INFO: Run Behavior\ReadHtmlCacheBehavior [ RunTime:0.000642s ]
INFO: [ app_begin ] --END-- [ RunTime:0.000756s ]
SQL: SHOW COLUMNS FROM `e2_category` [ RunTime:0.0024s ]
SQL: SELECT * FROM `e2_category`  [ RunTime:0.0004s ]
SQL: UPDATE `e2_category` SET `cat_name`='2',`parent_id`='0' WHERE `id` = 6 [ RunTime:0.0004s ]
INFO: [ view_parse ] --START--
INFO: [ template_filter ] --START--
INFO: Run Behavior\ContentReplaceBehavior [ RunTime:0.000055s ]
INFO: [ template_filter ] --END-- [ RunTime:0.000156s ]
INFO: Run Behavior\ParseTemplateBehavior [ RunTime:0.007015s ]
INFO: [ view_parse ] --END-- [ RunTime:0.007162s ]
INFO: [ view_filter ] --START--
INFO: Run Behavior\WriteHtmlCacheBehavior [ RunTime:0.000398s ]
INFO: [ view_filter ] --END-- [ RunTime:0.000473s ]

[ 2016-12-18T22:07:15+08:00 ] 127.0.0.1 /Admin-Category-lst.html
INFO: [ app_init ] --START--
INFO: Run Behavior\BuildLiteBehavior [ RunTime:0.000018s ]
INFO: [ app_init ] --END-- [ RunTime:0.000396s ]
INFO: [ app_begin ] --START--
INFO: Run Behavior\ReadHtmlCacheBehavior [ RunTime:0.000589s ]
INFO: [ app_begin ] --END-- [ RunTime:0.000695s ]
SQL: SHOW COLUMNS FROM `e2_category` [ RunTime:0.0026s ]
SQL: SELECT * FROM `e2_category`  [ RunTime:0.0004s ]
INFO: [ view_parse ] --START--
INFO: [ template_filter ] --START--
INFO: Run Behavior\ContentReplaceBehavior [ RunTime:0.000063s ]
INFO: [ template_filter ] --END-- [ RunTime:0.000153s ]
INFO: Run Behavior\ParseTemplateBehavior [ RunTime:0.008686s ]
INFO: [ view_parse ] --END-- [ RunTime:0.008820s ]
INFO: [ view_filter ] --START--
INFO: Run Behavior\WriteHtmlCacheBehavior [ RunTime:0.000377s ]
INFO: [ view_filter ] --END-- [ RunTime:0.000457s ]
INFO: [ app_end ] --START--
INFO: Run Behavior\ShowPageTraceBehavior [ RunTime:0.000646s ]
INFO: [ app_end ] --END-- [ RunTime:0.000725s ]

[ 2016-12-18T22:07:58+08:00 ] 127.0.0.1 /Admin-Category-update-cat_id-4.html
INFO: [ app_init ] --START--
INFO: Run Behavior\BuildLiteBehavior [ RunTime:0.000019s ]
INFO: [ app_init ] --END-- [ RunTime:0.000402s ]
INFO: [ app_begin ] --START--
INFO: Run Behavior\ReadHtmlCacheBehavior [ RunTime:0.000604s ]
INFO: [ app_begin ] --END-- [ RunTime:0.000690s ]
SQL: SHOW COLUMNS FROM `e2_category` [ RunTime:0.0026s ]
SQL: SELECT * FROM `e2_category` WHERE `id` = 4 LIMIT 1   [ RunTime:0.0004s ]
NOTIC: [8] Undefined variable: ids C:\Program Files\Git-2.11.0-64-bit\e2\App\Admin\Controller\CategoryController.class.php 第 73 行.
SQL: SELECT * FROM `e2_category`  [ RunTime:0.0004s ]
INFO: [ view_parse ] --START--
INFO: [ template_filter ] --START--
INFO: Run Behavior\ContentReplaceBehavior [ RunTime:0.000081s ]
INFO: [ template_filter ] --END-- [ RunTime:0.000170s ]
NOTIC: [2] in_array() expects parameter 2 to be array, null given C:\Program Files\Git-2.11.0-64-bit\e2\App\Runtime\Cache\Admin\68cb30d9d0726c038d19a4619deb2d63.php 第 32 行.
NOTIC: [2] in_array() expects parameter 2 to be array, null given C:\Program Files\Git-2.11.0-64-bit\e2\App\Runtime\Cache\Admin\68cb30d9d0726c038d19a4619deb2d63.php 第 32 行.
NOTIC: [2] in_array() expects parameter 2 to be array, null given C:\Program Files\Git-2.11.0-64-bit\e2\App\Runtime\Cache\Admin\68cb30d9d0726c038d19a4619deb2d63.php 第 32 行.
NOTIC: [2] in_array() expects parameter 2 to be array, null given C:\Program Files\Git-2.11.0-64-bit\e2\App\Runtime\Cache\Admin\68cb30d9d0726c038d19a4619deb2d63.php 第 32 行.
NOTIC: [2] in_array() expects parameter 2 to be array, null given C:\Program Files\Git-2.11.0-64-bit\e2\App\Runtime\Cache\Admin\68cb30d9d0726c038d19a4619deb2d63.php 第 32 行.
NOTIC: [2] in_array() expects parameter 2 to be array, null given C:\Program Files\Git-2.11.0-64-bit\e2\App\Runtime\Cache\Admin\68cb30d9d0726c038d19a4619deb2d63.php 第 32 行.
NOTIC: [2] in_array() expects parameter 2 to be array, null given C:\Program Files\Git-2.11.0-64-bit\e2\App\Runtime\Cache\Admin\68cb30d9d0726c038d19a4619deb2d63.php 第 32 行.
INFO: Run Behavior\ParseTemplateBehavior [ RunTime:0.007850s ]
INFO: [ view_parse ] --END-- [ RunTime:0.007938s ]
INFO: [ view_filter ] --START--
INFO: Run Behavior\WriteHtmlCacheBehavior [ RunTime:0.000353s ]
INFO: [ view_filter ] --END-- [ RunTime:0.000423s ]
INFO: [ app_end ] --START--
INFO: Run Behavior\ShowPageTraceBehavior [ RunTime:0.000652s ]
INFO: [ app_end ] --END-- [ RunTime:0.000728s ]

[ 2016-12-18T22:08:18+08:00 ] 127.0.0.1 /Admin-Category-update
INFO: [ app_init ] --START--
INFO: Run Behavior\BuildLiteBehavior [ RunTime:0.000019s ]
INFO: [ app_init ] --END-- [ RunTime:0.000414s ]
INFO: [ app_begin ] --START--
INFO: Run Behavior\ReadHtmlCacheBehavior [ RunTime:0.000592s ]
INFO: [ app_begin ] --END-- [ RunTime:0.000682s ]
SQL: SHOW COLUMNS FROM `e2_category` [ RunTime:0.0028s ]
SQL: SELECT * FROM `e2_category`  [ RunTime:0.0004s ]
SQL: UPDATE `e2_category` SET `cat_name`='111',`parent_id`='2' WHERE `id` = 4 [ RunTime:0.0004s ]
INFO: [ view_parse ] --START--
INFO: [ template_filter ] --START--
INFO: Run Behavior\ContentReplaceBehavior [ RunTime:0.000067s ]
INFO: [ template_filter ] --END-- [ RunTime:0.000148s ]
INFO: Run Behavior\ParseTemplateBehavior [ RunTime:0.006932s ]
INFO: [ view_parse ] --END-- [ RunTime:0.007034s ]
INFO: [ view_filter ] --START--
INFO: Run Behavior\WriteHtmlCacheBehavior [ RunTime:0.000336s ]
INFO: [ view_filter ] --END-- [ RunTime:0.000406s ]

[ 2016-12-18T22:08:19+08:00 ] 127.0.0.1 /Admin-Category-lst.html
INFO: [ app_init ] --START--
INFO: Run Behavior\BuildLiteBehavior [ RunTime:0.000022s ]
INFO: [ app_init ] --END-- [ RunTime:0.000626s ]
INFO: [ app_begin ] --START--
INFO: Run Behavior\ReadHtmlCacheBehavior [ RunTime:0.000623s ]
INFO: [ app_begin ] --END-- [ RunTime:0.000718s ]
SQL: SHOW COLUMNS FROM `e2_category` [ RunTime:0.0025s ]
SQL: SELECT * FROM `e2_category`  [ RunTime:0.0004s ]
INFO: [ view_parse ] --START--
INFO: [ template_filter ] --START--
INFO: Run Behavior\ContentReplaceBehavior [ RunTime:0.000060s ]
INFO: [ template_filter ] --END-- [ RunTime:0.000140s ]
INFO: Run Behavior\ParseTemplateBehavior [ RunTime:0.008273s ]
INFO: [ view_parse ] --END-- [ RunTime:0.008365s ]
INFO: [ view_filter ] --START--
INFO: Run Behavior\WriteHtmlCacheBehavior [ RunTime:0.000326s ]
INFO: [ view_filter ] --END-- [ RunTime:0.000397s ]
INFO: [ app_end ] --START--
INFO: Run Behavior\ShowPageTraceBehavior [ RunTime:0.000611s ]
INFO: [ app_end ] --END-- [ RunTime:0.000704s ]

[ 2016-12-18T22:14:25+08:00 ] 127.0.0.1 /Admin-Category-update-cat_id-4.html
INFO: [ app_init ] --START--
INFO: Run Behavior\BuildLiteBehavior [ RunTime:0.000019s ]
INFO: [ app_init ] --END-- [ RunTime:0.000472s ]
INFO: [ app_begin ] --START--
INFO: Run Behavior\ReadHtmlCacheBehavior [ RunTime:0.000704s ]
INFO: [ app_begin ] --END-- [ RunTime:0.000795s ]
SQL: SHOW COLUMNS FROM `e2_category` [ RunTime:0.0038s ]
SQL: SELECT * FROM `e2_category` WHERE `id` = 4 LIMIT 1   [ RunTime:0.0004s ]
NOTIC: [8] Undefined variable: ids C:\Program Files\Git-2.11.0-64-bit\e2\App\Admin\Controller\CategoryController.class.php 第 73 行.
SQL: SELECT * FROM `e2_category`  [ RunTime:0.0004s ]
INFO: [ view_parse ] --START--
INFO: [ template_filter ] --START--
INFO: Run Behavior\ContentReplaceBehavior [ RunTime:0.000062s ]
INFO: [ template_filter ] --END-- [ RunTime:0.000168s ]
NOTIC: [2] in_array() expects parameter 2 to be array, null given C:\Program Files\Git-2.11.0-64-bit\e2\App\Runtime\Cache\Admin\68cb30d9d0726c038d19a4619deb2d63.php 第 32 行.
NOTIC: [2] in_array() expects parameter 2 to be array, null given C:\Program Files\Git-2.11.0-64-bit\e2\App\Runtime\Cache\Admin\68cb30d9d0726c038d19a4619deb2d63.php 第 32 行.
NOTIC: [2] in_array() expects parameter 2 to be array, null given C:\Program Files\Git-2.11.0-64-bit\e2\App\Runtime\Cache\Admin\68cb30d9d0726c038d19a4619deb2d63.php 第 32 行.
NOTIC: [2] in_array() expects parameter 2 to be array, null given C:\Program Files\Git-2.11.0-64-bit\e2\App\Runtime\Cache\Admin\68cb30d9d0726c038d19a4619deb2d63.php 第 32 行.
NOTIC: [2] in_array() expects parameter 2 to be array, null given C:\Program Files\Git-2.11.0-64-bit\e2\App\Runtime\Cache\Admin\68cb30d9d0726c038d19a4619deb2d63.php 第 32 行.
NOTIC: [2] in_array() expects parameter 2 to be array, null given C:\Program Files\Git-2.11.0-64-bit\e2\App\Runtime\Cache\Admin\68cb30d9d0726c038d19a4619deb2d63.php 第 32 行.
NOTIC: [2] in_array() expects parameter 2 to be array, null given C:\Program Files\Git-2.11.0-64-bit\e2\App\Runtime\Cache\Admin\68cb30d9d0726c038d19a4619deb2d63.php 第 32 行.
INFO: Run Behavior\ParseTemplateBehavior [ RunTime:0.007662s ]
INFO: [ view_parse ] --END-- [ RunTime:0.007746s ]
INFO: [ view_filter ] --START--
INFO: Run Behavior\WriteHtmlCacheBehavior [ RunTime:0.000461s ]
INFO: [ view_filter ] --END-- [ RunTime:0.000533s ]
INFO: [ app_end ] --START--
INFO: Run Behavior\ShowPageTraceBehavior [ RunTime:0.000680s ]
INFO: [ app_end ] --END-- [ RunTime:0.000783s ]

[ 2016-12-18T22:15:25+08:00 ] 127.0.0.1 /Admin-Category-update
INFO: [ app_init ] --START--
INFO: Run Behavior\BuildLiteBehavior [ RunTime:0.000029s ]
INFO: [ app_init ] --END-- [ RunTime:0.000621s ]
INFO: [ app_begin ] --START--
INFO: Run Behavior\ReadHtmlCacheBehavior [ RunTime:0.000721s ]
INFO: [ app_begin ] --END-- [ RunTime:0.000821s ]
SQL: SHOW COLUMNS FROM `e2_category` [ RunTime:0.0029s ]
SQL: SELECT * FROM `e2_category`  [ RunTime:0.0004s ]
INFO: [ view_parse ] --START--
INFO: [ template_filter ] --START--
INFO: Run Behavior\ContentReplaceBehavior [ RunTime:0.000055s ]
INFO: [ template_filter ] --END-- [ RunTime:0.000180s ]
INFO: Run Behavior\ParseTemplateBehavior [ RunTime:0.007317s ]
INFO: [ view_parse ] --END-- [ RunTime:0.007416s ]
INFO: [ view_filter ] --START--
INFO: Run Behavior\WriteHtmlCacheBehavior [ RunTime:0.000404s ]
INFO: [ view_filter ] --END-- [ RunTime:0.000476s ]

