[ 2017-01-06T14:16:39+08:00 ] 127.0.0.1 /admin-type-LST
INFO: [ app_init ] --START--
INFO: Run Behavior\BuildLiteBehavior [ RunTime:0.000028s ]
INFO: [ app_init ] --END-- [ RunTime:0.070683s ]
INFO: [ app_begin ] --START--
INFO: Run Behavior\ReadHtmlCacheBehavior [ RunTime:0.001368s ]
INFO: [ app_begin ] --END-- [ RunTime:0.001483s ]
SQL: SHOW COLUMNS FROM `e2_type` [ RunTime:0.8786s ]
SQL: SELECT * FROM `e2_type`  [ RunTime:0.0014s ]
INFO: [ view_parse ] --START--
INFO: [ template_filter ] --START--
INFO: Run Behavior\ContentReplaceBehavior [ RunTime:0.000062s ]
INFO: [ template_filter ] --END-- [ RunTime:0.000152s ]
INFO: Run Behavior\ParseTemplateBehavior [ RunTime:0.283960s ]
INFO: [ view_parse ] --END-- [ RunTime:0.284064s ]
INFO: [ view_filter ] --START--
INFO: Run Behavior\WriteHtmlCacheBehavior [ RunTime:0.078876s ]
INFO: [ view_filter ] --END-- [ RunTime:0.078964s ]
INFO: [ app_end ] --START--
INFO: Run Behavior\ShowPageTraceBehavior [ RunTime:0.020512s ]
INFO: [ app_end ] --END-- [ RunTime:0.020611s ]

[ 2017-01-06T17:56:13+08:00 ] 127.0.0.1 /admin-goods-product
INFO: [ app_init ] --START--
INFO: Run Behavior\BuildLiteBehavior [ RunTime:0.000019s ]
INFO: [ app_init ] --END-- [ RunTime:0.000449s ]
INFO: [ app_begin ] --START--
INFO: Run Behavior\ReadHtmlCacheBehavior [ RunTime:0.000751s ]
INFO: [ app_begin ] --END-- [ RunTime:0.000846s ]
NOTIC: [8] Undefined index: id C:\Program Files\Git-2.11.0-64-bit\e2\App\Admin\Controller\GoodsController.class.php 第 63 行.
SQL: SHOW COLUMNS FROM `e2_goods` [ RunTime:0.0596s ]
SQL: select a.*,b.attr_name from e2_goods_attr  a left join e2_attribute  b on a.goods_attr_id = b.id where  
        a.goods_id=0 and a.goods_attr_id in (select  goods_attr_id  from e2_goods_attr  where goods_id=
        0 group by goods_attr_id  having count(*)>1) [ RunTime:0.1007s ]
INFO: [ view_parse ] --START--
INFO: [ template_filter ] --START--
INFO: Run Behavior\ContentReplaceBehavior [ RunTime:0.000066s ]
INFO: [ template_filter ] --END-- [ RunTime:0.000158s ]
INFO: Run Behavior\ParseTemplateBehavior [ RunTime:0.035354s ]
INFO: [ view_parse ] --END-- [ RunTime:0.035475s ]
INFO: [ view_filter ] --START--
INFO: Run Behavior\WriteHtmlCacheBehavior [ RunTime:0.000409s ]
INFO: [ view_filter ] --END-- [ RunTime:0.000484s ]
INFO: [ app_end ] --START--
INFO: Run Behavior\ShowPageTraceBehavior [ RunTime:0.000757s ]
INFO: [ app_end ] --END-- [ RunTime:0.000836s ]

[ 2017-01-06T17:57:45+08:00 ] 127.0.0.1 /admin-goods-product
INFO: [ app_init ] --START--
INFO: Run Behavior\BuildLiteBehavior [ RunTime:0.000020s ]
INFO: [ app_init ] --END-- [ RunTime:0.000448s ]
INFO: [ app_begin ] --START--
INFO: Run Behavior\ReadHtmlCacheBehavior [ RunTime:0.000694s ]
INFO: [ app_begin ] --END-- [ RunTime:0.000784s ]
NOTIC: [8] Undefined index: id C:\Program Files\Git-2.11.0-64-bit\e2\App\Admin\Controller\GoodsController.class.php 第 63 行.
SQL: SHOW COLUMNS FROM `e2_goods` [ RunTime:0.0030s ]
SQL: select a.*,b.attr_name from e2_goods_attr  a left join e2_attribute  b on a.goods_attr_id = b.id where  
        a.goods_id=0 and a.goods_attr_id in (select  goods_attr_id  from e2_goods_attr  where goods_id=
        0 group by goods_attr_id  having count(*)>1) [ RunTime:0.0005s ]
INFO: [ view_parse ] --START--
INFO: [ template_filter ] --START--
INFO: Run Behavior\ContentReplaceBehavior [ RunTime:0.000057s ]
INFO: [ template_filter ] --END-- [ RunTime:0.000140s ]
INFO: Run Behavior\ParseTemplateBehavior [ RunTime:0.007656s ]
INFO: [ view_parse ] --END-- [ RunTime:0.007772s ]
INFO: [ view_filter ] --START--
INFO: Run Behavior\WriteHtmlCacheBehavior [ RunTime:0.000502s ]
INFO: [ view_filter ] --END-- [ RunTime:0.000578s ]
INFO: [ app_end ] --START--
INFO: Run Behavior\ShowPageTraceBehavior [ RunTime:0.000763s ]
INFO: [ app_end ] --END-- [ RunTime:0.000843s ]

[ 2017-01-06T17:57:49+08:00 ] 127.0.0.1 /admin-goods-product
INFO: [ app_init ] --START--
INFO: Run Behavior\BuildLiteBehavior [ RunTime:0.000020s ]
INFO: [ app_init ] --END-- [ RunTime:0.000454s ]
INFO: [ app_begin ] --START--
INFO: Run Behavior\ReadHtmlCacheBehavior [ RunTime:0.000595s ]
INFO: [ app_begin ] --END-- [ RunTime:0.000685s ]
NOTIC: [8] Undefined index: id C:\Program Files\Git-2.11.0-64-bit\e2\App\Admin\Controller\GoodsController.class.php 第 63 行.
SQL: SHOW COLUMNS FROM `e2_goods` [ RunTime:0.0028s ]
SQL: select a.*,b.attr_name from e2_goods_attr  a left join e2_attribute  b on a.goods_attr_id = b.id where  
        a.goods_id=0 and a.goods_attr_id in (select  goods_attr_id  from e2_goods_attr  where goods_id=
        0 group by goods_attr_id  having count(*)>1) [ RunTime:0.0005s ]
INFO: [ view_parse ] --START--
INFO: [ template_filter ] --START--
INFO: Run Behavior\ContentReplaceBehavior [ RunTime:0.000058s ]
INFO: [ template_filter ] --END-- [ RunTime:0.000140s ]
INFO: Run Behavior\ParseTemplateBehavior [ RunTime:0.006998s ]
INFO: [ view_parse ] --END-- [ RunTime:0.007091s ]
INFO: [ view_filter ] --START--
INFO: Run Behavior\WriteHtmlCacheBehavior [ RunTime:0.000298s ]
INFO: [ view_filter ] --END-- [ RunTime:0.000385s ]
INFO: [ app_end ] --START--
INFO: Run Behavior\ShowPageTraceBehavior [ RunTime:0.000596s ]
INFO: [ app_end ] --END-- [ RunTime:0.000670s ]

