[ 2017-01-04T16:23:19+08:00 ] 127.0.0.1 /admin-type-LST
INFO: [ app_init ] --START--
INFO: Run Behavior\BuildLiteBehavior [ RunTime:0.000026s ]
INFO: [ app_init ] --END-- [ RunTime:0.019312s ]
INFO: [ app_begin ] --START--
INFO: Run Behavior\ReadHtmlCacheBehavior [ RunTime:0.001575s ]
INFO: [ app_begin ] --END-- [ RunTime:0.001717s ]
SQL: SHOW COLUMNS FROM `e2_type` [ RunTime:0.2882s ]
SQL: SELECT * FROM `e2_type`  [ RunTime:0.0005s ]
INFO: [ view_parse ] --START--
INFO: [ template_filter ] --START--
INFO: Run Behavior\ContentReplaceBehavior [ RunTime:0.000069s ]
INFO: [ template_filter ] --END-- [ RunTime:0.000161s ]
INFO: Run Behavior\ParseTemplateBehavior [ RunTime:0.222331s ]
INFO: [ view_parse ] --END-- [ RunTime:0.222433s ]
INFO: [ view_filter ] --START--
INFO: Run Behavior\WriteHtmlCacheBehavior [ RunTime:0.005097s ]
INFO: [ view_filter ] --END-- [ RunTime:0.005190s ]
INFO: [ app_end ] --START--
INFO: Run Behavior\ShowPageTraceBehavior [ RunTime:0.058287s ]
INFO: [ app_end ] --END-- [ RunTime:0.058411s ]

