[ 2017-01-02T12:33:34+08:00 ] 127.0.0.1 /app/view/js/jquery-1.4.2.min.js
INFO: [ app_init ] --START--
INFO: Run Behavior\BuildLiteBehavior [ RunTime:0.000021s ]
INFO: [ app_init ] --END-- [ RunTime:0.000568s ]
ERR: 无法加载模块:App/view/js/jquery

[ 2017-01-02T12:33:35+08:00 ] 127.0.0.1 /favicon.ico
INFO: [ app_init ] --START--
INFO: Run Behavior\BuildLiteBehavior [ RunTime:0.000021s ]
INFO: [ app_init ] --END-- [ RunTime:0.000473s ]
ERR: 无法加载模块:Favicon

[ 2017-01-02T19:41:48+08:00 ] 127.0.0.1 /app/view/js/jquery-1.4.2.min.js
INFO: [ app_init ] --START--
INFO: Run Behavior\BuildLiteBehavior [ RunTime:0.000020s ]
INFO: [ app_init ] --END-- [ RunTime:0.000479s ]
ERR: 无法加载模块:App/view/js/jquery

[ 2017-01-02T19:47:51+08:00 ] 127.0.0.1 /app/view/js/jquery-1.4.2.min.js
INFO: [ app_init ] --START--
INFO: Run Behavior\BuildLiteBehavior [ RunTime:0.000028s ]
INFO: [ app_init ] --END-- [ RunTime:0.000426s ]
ERR: 无法加载模块:App/view/js/jquery

[ 2017-01-02T19:52:52+08:00 ] 127.0.0.1 /app/view/js/jquery-1.4.2.min.js
INFO: [ app_init ] --START--
INFO: Run Behavior\BuildLiteBehavior [ RunTime:0.000019s ]
INFO: [ app_init ] --END-- [ RunTime:0.000462s ]
ERR: 无法加载模块:App/view/js/jquery

[ 2017-01-02T19:53:17+08:00 ] 127.0.0.1 /app/view/js/jquery-1.4.2.min.js
INFO: [ app_init ] --START--
INFO: Run Behavior\BuildLiteBehavior [ RunTime:0.000021s ]
INFO: [ app_init ] --END-- [ RunTime:0.000516s ]
ERR: 无法加载模块:App/view/js/jquery

[ 2017-01-02T19:54:42+08:00 ] 127.0.0.1 /app/view/js/jquery-1.4.2.min.js
INFO: [ app_init ] --START--
INFO: Run Behavior\BuildLiteBehavior [ RunTime:0.000019s ]
INFO: [ app_init ] --END-- [ RunTime:0.000407s ]
ERR: 无法加载模块:App/view/js/jquery

[ 2017-01-02T19:55:40+08:00 ] 127.0.0.1 /app/view/js/jquery-1.4.2.min.js
INFO: [ app_init ] --START--
INFO: Run Behavior\BuildLiteBehavior [ RunTime:0.000021s ]
INFO: [ app_init ] --END-- [ RunTime:0.000419s ]
ERR: 无法加载模块:App/view/js/jquery

[ 2017-01-02T19:56:48+08:00 ] 127.0.0.1 /app/view/js/jquery-1.4.2.min.js
INFO: [ app_init ] --START--
INFO: Run Behavior\BuildLiteBehavior [ RunTime:0.000022s ]
INFO: [ app_init ] --END-- [ RunTime:0.000696s ]
ERR: 无法加载模块:App/view/js/jquery

[ 2017-01-02T19:57:00+08:00 ] 127.0.0.1 /app/view/js/jquery-1.4.2.min.js
INFO: [ app_init ] --START--
INFO: Run Behavior\BuildLiteBehavior [ RunTime:0.000021s ]
INFO: [ app_init ] --END-- [ RunTime:0.000416s ]
ERR: 无法加载模块:App/view/js/jquery

[ 2017-01-02T19:58:31+08:00 ] 127.0.0.1 /app/view/js/jquery-1.4.2.min.js
INFO: [ app_init ] --START--
INFO: Run Behavior\BuildLiteBehavior [ RunTime:0.000018s ]
INFO: [ app_init ] --END-- [ RunTime:0.000424s ]
ERR: 无法加载模块:App/view/js/jquery

[ 2017-01-02T19:59:40+08:00 ] 127.0.0.1 /app/view/js/jquery-1.4.2.min.js
INFO: [ app_init ] --START--
INFO: Run Behavior\BuildLiteBehavior [ RunTime:0.000020s ]
INFO: [ app_init ] --END-- [ RunTime:0.000438s ]
ERR: 无法加载模块:App/view/js/jquery

[ 2017-01-02T19:59:41+08:00 ] 127.0.0.1 /app/view/js/jquery-1.4.2.min.js
INFO: [ app_init ] --START--
INFO: Run Behavior\BuildLiteBehavior [ RunTime:0.000019s ]
INFO: [ app_init ] --END-- [ RunTime:0.000425s ]
ERR: 无法加载模块:App/view/js/jquery

[ 2017-01-02T19:59:41+08:00 ] 127.0.0.1 /app/view/js/jquery-1.4.2.min.js
INFO: [ app_init ] --START--
INFO: Run Behavior\BuildLiteBehavior [ RunTime:0.000022s ]
INFO: [ app_init ] --END-- [ RunTime:0.000602s ]
ERR: 无法加载模块:App/view/js/jquery

[ 2017-01-02T19:59:41+08:00 ] 127.0.0.1 /app/view/js/jquery-1.4.2.min.js
INFO: [ app_init ] --START--
INFO: Run Behavior\BuildLiteBehavior [ RunTime:0.000023s ]
INFO: [ app_init ] --END-- [ RunTime:0.000478s ]
ERR: 无法加载模块:App/view/js/jquery

[ 2017-01-02T19:59:41+08:00 ] 127.0.0.1 /app/view/js/jquery-1.4.2.min.js
INFO: [ app_init ] --START--
INFO: Run Behavior\BuildLiteBehavior [ RunTime:0.000019s ]
INFO: [ app_init ] --END-- [ RunTime:0.000425s ]
ERR: 无法加载模块:App/view/js/jquery

[ 2017-01-02T19:59:42+08:00 ] 127.0.0.1 /app/view/js/jquery-1.4.2.min.js
INFO: [ app_init ] --START--
INFO: Run Behavior\BuildLiteBehavior [ RunTime:0.000020s ]
INFO: [ app_init ] --END-- [ RunTime:0.000459s ]
ERR: 无法加载模块:App/view/js/jquery

[ 2017-01-02T19:59:42+08:00 ] 127.0.0.1 /app/view/js/jquery-1.4.2.min.js
INFO: [ app_init ] --START--
INFO: Run Behavior\BuildLiteBehavior [ RunTime:0.000020s ]
INFO: [ app_init ] --END-- [ RunTime:0.000414s ]
ERR: 无法加载模块:App/view/js/jquery

[ 2017-01-02T19:59:42+08:00 ] 127.0.0.1 /app/view/js/jquery-1.4.2.min.js
INFO: [ app_init ] --START--
INFO: Run Behavior\BuildLiteBehavior [ RunTime:0.000019s ]
INFO: [ app_init ] --END-- [ RunTime:0.000418s ]
ERR: 无法加载模块:App/view/js/jquery

[ 2017-01-02T20:09:44+08:00 ] 127.0.0.1 /app/view/js/jquery-1.4.2.min.js
INFO: [ app_init ] --START--
INFO: Run Behavior\BuildLiteBehavior [ RunTime:0.000018s ]
INFO: [ app_init ] --END-- [ RunTime:0.000395s ]
ERR: 无法加载模块:App/view/js/jquery

[ 2017-01-02T20:15:37+08:00 ] 127.0.0.1 /app/view/js/jquery-1.4.2.min.js
INFO: [ app_init ] --START--
INFO: Run Behavior\BuildLiteBehavior [ RunTime:0.000020s ]
INFO: [ app_init ] --END-- [ RunTime:0.000428s ]
ERR: 无法加载模块:App/view/js/jquery

[ 2017-01-02T20:16:56+08:00 ] 127.0.0.1 /app/view/js/jquery-1.4.2.min.js
INFO: [ app_init ] --START--
INFO: Run Behavior\BuildLiteBehavior [ RunTime:0.000023s ]
INFO: [ app_init ] --END-- [ RunTime:0.000582s ]
ERR: 无法加载模块:App/view/js/jquery

